2025-05-20 16:12:43 [main] INFO  c.e.l.LoanPlatformApplication - Starting LoanPlatformApplication using Java 23.0.1 with PID 15476 (C:\Users\beyzanur\OneDrive\Desktop\loan_platform\target\classes started by beyzanur in C:\Users\beyzanur\OneDrive\Desktop\loan_platform)
2025-05-20 16:12:43 [main] DEBUG c.e.l.LoanPlatformApplication - Running with Spring Boot v3.2.0, Spring v6.1.1
2025-05-20 16:12:43 [main] INFO  c.e.l.LoanPlatformApplication - No active profile set, falling back to 1 default profile: "default"
2025-05-20 16:12:52 [main] DEBUG c.e.l.S.JwtAuthenticationFilter - Filter 'jwtAuthenticationFilter' configured for use
2025-05-20 16:12:57 [main] INFO  c.e.l.LoanPlatformApplication - Started LoanPlatformApplication in 15.008 seconds (process running for 17.863)
2025-05-20 16:13:14 [http-nio-9090-exec-1] INFO  c.e.l.Controller.AuthController - Login attempt for user: beyza@example.com
2025-05-20 16:13:14 [http-nio-9090-exec-1] INFO  c.e.l.Service.AuthService - Kullanıcı için giriş:  beyza@example.com
2025-05-20 16:13:14 [http-nio-9090-exec-1] INFO  c.e.l.Service.AuthService - Kimlik doğrulama başarılı: beyza@example.com
2025-05-20 16:13:14 [http-nio-9090-exec-1] DEBUG c.e.l.Service.AuthService - JWT token oluşturuldu: eyJhbGciOiJIUzI1NiJ9.eyJyb2xlIjoiUk9MRV9BRE1JTiIsImlhdCI6MTc0Nzc0Njc5NCwiZXhwIjoxNzQ3NzUwMzk0fQ.WyIWFOWD2XhXxNvZjEC704tfVsGsTtEOPTWTHMfdADo
2025-05-20 16:13:14 [http-nio-9090-exec-1] INFO  c.e.l.Controller.AuthController - Login successful for user: beyza@example.com
2025-05-20 16:20:13 [main] INFO  c.e.l.LoanPlatformApplication - Starting LoanPlatformApplication using Java 23.0.1 with PID 19980 (C:\Users\beyzanur\OneDrive\Desktop\loan_platform\target\classes started by beyzanur in C:\Users\beyzanur\OneDrive\Desktop\loan_platform)
2025-05-20 16:20:13 [main] DEBUG c.e.l.LoanPlatformApplication - Running with Spring Boot v3.2.0, Spring v6.1.1
2025-05-20 16:20:13 [main] INFO  c.e.l.LoanPlatformApplication - No active profile set, falling back to 1 default profile: "default"
2025-05-20 16:20:21 [main] DEBUG c.e.l.S.JwtAuthenticationFilter - Filter 'jwtAuthenticationFilter' configured for use
2025-05-20 16:20:25 [main] INFO  c.e.l.LoanPlatformApplication - Started LoanPlatformApplication in 13.104 seconds (process running for 13.956)
2025-05-20 16:20:42 [http-nio-9090-exec-2] INFO  c.e.l.Controller.AuthController - Login attempt for user: beyza@example.com
2025-05-20 16:20:42 [http-nio-9090-exec-2] INFO  c.e.l.Service.AuthService - Kullanıcı için giriş:  beyza@example.com
2025-05-20 16:20:42 [http-nio-9090-exec-2] INFO  c.e.l.Service.AuthService - Kimlik doğrulama başarılı: beyza@example.com
2025-05-20 16:20:42 [http-nio-9090-exec-2] DEBUG c.e.l.Service.AuthService - JWT token oluşturuldu: eyJhbGciOiJIUzI1NiJ9.eyJyb2xlIjoiUk9MRV9BRE1JTiIsImlhdCI6MTc0Nzc0NzI0MiwiZXhwIjoxNzQ3NzUwODQyfQ.FX0JOvKlhqawz8Oa5nGcR311djzwgcqch8TDG40etl8
2025-05-20 16:20:42 [http-nio-9090-exec-2] INFO  c.e.l.Controller.AuthController - Login successful for user: beyza@example.com
2025-05-20 16:24:14 [main] INFO  c.e.l.LoanPlatformApplication - Starting LoanPlatformApplication using Java 23.0.1 with PID 15664 (C:\Users\beyzanur\OneDrive\Desktop\loan_platform\target\classes started by beyzanur in C:\Users\beyzanur\OneDrive\Desktop\loan_platform)
2025-05-20 16:24:14 [main] DEBUG c.e.l.LoanPlatformApplication - Running with Spring Boot v3.2.0, Spring v6.1.1
2025-05-20 16:24:14 [main] INFO  c.e.l.LoanPlatformApplication - No active profile set, falling back to 1 default profile: "default"
2025-05-20 16:24:20 [main] DEBUG c.e.l.S.JwtAuthenticationFilter - Filter 'jwtAuthenticationFilter' configured for use
2025-05-20 16:24:25 [main] INFO  c.e.l.LoanPlatformApplication - Started LoanPlatformApplication in 12.135 seconds (process running for 12.871)
2025-05-20 16:24:41 [http-nio-9090-exec-1] DEBUG c.e.l.S.JwtAuthenticationFilter - No JWT token found in request
2025-05-20 16:24:41 [http-nio-9090-exec-1] INFO  c.e.l.Service.UsersService - Yeni kullanıcı kaydı başlatıldı: fatihdeneme@example.com
2025-05-20 16:24:42 [http-nio-9090-exec-1] INFO  c.e.l.Service.UsersService - Kullanıcı başarıyla kaydedildi: fatihdeneme@example.com
2025-05-20 16:24:42 [http-nio-9090-exec-1] INFO  c.e.l.Service.AuditLogsService - Kullanıcı işlem kaydediliyor. Kullanıcı ID: 1, Aksiyon: Kullanıcı başarıyla kaydedildi, Hesap Numarası: null
2025-05-20 16:24:42 [http-nio-9090-exec-1] INFO  c.e.l.Service.AuditLogsService - İşlem kaydedildi. Kullanıcı ID: 1, Aksiyon: Kullanıcı başarıyla kaydedildi, Hesap Numarası: null
2025-05-20 16:24:42 [org.springframework.amqp.rabbit.RabbitListenerEndpointContainer#0-1] INFO  c.e.l.Messaging.NotificationConsumer - Yeni bildirim alındı: Kaydınız başarıyla tamamlanmıştır.
2025-05-20 16:24:42 [org.springframework.amqp.rabbit.RabbitListenerEndpointContainer#0-1] INFO  c.e.l.Service.NotificationsService - Bildirim veritabanına kaydedildi: Kullanıcı ID=1
2025-05-20 16:28:29 [main] INFO  c.e.l.LoanPlatformApplication - Starting LoanPlatformApplication using Java 23.0.1 with PID 16488 (C:\Users\beyzanur\OneDrive\Desktop\loan_platform\target\classes started by beyzanur in C:\Users\beyzanur\OneDrive\Desktop\loan_platform)
2025-05-20 16:28:29 [main] DEBUG c.e.l.LoanPlatformApplication - Running with Spring Boot v3.2.0, Spring v6.1.1
2025-05-20 16:28:29 [main] INFO  c.e.l.LoanPlatformApplication - No active profile set, falling back to 1 default profile: "default"
2025-05-20 16:28:37 [main] DEBUG c.e.l.S.JwtAuthenticationFilter - Filter 'jwtAuthenticationFilter' configured for use
2025-05-20 16:28:41 [main] INFO  c.e.l.LoanPlatformApplication - Started LoanPlatformApplication in 13.374 seconds (process running for 14.263)
2025-05-20 16:28:46 [http-nio-9090-exec-1] DEBUG c.e.l.S.JwtAuthenticationFilter - No JWT token found in request
2025-05-20 16:28:46 [http-nio-9090-exec-1] INFO  c.e.l.Service.UsersService - Yeni kullanıcı kaydı başlatıldı: beyza@example.com
2025-05-20 16:28:46 [http-nio-9090-exec-1] INFO  c.e.l.Service.UsersService - Kullanıcı başarıyla kaydedildi: beyza@example.com
2025-05-20 16:28:46 [http-nio-9090-exec-1] INFO  c.e.l.Service.AuditLogsService - Kullanıcı işlem kaydediliyor. Kullanıcı ID: 2, Aksiyon: Kullanıcı başarıyla kaydedildi, Hesap Numarası: null
2025-05-20 16:28:46 [org.springframework.amqp.rabbit.RabbitListenerEndpointContainer#0-1] INFO  c.e.l.Messaging.NotificationConsumer - Yeni bildirim alındı: Kaydınız başarıyla tamamlanmıştır.
2025-05-20 16:28:46 [http-nio-9090-exec-1] INFO  c.e.l.Service.AuditLogsService - İşlem kaydedildi. Kullanıcı ID: 2, Aksiyon: Kullanıcı başarıyla kaydedildi, Hesap Numarası: null
2025-05-20 16:28:46 [org.springframework.amqp.rabbit.RabbitListenerEndpointContainer#0-1] INFO  c.e.l.Service.NotificationsService - Bildirim veritabanına kaydedildi: Kullanıcı ID=2
2025-05-20 16:29:45 [http-nio-9090-exec-2] INFO  c.e.l.Controller.AuthController - Login attempt for user: beyza@example.com
2025-05-20 16:29:45 [http-nio-9090-exec-2] INFO  c.e.l.Service.AuthService - Kullanıcı için giriş:  beyza@example.com
2025-05-20 16:29:45 [http-nio-9090-exec-2] INFO  c.e.l.Service.AuthService - Kimlik doğrulama başarılı: beyza@example.com
2025-05-20 16:29:45 [http-nio-9090-exec-2] DEBUG c.e.l.Service.AuthService - JWT token oluşturuldu: eyJhbGciOiJIUzI1NiJ9.eyJyb2xlIjoiUk9MRV9BRE1JTiIsImlhdCI6MTc0Nzc0Nzc4NSwiZXhwIjoxNzQ3NzUxMzg1fQ.4NJaKOBFh06cbH6AYZQ906XCyiYcbn56rhJnXfYA_tc
2025-05-20 16:29:45 [http-nio-9090-exec-2] INFO  c.e.l.Controller.AuthController - Login successful for user: beyza@example.com
2025-05-20 17:30:19 [main] INFO  c.e.l.LoanPlatformApplication - Starting LoanPlatformApplication using Java 23.0.1 with PID 2100 (C:\Users\beyzanur\OneDrive\Desktop\loan_platform\target\classes started by beyzanur in C:\Users\beyzanur\OneDrive\Desktop\loan_platform)
2025-05-20 17:30:19 [main] DEBUG c.e.l.LoanPlatformApplication - Running with Spring Boot v3.2.0, Spring v6.1.1
2025-05-20 17:30:19 [main] INFO  c.e.l.LoanPlatformApplication - No active profile set, falling back to 1 default profile: "default"
2025-05-20 17:30:27 [main] DEBUG c.e.l.S.JwtAuthenticationFilter - Filter 'jwtAuthenticationFilter' configured for use
2025-05-20 17:30:33 [main] INFO  c.e.l.LoanPlatformApplication - Started LoanPlatformApplication in 15.094 seconds (process running for 16.302)
2025-05-20 17:30:46 [http-nio-9090-exec-1] INFO  c.e.l.Controller.AuthController - Login attempt for user: beyza@example.com
2025-05-20 17:30:46 [http-nio-9090-exec-1] INFO  c.e.l.Service.AuthService - Kullanıcı için giriş:  beyza@example.com
2025-05-20 17:30:46 [http-nio-9090-exec-1] INFO  c.e.l.Service.AuthService - Kimlik doğrulama başarılı: beyza@example.com
2025-05-20 17:30:46 [http-nio-9090-exec-1] DEBUG c.e.l.Service.AuthService - JWT token oluşturuldu: eyJhbGciOiJIUzI1NiJ9.eyJyb2xlIjoiUk9MRV9BRE1JTiIsImlhdCI6MTc0Nzc1MTQ0NiwiZXhwIjoxNzQ3NzU1MDQ2fQ.tHQg99ua9GLpScBHEfwn9y5jhrOMRXRr8X4PUd-_CJc
2025-05-20 17:30:46 [http-nio-9090-exec-1] INFO  c.e.l.Controller.AuthController - Login successful for user: beyza@example.com
2025-05-20 17:32:18 [main] INFO  c.e.l.LoanPlatformApplication - Starting LoanPlatformApplication using Java 23.0.1 with PID 11600 (C:\Users\beyzanur\OneDrive\Desktop\loan_platform\target\classes started by beyzanur in C:\Users\beyzanur\OneDrive\Desktop\loan_platform)
2025-05-20 17:32:18 [main] DEBUG c.e.l.LoanPlatformApplication - Running with Spring Boot v3.2.0, Spring v6.1.1
2025-05-20 17:32:18 [main] INFO  c.e.l.LoanPlatformApplication - No active profile set, falling back to 1 default profile: "default"
2025-05-20 17:32:25 [main] DEBUG c.e.l.S.JwtAuthenticationFilter - Filter 'jwtAuthenticationFilter' configured for use
2025-05-20 17:32:29 [main] INFO  c.e.l.LoanPlatformApplication - Started LoanPlatformApplication in 12.298 seconds (process running for 13.08)
2025-05-20 17:32:37 [http-nio-9090-exec-2] INFO  c.e.l.Controller.AuthController - Login attempt for user: beyza@example.com
2025-05-20 17:32:37 [http-nio-9090-exec-2] INFO  c.e.l.Service.AuthService - Kullanıcı için giriş:  beyza@example.com
2025-05-20 17:32:37 [http-nio-9090-exec-2] INFO  c.e.l.Service.AuthService - Kimlik doğrulama başarılı: beyza@example.com
2025-05-20 17:32:37 [http-nio-9090-exec-2] DEBUG c.e.l.Service.AuthService - JWT token oluşturuldu: eyJhbGciOiJIUzI1NiJ9.eyJyb2xlIjoiUk9MRV9BRE1JTiIsImlhdCI6MTc0Nzc1MTU1NywiZXhwIjoxNzQ3NzU1MTU3fQ.U82AoGB_TheQLohCEe1XqXg8vUTnWgVzE6zlkzBF3W4
2025-05-20 17:32:37 [http-nio-9090-exec-2] INFO  c.e.l.Controller.AuthController - Login successful for user: beyza@example.com
2025-05-20 17:32:48 [http-nio-9090-exec-3] INFO  c.e.l.Service.UsersService - Kullanıcı bilgisi aranıyor: ID=1
2025-05-20 17:36:03 [main] INFO  c.e.l.LoanPlatformApplication - Starting LoanPlatformApplication using Java 23.0.1 with PID 25812 (C:\Users\beyzanur\OneDrive\Desktop\loan_platform\target\classes started by beyzanur in C:\Users\beyzanur\OneDrive\Desktop\loan_platform)
2025-05-20 17:36:03 [main] DEBUG c.e.l.LoanPlatformApplication - Running with Spring Boot v3.2.0, Spring v6.1.1
2025-05-20 17:36:03 [main] INFO  c.e.l.LoanPlatformApplication - No active profile set, falling back to 1 default profile: "default"
2025-05-20 17:36:10 [main] DEBUG c.e.l.S.JwtAuthenticationFilter - Filter 'jwtAuthenticationFilter' configured for use
2025-05-20 17:36:15 [main] INFO  c.e.l.LoanPlatformApplication - Started LoanPlatformApplication in 12.462 seconds (process running for 13.134)
2025-05-20 17:36:33 [http-nio-9090-exec-1] INFO  c.e.l.Controller.AuthController - Login attempt for user: beyza@example.com
2025-05-20 17:36:33 [http-nio-9090-exec-1] INFO  c.e.l.Service.AuthService - Kullanıcı için giriş:  beyza@example.com
2025-05-20 17:36:33 [http-nio-9090-exec-1] INFO  c.e.l.Service.AuthService - Kimlik doğrulama başarılı: beyza@example.com
2025-05-20 17:36:33 [http-nio-9090-exec-1] DEBUG c.e.l.Service.AuthService - JWT token oluşturuldu: eyJhbGciOiJIUzI1NiJ9.eyJyb2xlIjoiUk9MRV9BRE1JTiIsImlhdCI6MTc0Nzc1MTc5MywiZXhwIjoxNzQ3NzU1MzkzfQ.5nwXIsw3j-hrE9PSZ5vx9kLUwo9BxuHfMYZZIhINyM4
2025-05-20 17:36:33 [http-nio-9090-exec-1] INFO  c.e.l.Controller.AuthController - Login successful for user: beyza@example.com
2025-05-20 17:38:31 [main] INFO  c.e.l.LoanPlatformApplication - Starting LoanPlatformApplication using Java 23.0.1 with PID 25320 (C:\Users\beyzanur\OneDrive\Desktop\loan_platform\target\classes started by beyzanur in C:\Users\beyzanur\OneDrive\Desktop\loan_platform)
2025-05-20 17:38:31 [main] DEBUG c.e.l.LoanPlatformApplication - Running with Spring Boot v3.2.0, Spring v6.1.1
2025-05-20 17:38:31 [main] INFO  c.e.l.LoanPlatformApplication - No active profile set, falling back to 1 default profile: "default"
2025-05-20 17:38:38 [main] DEBUG c.e.l.S.JwtAuthenticationFilter - Filter 'jwtAuthenticationFilter' configured for use
2025-05-20 17:38:42 [main] INFO  c.e.l.LoanPlatformApplication - Started LoanPlatformApplication in 12.227 seconds (process running for 12.929)
2025-05-20 17:38:51 [http-nio-9090-exec-3] INFO  c.e.l.Controller.AuthController - Login attempt for user: beyza@example.com
2025-05-20 17:38:51 [http-nio-9090-exec-3] INFO  c.e.l.Service.AuthService - Kullanıcı için giriş:  beyza@example.com
2025-05-20 17:38:51 [http-nio-9090-exec-3] INFO  c.e.l.Service.AuthService - Kimlik doğrulama başarılı: beyza@example.com
2025-05-20 17:38:51 [http-nio-9090-exec-3] DEBUG c.e.l.Service.AuthService - JWT token oluşturuldu: eyJhbGciOiJIUzI1NiJ9.eyJyb2xlIjoiUk9MRV9BRE1JTiIsImlhdCI6MTc0Nzc1MTkzMSwiZXhwIjoxNzQ3NzU1NTMxfQ.Ztut0PHJ4tOyIpmZne5J82xI5ehps2FnB4HTOQU3tqg
2025-05-20 17:38:51 [http-nio-9090-exec-3] INFO  c.e.l.Controller.AuthController - Login successful for user: beyza@example.com
2025-05-20 17:45:20 [main] INFO  c.e.l.LoanPlatformApplication - Starting LoanPlatformApplication using Java 23.0.1 with PID 9632 (C:\Users\beyzanur\OneDrive\Desktop\loan_platform\target\classes started by beyzanur in C:\Users\beyzanur\OneDrive\Desktop\loan_platform)
2025-05-20 17:45:20 [main] DEBUG c.e.l.LoanPlatformApplication - Running with Spring Boot v3.2.0, Spring v6.1.1
2025-05-20 17:45:20 [main] INFO  c.e.l.LoanPlatformApplication - No active profile set, falling back to 1 default profile: "default"
2025-05-20 17:45:29 [main] DEBUG c.e.l.S.JwtAuthenticationFilter - Filter 'jwtAuthenticationFilter' configured for use
2025-05-20 17:45:36 [main] INFO  c.e.l.LoanPlatformApplication - Started LoanPlatformApplication in 17.175 seconds (process running for 17.928)
2025-05-20 17:45:47 [http-nio-9090-exec-1] DEBUG c.e.l.S.JwtAuthenticationFilter - No JWT token found in request
2025-05-20 17:45:52 [http-nio-9090-exec-4] INFO  c.e.l.Controller.AuthController - Login attempt for user: beyza@example.com
2025-05-20 17:45:52 [http-nio-9090-exec-4] INFO  c.e.l.Service.AuthService - Kullanıcı için giriş:  beyza@example.com
2025-05-20 17:45:52 [http-nio-9090-exec-4] INFO  c.e.l.Service.AuthService - Kimlik doğrulama başarılı: beyza@example.com
2025-05-20 17:45:52 [http-nio-9090-exec-4] DEBUG c.e.l.Service.AuthService - JWT token oluşturuldu: eyJhbGciOiJIUzI1NiJ9.eyJyb2xlIjoiUk9MRV9BRE1JTiIsImlhdCI6MTc0Nzc1MjM1MiwiZXhwIjoxNzQ3NzU1OTUyfQ.p6T6yUnjAV0Flv6KuqoBFb0AgpCr0iZ6x5Hx0bBWvbo
2025-05-20 17:45:52 [http-nio-9090-exec-4] INFO  c.e.l.Controller.AuthController - Login successful for user: beyza@example.com
2025-05-20 17:52:47 [main] INFO  c.e.l.LoanPlatformApplication - Starting LoanPlatformApplication using Java 23.0.1 with PID 24612 (C:\Users\beyzanur\OneDrive\Desktop\loan_platform\target\classes started by beyzanur in C:\Users\beyzanur\OneDrive\Desktop\loan_platform)
2025-05-20 17:52:47 [main] DEBUG c.e.l.LoanPlatformApplication - Running with Spring Boot v3.2.0, Spring v6.1.1
2025-05-20 17:52:47 [main] INFO  c.e.l.LoanPlatformApplication - No active profile set, falling back to 1 default profile: "default"
2025-05-20 17:52:54 [main] DEBUG c.e.l.S.JwtAuthenticationFilter - Filter 'jwtAuthenticationFilter' configured for use
2025-05-20 17:52:58 [main] INFO  c.e.l.LoanPlatformApplication - Started LoanPlatformApplication in 12.223 seconds (process running for 13.025)
2025-05-20 17:53:08 [http-nio-9090-exec-2] INFO  c.e.l.Controller.AuthController - Login attempt for user: beyza@example.com
2025-05-20 17:53:08 [http-nio-9090-exec-2] INFO  c.e.l.Service.AuthService - Kullanıcı için giriş:  beyza@example.com
2025-05-20 17:53:08 [http-nio-9090-exec-2] INFO  c.e.l.Service.AuthService - Kimlik doğrulama başarılı: beyza@example.com
2025-05-20 17:53:08 [http-nio-9090-exec-2] DEBUG c.e.l.Service.AuthService - JWT token oluşturuldu: eyJhbGciOiJIUzI1NiJ9.eyJyb2xlIjoiUk9MRV9BRE1JTiIsImlhdCI6MTc0Nzc1Mjc4OCwiZXhwIjoxNzQ3NzU2Mzg4fQ.0q7ZTq3ueooD-iMtI3aSRPqE05v48WIDykcOfZYBX50
2025-05-20 17:53:08 [http-nio-9090-exec-2] INFO  c.e.l.Controller.AuthController - Login successful for user: beyza@example.com
2025-05-20 17:57:16 [main] INFO  c.e.l.LoanPlatformApplication - Starting LoanPlatformApplication using Java 23.0.1 with PID 26928 (C:\Users\beyzanur\OneDrive\Desktop\loan_platform\target\classes started by beyzanur in C:\Users\beyzanur\OneDrive\Desktop\loan_platform)
2025-05-20 17:57:16 [main] DEBUG c.e.l.LoanPlatformApplication - Running with Spring Boot v3.2.0, Spring v6.1.1
2025-05-20 17:57:16 [main] INFO  c.e.l.LoanPlatformApplication - No active profile set, falling back to 1 default profile: "default"
2025-05-20 17:57:23 [main] DEBUG c.e.l.S.JwtAuthenticationFilter - Filter 'jwtAuthenticationFilter' configured for use
2025-05-20 17:57:27 [main] INFO  c.e.l.LoanPlatformApplication - Started LoanPlatformApplication in 12.116 seconds (process running for 12.936)
2025-05-20 17:58:20 [main] INFO  c.e.l.LoanPlatformApplication - Starting LoanPlatformApplication using Java 23.0.1 with PID 13400 (C:\Users\beyzanur\OneDrive\Desktop\loan_platform\target\classes started by beyzanur in C:\Users\beyzanur\OneDrive\Desktop\loan_platform)
2025-05-20 17:58:20 [main] DEBUG c.e.l.LoanPlatformApplication - Running with Spring Boot v3.2.0, Spring v6.1.1
2025-05-20 17:58:20 [main] INFO  c.e.l.LoanPlatformApplication - No active profile set, falling back to 1 default profile: "default"
2025-05-20 17:58:27 [main] DEBUG c.e.l.S.JwtAuthenticationFilter - Filter 'jwtAuthenticationFilter' configured for use
2025-05-20 17:58:31 [main] INFO  c.e.l.LoanPlatformApplication - Started LoanPlatformApplication in 12.035 seconds (process running for 13.11)
2025-05-20 17:58:36 [http-nio-9090-exec-2] INFO  c.e.l.Controller.AuthController - Login attempt for user: beyza@example.com
2025-05-20 17:58:36 [http-nio-9090-exec-2] INFO  c.e.l.Service.AuthService - Kullanıcı için giriş:  beyza@example.com
2025-05-20 17:58:36 [http-nio-9090-exec-2] INFO  c.e.l.Service.AuthService - Kimlik doğrulama başarılı: beyza@example.com
2025-05-20 17:58:36 [http-nio-9090-exec-2] DEBUG c.e.l.Service.AuthService - JWT token oluşturuldu: eyJhbGciOiJIUzI1NiJ9.eyJyb2xlIjoiUk9MRV9BRE1JTiIsImlhdCI6MTc0Nzc1MzExNiwiZXhwIjoxNzQ3NzU2NzE2fQ.-Q5XRJ2HQ8wV5FWzMDOh0UbK6ShCgM8suzmGzjurKAE
2025-05-20 17:58:36 [http-nio-9090-exec-2] INFO  c.e.l.Controller.AuthController - Login successful for user: beyza@example.com
2025-05-20 18:00:12 [main] INFO  c.e.l.LoanPlatformApplication - Starting LoanPlatformApplication using Java 23.0.1 with PID 27484 (C:\Users\beyzanur\OneDrive\Desktop\loan_platform\target\classes started by beyzanur in C:\Users\beyzanur\OneDrive\Desktop\loan_platform)
2025-05-20 18:00:12 [main] DEBUG c.e.l.LoanPlatformApplication - Running with Spring Boot v3.2.0, Spring v6.1.1
2025-05-20 18:00:12 [main] INFO  c.e.l.LoanPlatformApplication - No active profile set, falling back to 1 default profile: "default"
2025-05-20 18:00:19 [main] DEBUG c.e.l.S.JwtAuthenticationFilter - Filter 'jwtAuthenticationFilter' configured for use
2025-05-20 18:00:23 [main] INFO  c.e.l.LoanPlatformApplication - Started LoanPlatformApplication in 11.699 seconds (process running for 12.322)
2025-05-20 18:01:29 [main] INFO  c.e.l.LoanPlatformApplication - Starting LoanPlatformApplication using Java 23.0.1 with PID 3564 (C:\Users\beyzanur\OneDrive\Desktop\loan_platform\target\classes started by beyzanur in C:\Users\beyzanur\OneDrive\Desktop\loan_platform)
2025-05-20 18:01:29 [main] DEBUG c.e.l.LoanPlatformApplication - Running with Spring Boot v3.2.0, Spring v6.1.1
2025-05-20 18:01:29 [main] INFO  c.e.l.LoanPlatformApplication - No active profile set, falling back to 1 default profile: "default"
2025-05-20 18:01:36 [main] DEBUG c.e.l.S.JwtAuthenticationFilter - Filter 'jwtAuthenticationFilter' configured for use
2025-05-20 18:01:40 [main] INFO  c.e.l.LoanPlatformApplication - Started LoanPlatformApplication in 11.712 seconds (process running for 12.449)
2025-05-20 18:05:23 [main] INFO  c.e.l.LoanPlatformApplication - Starting LoanPlatformApplication using Java 23.0.1 with PID 23300 (C:\Users\beyzanur\OneDrive\Desktop\loan_platform\target\classes started by beyzanur in C:\Users\beyzanur\OneDrive\Desktop\loan_platform)
2025-05-20 18:05:23 [main] DEBUG c.e.l.LoanPlatformApplication - Running with Spring Boot v3.2.0, Spring v6.1.1
2025-05-20 18:05:23 [main] INFO  c.e.l.LoanPlatformApplication - No active profile set, falling back to 1 default profile: "default"
2025-05-20 18:05:31 [main] DEBUG c.e.l.S.JwtAuthenticationFilter - Filter 'jwtAuthenticationFilter' configured for use
2025-05-20 18:05:36 [main] INFO  c.e.l.LoanPlatformApplication - Started LoanPlatformApplication in 13.022 seconds (process running for 14.004)
2025-05-20 18:05:43 [http-nio-9090-exec-4] INFO  c.e.l.Controller.AuthController - Login attempt for user: beyza@example.com
2025-05-20 18:05:43 [http-nio-9090-exec-4] INFO  c.e.l.Service.AuthService - Kullanıcı için giriş:  beyza@example.com
2025-05-20 18:05:43 [http-nio-9090-exec-4] INFO  c.e.l.Service.AuthService - Kimlik doğrulama başarılı: beyza@example.com
2025-05-20 18:05:43 [http-nio-9090-exec-4] DEBUG c.e.l.Service.AuthService - JWT token oluşturuldu: eyJhbGciOiJIUzI1NiJ9.eyJyb2xlIjoiUk9MRV9BRE1JTiIsImlhdCI6MTc0Nzc1MzU0MywiZXhwIjoxNzQ3NzU3MTQzfQ.rOr9O4y3MjQbeaUFj0POE38U83QJAjec_Ny5yu-2uDI
2025-05-20 18:05:43 [http-nio-9090-exec-4] INFO  c.e.l.Controller.AuthController - Login successful for user: beyza@example.com
2025-05-20 18:16:11 [main] INFO  c.e.l.LoanPlatformApplication - Starting LoanPlatformApplication using Java 23.0.1 with PID 19232 (C:\Users\beyzanur\OneDrive\Desktop\loan_platform\target\classes started by beyzanur in C:\Users\beyzanur\OneDrive\Desktop\loan_platform)
2025-05-20 18:16:11 [main] DEBUG c.e.l.LoanPlatformApplication - Running with Spring Boot v3.2.0, Spring v6.1.1
2025-05-20 18:16:11 [main] INFO  c.e.l.LoanPlatformApplication - No active profile set, falling back to 1 default profile: "default"
2025-05-20 18:16:19 [main] DEBUG c.e.l.S.JwtAuthenticationFilter - Filter 'jwtAuthenticationFilter' configured for use
2025-05-20 18:16:23 [main] INFO  c.e.l.LoanPlatformApplication - Started LoanPlatformApplication in 13.041 seconds (process running for 13.957)
2025-05-20 18:16:33 [http-nio-9090-exec-2] INFO  c.e.l.Controller.AuthController - Login attempt for user: beyza@example.com
2025-05-20 18:16:33 [http-nio-9090-exec-2] INFO  c.e.l.Service.AuthService - Kullanıcı için giriş:  beyza@example.com
2025-05-20 18:16:33 [http-nio-9090-exec-2] INFO  c.e.l.Service.AuthService - Kimlik doğrulama başarılı: beyza@example.com
2025-05-20 18:16:33 [http-nio-9090-exec-2] DEBUG c.e.l.Service.AuthService - JWT token oluşturuldu: eyJhbGciOiJIUzI1NiJ9.eyJyb2xlIjoiUk9MRV9BRE1JTiIsImlhdCI6MTc0Nzc1NDE5MywiZXhwIjoxNzQ3NzU3NzkzfQ.vhi0HYBZg25MUxXbRsuqqtgW4XoT-IUk82BWedYcD8E
2025-05-20 18:16:33 [http-nio-9090-exec-2] INFO  c.e.l.Controller.AuthController - Login successful for user: beyza@example.com
2025-05-20 18:17:15 [main] INFO  c.e.l.LoanPlatformApplication - Starting LoanPlatformApplication using Java 23.0.1 with PID 24052 (C:\Users\beyzanur\OneDrive\Desktop\loan_platform\target\classes started by beyzanur in C:\Users\beyzanur\OneDrive\Desktop\loan_platform)
2025-05-20 18:17:15 [main] DEBUG c.e.l.LoanPlatformApplication - Running with Spring Boot v3.2.0, Spring v6.1.1
2025-05-20 18:17:15 [main] INFO  c.e.l.LoanPlatformApplication - No active profile set, falling back to 1 default profile: "default"
2025-05-20 18:17:22 [main] DEBUG c.e.l.S.JwtAuthenticationFilter - Filter 'jwtAuthenticationFilter' configured for use
2025-05-20 18:17:26 [main] INFO  c.e.l.LoanPlatformApplication - Started LoanPlatformApplication in 12.035 seconds (process running for 12.822)
2025-05-20 18:17:32 [http-nio-9090-exec-1] INFO  c.e.l.Controller.AuthController - Login attempt for user: beyza@example.com
2025-05-20 18:17:32 [http-nio-9090-exec-1] INFO  c.e.l.Service.AuthService - Kullanıcı için giriş:  beyza@example.com
2025-05-20 18:17:32 [http-nio-9090-exec-1] INFO  c.e.l.Service.AuthService - Kimlik doğrulama başarılı: beyza@example.com
2025-05-20 18:17:32 [http-nio-9090-exec-1] DEBUG c.e.l.Service.AuthService - JWT token oluşturuldu: eyJhbGciOiJIUzI1NiJ9.eyJyb2xlIjoiUk9MRV9BRE1JTiIsImlhdCI6MTc0Nzc1NDI1MiwiZXhwIjoxNzQ3NzU3ODUyfQ.RjWYWOhkXcALawO05LPPGhDoE0G_0_aPaShSZYWHsoc
2025-05-20 18:17:32 [http-nio-9090-exec-1] INFO  c.e.l.Controller.AuthController - Login successful for user: beyza@example.com
2025-05-20 18:48:59 [main] INFO  c.e.l.LoanPlatformApplication - Starting LoanPlatformApplication using Java 23.0.1 with PID 27024 (C:\Users\beyzanur\OneDrive\Desktop\loan_platform\target\classes started by beyzanur in C:\Users\beyzanur\OneDrive\Desktop\loan_platform)
2025-05-20 18:48:59 [main] DEBUG c.e.l.LoanPlatformApplication - Running with Spring Boot v3.2.0, Spring v6.1.1
2025-05-20 18:48:59 [main] INFO  c.e.l.LoanPlatformApplication - No active profile set, falling back to 1 default profile: "default"
2025-05-20 18:49:07 [main] DEBUG c.e.l.S.JwtAuthenticationFilter - Filter 'jwtAuthenticationFilter' configured for use
2025-05-20 18:49:12 [main] INFO  c.e.l.LoanPlatformApplication - Started LoanPlatformApplication in 13.81 seconds (process running for 15.899)
2025-05-20 18:51:26 [main] INFO  c.e.l.LoanPlatformApplication - Starting LoanPlatformApplication using Java 23.0.1 with PID 3416 (C:\Users\beyzanur\OneDrive\Desktop\loan_platform\target\classes started by beyzanur in C:\Users\beyzanur\OneDrive\Desktop\loan_platform)
2025-05-20 18:51:26 [main] DEBUG c.e.l.LoanPlatformApplication - Running with Spring Boot v3.2.0, Spring v6.1.1
2025-05-20 18:51:26 [main] INFO  c.e.l.LoanPlatformApplication - No active profile set, falling back to 1 default profile: "default"
2025-05-20 18:51:33 [main] DEBUG c.e.l.S.JwtAuthenticationFilter - Filter 'jwtAuthenticationFilter' configured for use
2025-05-20 18:51:37 [main] INFO  c.e.l.LoanPlatformApplication - Started LoanPlatformApplication in 11.885 seconds (process running for 12.69)
2025-05-20 18:51:49 [http-nio-9090-exec-2] INFO  c.e.l.Controller.AuthController - Login attempt for user: beyza@example.com
2025-05-20 18:51:49 [http-nio-9090-exec-2] INFO  c.e.l.Service.AuthService - Kullanıcı için giriş:  beyza@example.com
2025-05-20 18:51:49 [http-nio-9090-exec-2] INFO  c.e.l.Service.AuthService - Kimlik doğrulama başarılı: beyza@example.com
2025-05-20 18:51:49 [http-nio-9090-exec-2] DEBUG c.e.l.Service.AuthService - JWT token oluşturuldu: eyJhbGciOiJIUzI1NiJ9.eyJyb2xlIjoiUk9MRV9BRE1JTiIsImlhdCI6MTc0Nzc1NjMwOSwiZXhwIjoxNzQ3NzU5OTA5fQ.cpTsxprYORKqApZi8AXWYMo9m1Nap36yxdpPQLtIqLY
2025-05-20 18:51:49 [http-nio-9090-exec-2] INFO  c.e.l.Controller.AuthController - Login successful for user: beyza@example.com
2025-05-20 18:52:24 [main] INFO  c.e.l.LoanPlatformApplication - Starting LoanPlatformApplication using Java 23.0.1 with PID 25588 (C:\Users\beyzanur\OneDrive\Desktop\loan_platform\target\classes started by beyzanur in C:\Users\beyzanur\OneDrive\Desktop\loan_platform)
2025-05-20 18:52:24 [main] DEBUG c.e.l.LoanPlatformApplication - Running with Spring Boot v3.2.0, Spring v6.1.1
2025-05-20 18:52:24 [main] INFO  c.e.l.LoanPlatformApplication - No active profile set, falling back to 1 default profile: "default"
2025-05-20 18:52:31 [main] DEBUG c.e.l.S.JwtAuthenticationFilter - Filter 'jwtAuthenticationFilter' configured for use
2025-05-20 18:52:35 [main] INFO  c.e.l.LoanPlatformApplication - Started LoanPlatformApplication in 12.258 seconds (process running for 12.994)
2025-05-20 18:52:43 [http-nio-9090-exec-2] INFO  c.e.l.Controller.AuthController - Login attempt for user: beyza@example.com
2025-05-20 18:52:43 [http-nio-9090-exec-2] INFO  c.e.l.Service.AuthService - Kullanıcı için giriş:  beyza@example.com
2025-05-20 18:52:43 [http-nio-9090-exec-2] INFO  c.e.l.Service.AuthService - Kimlik doğrulama başarılı: beyza@example.com
2025-05-20 18:52:43 [http-nio-9090-exec-2] DEBUG c.e.l.Service.AuthService - JWT token oluşturuldu: eyJhbGciOiJIUzI1NiJ9.eyJyb2xlIjoiUk9MRV9BRE1JTiIsImlhdCI6MTc0Nzc1NjM2MywiZXhwIjoxNzQ3NzU5OTYzfQ.Ec8WPWjuFkh6f9PP4YC3Lf3dOmyHklPVrP2sK1ABeKI
2025-05-20 18:52:43 [http-nio-9090-exec-2] INFO  c.e.l.Controller.AuthController - Login successful for user: beyza@example.com
2025-05-20 18:53:51 [main] INFO  c.e.l.LoanPlatformApplication - Starting LoanPlatformApplication using Java 23.0.1 with PID 22616 (C:\Users\beyzanur\OneDrive\Desktop\loan_platform\target\classes started by beyzanur in C:\Users\beyzanur\OneDrive\Desktop\loan_platform)
2025-05-20 18:53:51 [main] DEBUG c.e.l.LoanPlatformApplication - Running with Spring Boot v3.2.0, Spring v6.1.1
2025-05-20 18:53:51 [main] INFO  c.e.l.LoanPlatformApplication - No active profile set, falling back to 1 default profile: "default"
2025-05-20 18:53:59 [main] DEBUG c.e.l.S.JwtAuthenticationFilter - Filter 'jwtAuthenticationFilter' configured for use
2025-05-20 18:54:05 [main] INFO  c.e.l.LoanPlatformApplication - Started LoanPlatformApplication in 14.096 seconds (process running for 15.065)
2025-05-20 18:54:34 [http-nio-9090-exec-1] INFO  c.e.l.Controller.AuthController - Login attempt for user: beyza@example.com
2025-05-20 18:54:34 [http-nio-9090-exec-1] INFO  c.e.l.Service.AuthService - Kullanıcı için giriş:  beyza@example.com
2025-05-20 18:54:35 [http-nio-9090-exec-1] INFO  c.e.l.Service.AuthService - Kimlik doğrulama başarılı: beyza@example.com
2025-05-20 18:54:35 [http-nio-9090-exec-1] DEBUG c.e.l.Service.AuthService - JWT token oluşturuldu: eyJhbGciOiJIUzI1NiJ9.eyJyb2xlIjoiUk9MRV9BRE1JTiIsImlhdCI6MTc0Nzc1NjQ3NSwiZXhwIjoxNzQ3NzYwMDc1fQ.NF4uekriRue78wp6BnkjqQTSsDqd3FrM3Xk1tEI0UBk
2025-05-20 18:54:35 [http-nio-9090-exec-1] INFO  c.e.l.Controller.AuthController - Login successful for user: beyza@example.com
2025-05-20 18:56:07 [main] INFO  c.e.l.LoanPlatformApplication - Starting LoanPlatformApplication using Java 23.0.1 with PID 25596 (C:\Users\beyzanur\OneDrive\Desktop\loan_platform\target\classes started by beyzanur in C:\Users\beyzanur\OneDrive\Desktop\loan_platform)
2025-05-20 18:56:07 [main] DEBUG c.e.l.LoanPlatformApplication - Running with Spring Boot v3.2.0, Spring v6.1.1
2025-05-20 18:56:07 [main] INFO  c.e.l.LoanPlatformApplication - No active profile set, falling back to 1 default profile: "default"
2025-05-20 18:56:14 [main] DEBUG c.e.l.S.JwtAuthenticationFilter - Filter 'jwtAuthenticationFilter' configured for use
2025-05-20 18:56:19 [main] INFO  c.e.l.LoanPlatformApplication - Started LoanPlatformApplication in 13.065 seconds (process running for 13.926)
2025-05-20 18:56:25 [http-nio-9090-exec-1] INFO  c.e.l.Controller.AuthController - Login attempt for user: beyza@example.com
2025-05-20 18:56:25 [http-nio-9090-exec-1] INFO  c.e.l.Service.AuthService - Kullanıcı için giriş:  beyza@example.com
2025-05-20 18:56:25 [http-nio-9090-exec-1] INFO  c.e.l.Service.AuthService - Kimlik doğrulama başarılı: beyza@example.com
2025-05-20 18:56:25 [http-nio-9090-exec-1] DEBUG c.e.l.Service.AuthService - JWT token oluşturuldu: eyJhbGciOiJIUzI1NiJ9.eyJyb2xlIjoiUk9MRV9BRE1JTiIsImlhdCI6MTc0Nzc1NjU4NSwiZXhwIjoxNzQ3NzYwMTg1fQ.R5kZsesg75qWmzJw-LP_l9oCI0DTjkhDCoX9OYya58I
2025-05-20 18:56:25 [http-nio-9090-exec-1] INFO  c.e.l.Controller.AuthController - Login successful for user: beyza@example.com
2025-05-20 19:01:36 [main] INFO  c.e.l.LoanPlatformApplication - Starting LoanPlatformApplication using Java 23.0.1 with PID 26716 (C:\Users\beyzanur\OneDrive\Desktop\loan_platform\target\classes started by beyzanur in C:\Users\beyzanur\OneDrive\Desktop\loan_platform)
2025-05-20 19:01:36 [main] DEBUG c.e.l.LoanPlatformApplication - Running with Spring Boot v3.2.0, Spring v6.1.1
2025-05-20 19:01:36 [main] INFO  c.e.l.LoanPlatformApplication - No active profile set, falling back to 1 default profile: "default"
2025-05-20 19:01:44 [main] DEBUG c.e.l.S.JwtAuthenticationFilter - Filter 'jwtAuthenticationFilter' configured for use
2025-05-20 19:01:49 [main] INFO  c.e.l.LoanPlatformApplication - Started LoanPlatformApplication in 13.789 seconds (process running for 14.859)
2025-05-20 19:01:58 [http-nio-9090-exec-2] INFO  c.e.l.Controller.AuthController - Login attempt for user: beyza@example.com
2025-05-20 19:01:58 [http-nio-9090-exec-2] INFO  c.e.l.Service.AuthService - Kullanıcı için giriş:  beyza@example.com
2025-05-20 19:01:58 [http-nio-9090-exec-2] INFO  c.e.l.Service.AuthService - Kimlik doğrulama başarılı: beyza@example.com
2025-05-20 19:01:58 [http-nio-9090-exec-2] DEBUG c.e.l.Service.AuthService - JWT token oluşturuldu: eyJhbGciOiJIUzI1NiJ9.eyJyb2xlIjoiUk9MRV9BRE1JTiIsImlhdCI6MTc0Nzc1NjkxOCwiZXhwIjoxNzQ3NzYwNTE4fQ.5DAeimzavdj3CDB1O-3n8_mn42P7ub63jra45fh-1ks
2025-05-20 19:01:58 [http-nio-9090-exec-2] INFO  c.e.l.Controller.AuthController - Login successful for user: beyza@example.com
2025-05-20 19:08:02 [main] INFO  c.e.l.LoanPlatformApplication - Starting LoanPlatformApplication using Java 23.0.1 with PID 25576 (C:\Users\beyzanur\OneDrive\Desktop\loan_platform\target\classes started by beyzanur in C:\Users\beyzanur\OneDrive\Desktop\loan_platform)
2025-05-20 19:08:02 [main] DEBUG c.e.l.LoanPlatformApplication - Running with Spring Boot v3.2.0, Spring v6.1.1
2025-05-20 19:08:02 [main] INFO  c.e.l.LoanPlatformApplication - No active profile set, falling back to 1 default profile: "default"
2025-05-20 19:08:10 [main] DEBUG c.e.l.S.JwtAuthenticationFilter - Filter 'jwtAuthenticationFilter' configured for use
2025-05-20 19:08:15 [main] INFO  c.e.l.LoanPlatformApplication - Started LoanPlatformApplication in 14.094 seconds (process running for 15.029)
2025-05-20 19:08:46 [main] INFO  c.e.l.LoanPlatformApplication - Starting LoanPlatformApplication using Java 23.0.1 with PID 27500 (C:\Users\beyzanur\OneDrive\Desktop\loan_platform\target\classes started by beyzanur in C:\Users\beyzanur\OneDrive\Desktop\loan_platform)
2025-05-20 19:08:46 [main] DEBUG c.e.l.LoanPlatformApplication - Running with Spring Boot v3.2.0, Spring v6.1.1
2025-05-20 19:08:46 [main] INFO  c.e.l.LoanPlatformApplication - No active profile set, falling back to 1 default profile: "default"
2025-05-20 19:08:53 [main] DEBUG c.e.l.S.JwtAuthenticationFilter - Filter 'jwtAuthenticationFilter' configured for use
2025-05-20 19:08:58 [main] INFO  c.e.l.LoanPlatformApplication - Started LoanPlatformApplication in 13.173 seconds (process running for 14.062)
2025-05-20 19:18:38 [main] INFO  c.e.l.LoanPlatformApplication - Starting LoanPlatformApplication using Java 23.0.1 with PID 24880 (C:\Users\beyzanur\OneDrive\Desktop\loan_platform\target\classes started by beyzanur in C:\Users\beyzanur\OneDrive\Desktop\loan_platform)
2025-05-20 19:18:38 [main] DEBUG c.e.l.LoanPlatformApplication - Running with Spring Boot v3.2.0, Spring v6.1.1
2025-05-20 19:18:38 [main] INFO  c.e.l.LoanPlatformApplication - No active profile set, falling back to 1 default profile: "default"
2025-05-20 19:18:46 [main] DEBUG c.e.l.S.JwtAuthenticationFilter - Filter 'jwtAuthenticationFilter' configured for use
2025-05-20 19:18:51 [main] INFO  c.e.l.LoanPlatformApplication - Started LoanPlatformApplication in 13.729 seconds (process running for 14.708)
2025-05-20 19:19:00 [http-nio-9090-exec-1] INFO  c.e.l.Controller.AuthController - Login attempt for user: beyza@example.com
2025-05-20 19:19:00 [http-nio-9090-exec-1] INFO  c.e.l.Service.AuthService - Kullanıcı için giriş:  beyza@example.com
2025-05-20 19:19:01 [http-nio-9090-exec-1] INFO  c.e.l.Service.AuthService - Kimlik doğrulama başarılı: beyza@example.com
2025-05-20 19:19:01 [http-nio-9090-exec-1] DEBUG c.e.l.Service.AuthService - JWT token oluşturuldu: eyJhbGciOiJIUzI1NiJ9.eyJyb2xlIjoiUk9MRV9BRE1JTiIsImlhdCI6MTc0Nzc1Nzk0MSwiZXhwIjoxNzQ3NzYxNTQxfQ.QzCspPQQkISZVDIRUexuyATyATQDWhDZwFifamPF8Zc
2025-05-20 19:19:01 [http-nio-9090-exec-1] INFO  c.e.l.Controller.AuthController - Login successful for user: beyza@example.com
2025-05-20 19:22:06 [main] INFO  c.e.l.LoanPlatformApplication - Starting LoanPlatformApplication using Java 23.0.1 with PID 14816 (C:\Users\beyzanur\OneDrive\Desktop\loan_platform\target\classes started by beyzanur in C:\Users\beyzanur\OneDrive\Desktop\loan_platform)
2025-05-20 19:22:06 [main] DEBUG c.e.l.LoanPlatformApplication - Running with Spring Boot v3.2.0, Spring v6.1.1
2025-05-20 19:22:06 [main] INFO  c.e.l.LoanPlatformApplication - No active profile set, falling back to 1 default profile: "default"
2025-05-20 19:22:14 [main] DEBUG c.e.l.S.JwtAuthenticationFilter - Filter 'jwtAuthenticationFilter' configured for use
2025-05-20 19:22:19 [main] INFO  c.e.l.LoanPlatformApplication - Started LoanPlatformApplication in 13.597 seconds (process running for 14.595)
2025-05-20 19:31:36 [main] INFO  c.e.l.LoanPlatformApplication - Starting LoanPlatformApplication using Java 23.0.1 with PID 11496 (C:\Users\beyzanur\OneDrive\Desktop\loan_platform\target\classes started by beyzanur in C:\Users\beyzanur\OneDrive\Desktop\loan_platform)
2025-05-20 19:31:36 [main] DEBUG c.e.l.LoanPlatformApplication - Running with Spring Boot v3.2.0, Spring v6.1.1
2025-05-20 19:31:36 [main] INFO  c.e.l.LoanPlatformApplication - No active profile set, falling back to 1 default profile: "default"
2025-05-20 19:31:44 [main] DEBUG c.e.l.S.JwtAuthenticationFilter - Filter 'jwtAuthenticationFilter' configured for use
2025-05-20 19:31:48 [main] INFO  c.e.l.LoanPlatformApplication - Started LoanPlatformApplication in 13.377 seconds (process running for 14.337)
2025-05-20 19:32:17 [http-nio-9090-exec-2] INFO  c.e.l.Controller.AuthController - Login attempt for user: beyza@example.com
2025-05-20 19:32:17 [http-nio-9090-exec-2] INFO  c.e.l.Service.AuthService - Kullanıcı için giriş:  beyza@example.com
2025-05-20 19:32:18 [http-nio-9090-exec-2] INFO  c.e.l.Service.AuthService - Kimlik doğrulama başarılı: beyza@example.com
2025-05-20 19:32:18 [http-nio-9090-exec-2] DEBUG c.e.l.Service.AuthService - JWT token oluşturuldu: eyJhbGciOiJIUzI1NiJ9.eyJyb2xlIjoiUk9MRV9BRE1JTiIsImlhdCI6MTc0Nzc1ODczOCwiZXhwIjoxNzQ3NzYyMzM4fQ.TlAVI2rDYRLu08cEuLqDXVr_KNIstHYaTUr42KWgCc4
2025-05-20 19:32:18 [http-nio-9090-exec-2] INFO  c.e.l.Controller.AuthController - Login successful for user: beyza@example.com
2025-05-20 19:38:10 [main] INFO  c.e.l.LoanPlatformApplication - Starting LoanPlatformApplication using Java 23.0.1 with PID 9472 (C:\Users\beyzanur\OneDrive\Desktop\loan_platform\target\classes started by beyzanur in C:\Users\beyzanur\OneDrive\Desktop\loan_platform)
2025-05-20 19:38:10 [main] DEBUG c.e.l.LoanPlatformApplication - Running with Spring Boot v3.2.0, Spring v6.1.1
2025-05-20 19:38:10 [main] INFO  c.e.l.LoanPlatformApplication - No active profile set, falling back to 1 default profile: "default"
2025-05-20 19:38:17 [main] DEBUG c.e.l.S.JwtAuthenticationFilter - Filter 'jwtAuthenticationFilter' configured for use
2025-05-20 19:38:22 [main] INFO  c.e.l.LoanPlatformApplication - Started LoanPlatformApplication in 13.201 seconds (process running for 14.198)
2025-05-20 19:38:31 [http-nio-9090-exec-2] INFO  c.e.l.Controller.AuthController - Login attempt for user: beyza@example.com
2025-05-20 19:38:31 [http-nio-9090-exec-2] INFO  c.e.l.Service.AuthService - Kullanıcı için giriş:  beyza@example.com
2025-05-20 19:38:31 [http-nio-9090-exec-2] INFO  c.e.l.Service.AuthService - Kimlik doğrulama başarılı: beyza@example.com
2025-05-20 19:38:31 [http-nio-9090-exec-2] DEBUG c.e.l.Service.AuthService - JWT token oluşturuldu: eyJhbGciOiJIUzI1NiJ9.eyJyb2xlIjoiUk9MRV9BRE1JTiIsImlhdCI6MTc0Nzc1OTExMSwiZXhwIjoxNzQ3NzYyNzExfQ.nqKMjZ1TsZAwyrhbv0H8IL5hW3MSmgIE0tHBpQGOzBA
2025-05-20 19:38:31 [http-nio-9090-exec-2] INFO  c.e.l.Controller.AuthController - Login successful for user: beyza@example.com
2025-05-20 19:39:14 [main] INFO  c.e.l.LoanPlatformApplication - Starting LoanPlatformApplication using Java 23.0.1 with PID 20336 (C:\Users\beyzanur\OneDrive\Desktop\loan_platform\target\classes started by beyzanur in C:\Users\beyzanur\OneDrive\Desktop\loan_platform)
2025-05-20 19:39:14 [main] DEBUG c.e.l.LoanPlatformApplication - Running with Spring Boot v3.2.0, Spring v6.1.1
2025-05-20 19:39:14 [main] INFO  c.e.l.LoanPlatformApplication - No active profile set, falling back to 1 default profile: "default"
2025-05-20 19:39:22 [main] DEBUG c.e.l.S.JwtAuthenticationFilter - Filter 'jwtAuthenticationFilter' configured for use
2025-05-20 19:39:27 [main] INFO  c.e.l.LoanPlatformApplication - Started LoanPlatformApplication in 14.139 seconds (process running for 14.956)
2025-05-20 19:39:37 [http-nio-9090-exec-1] INFO  c.e.l.Controller.AuthController - Login attempt for user: beyza@example.com
2025-05-20 19:39:37 [http-nio-9090-exec-1] INFO  c.e.l.Service.AuthService - Kullanıcı için giriş:  beyza@example.com
2025-05-20 19:39:37 [http-nio-9090-exec-1] INFO  c.e.l.Service.AuthService - Kimlik doğrulama başarılı: beyza@example.com
2025-05-20 19:39:37 [http-nio-9090-exec-1] DEBUG c.e.l.Service.AuthService - JWT token oluşturuldu: eyJhbGciOiJIUzI1NiJ9.eyJyb2xlIjoiUk9MRV9BRE1JTiIsImlhdCI6MTc0Nzc1OTE3NywiZXhwIjoxNzQ3NzYyNzc3fQ.PcLKxOiUN0uyGG5rbuC8ViM6cKktXELLVoNkPECL5TU
2025-05-20 19:39:37 [http-nio-9090-exec-1] INFO  c.e.l.Controller.AuthController - Login successful for user: beyza@example.com
2025-05-20 19:39:47 [http-nio-9090-exec-3] INFO  c.e.l.Service.UsersService - Kullanıcı bilgisi aranıyor: ID=1
2025-05-20 19:39:47 [http-nio-9090-exec-3] INFO  c.e.l.Service.UsersService - Kullanıcı bilgisi getirildi (ID=1)
2025-05-20 19:40:17 [main] INFO  c.e.l.LoanPlatformApplication - Starting LoanPlatformApplication using Java 23.0.1 with PID 27416 (C:\Users\beyzanur\OneDrive\Desktop\loan_platform\target\classes started by beyzanur in C:\Users\beyzanur\OneDrive\Desktop\loan_platform)
2025-05-20 19:40:17 [main] DEBUG c.e.l.LoanPlatformApplication - Running with Spring Boot v3.2.0, Spring v6.1.1
2025-05-20 19:40:17 [main] INFO  c.e.l.LoanPlatformApplication - No active profile set, falling back to 1 default profile: "default"
2025-05-20 19:40:24 [main] DEBUG c.e.l.S.JwtAuthenticationFilter - Filter 'jwtAuthenticationFilter' configured for use
2025-05-20 19:40:28 [main] INFO  c.e.l.LoanPlatformApplication - Started LoanPlatformApplication in 12.092 seconds (process running for 12.964)
2025-05-20 19:40:38 [http-nio-9090-exec-1] INFO  c.e.l.Controller.AuthController - Login attempt for user: beyza@example.com
2025-05-20 19:40:38 [http-nio-9090-exec-1] INFO  c.e.l.Service.AuthService - Kullanıcı için giriş:  beyza@example.com
2025-05-20 19:40:38 [http-nio-9090-exec-1] INFO  c.e.l.Service.AuthService - Kimlik doğrulama başarılı: beyza@example.com
2025-05-20 19:40:38 [http-nio-9090-exec-1] DEBUG c.e.l.Service.AuthService - JWT token oluşturuldu: eyJhbGciOiJIUzI1NiJ9.eyJyb2xlIjoiUk9MRV9BRE1JTiIsImlhdCI6MTc0Nzc1OTIzOCwiZXhwIjoxNzQ3NzYyODM4fQ.AXc-ZX-9UvpoaJ5CfYjufKjrC61aR7j_ZHCHELjb-pU
2025-05-20 19:40:38 [http-nio-9090-exec-1] INFO  c.e.l.Controller.AuthController - Login successful for user: beyza@example.com
2025-05-20 21:08:39 [main] INFO  c.e.l.LoanPlatformApplication - Starting LoanPlatformApplication using Java 23.0.1 with PID 8996 (C:\Users\beyzanur\OneDrive\Desktop\loan_platform\target\classes started by beyzanur in C:\Users\beyzanur\OneDrive\Desktop\loan_platform)
2025-05-20 21:08:39 [main] DEBUG c.e.l.LoanPlatformApplication - Running with Spring Boot v3.2.0, Spring v6.1.1
2025-05-20 21:08:39 [main] INFO  c.e.l.LoanPlatformApplication - No active profile set, falling back to 1 default profile: "default"
2025-05-20 21:08:46 [main] DEBUG c.e.l.S.JwtAuthenticationFilter - Filter 'jwtAuthenticationFilter' configured for use
2025-05-20 21:08:51 [main] INFO  c.e.l.LoanPlatformApplication - Started LoanPlatformApplication in 13.641 seconds (process running for 14.673)
2025-05-20 21:09:02 [http-nio-9090-exec-2] INFO  c.e.l.Controller.AuthController - Login attempt for user: beyza@example.com
2025-05-20 21:09:02 [http-nio-9090-exec-2] INFO  c.e.l.Service.AuthService - Kullanıcı için giriş:  beyza@example.com
2025-05-20 21:09:02 [http-nio-9090-exec-2] INFO  c.e.l.Service.AuthService - Kimlik doğrulama başarılı: beyza@example.com
2025-05-20 21:09:02 [http-nio-9090-exec-2] DEBUG c.e.l.Service.AuthService - JWT token oluşturuldu: eyJhbGciOiJIUzI1NiJ9.eyJyb2xlIjoiUk9MRV9BRE1JTiIsImlhdCI6MTc0Nzc2NDU0MiwiZXhwIjoxNzQ3NzY4MTQyfQ.NaP-zfbDaviQUpaR887oEkmU_TlPdCmHmMcDD2Bm8Po
2025-05-20 21:09:02 [http-nio-9090-exec-2] INFO  c.e.l.Controller.AuthController - Login successful for user: beyza@example.com
2025-05-20 21:15:10 [main] INFO  c.e.l.LoanPlatformApplication - Starting LoanPlatformApplication using Java 23.0.1 with PID 5652 (C:\Users\beyzanur\OneDrive\Desktop\loan_platform\target\classes started by beyzanur in C:\Users\beyzanur\OneDrive\Desktop\loan_platform)
2025-05-20 21:15:10 [main] DEBUG c.e.l.LoanPlatformApplication - Running with Spring Boot v3.2.0, Spring v6.1.1
2025-05-20 21:15:10 [main] INFO  c.e.l.LoanPlatformApplication - No active profile set, falling back to 1 default profile: "default"
2025-05-20 21:15:18 [main] DEBUG c.e.l.S.JwtAuthenticationFilter - Filter 'jwtAuthenticationFilter' configured for use
2025-05-20 21:15:23 [main] INFO  c.e.l.LoanPlatformApplication - Started LoanPlatformApplication in 13.358 seconds (process running for 14.353)
2025-05-20 21:15:55 [main] INFO  c.e.l.LoanPlatformApplication - Starting LoanPlatformApplication using Java 23.0.1 with PID 27008 (C:\Users\beyzanur\OneDrive\Desktop\loan_platform\target\classes started by beyzanur in C:\Users\beyzanur\OneDrive\Desktop\loan_platform)
2025-05-20 21:15:55 [main] DEBUG c.e.l.LoanPlatformApplication - Running with Spring Boot v3.2.0, Spring v6.1.1
2025-05-20 21:15:55 [main] INFO  c.e.l.LoanPlatformApplication - No active profile set, falling back to 1 default profile: "default"
2025-05-20 21:16:02 [main] DEBUG c.e.l.S.JwtAuthenticationFilter - Filter 'jwtAuthenticationFilter' configured for use
2025-05-20 21:16:08 [main] INFO  c.e.l.LoanPlatformApplication - Started LoanPlatformApplication in 13.592 seconds (process running for 14.406)
2025-05-20 21:16:15 [http-nio-9090-exec-1] INFO  c.e.l.Controller.AuthController - Login attempt for user: beyza@example.com
2025-05-20 21:16:15 [http-nio-9090-exec-1] INFO  c.e.l.Service.AuthService - Kullanıcı için giriş:  beyza@example.com
2025-05-20 21:16:15 [http-nio-9090-exec-1] INFO  c.e.l.Service.AuthService - Kimlik doğrulama başarılı: beyza@example.com
2025-05-20 21:16:15 [http-nio-9090-exec-1] DEBUG c.e.l.Service.AuthService - JWT token oluşturuldu: eyJhbGciOiJIUzI1NiJ9.eyJyb2xlIjoiUk9MRV9BRE1JTiIsImlhdCI6MTc0Nzc2NDk3NSwiZXhwIjoxNzQ3NzY4NTc1fQ.6QpOe5pmmoxjIblUlDvyjaFnNsF_XSc9QgT7ptH6YuI
2025-05-20 21:16:15 [http-nio-9090-exec-1] INFO  c.e.l.Controller.AuthController - Login successful for user: beyza@example.com
2025-05-20 21:23:12 [main] INFO  c.e.l.LoanPlatformApplication - Starting LoanPlatformApplication using Java 23.0.1 with PID 18016 (C:\Users\beyzanur\OneDrive\Desktop\loan_platform\target\classes started by beyzanur in C:\Users\beyzanur\OneDrive\Desktop\loan_platform)
2025-05-20 21:23:12 [main] DEBUG c.e.l.LoanPlatformApplication - Running with Spring Boot v3.2.0, Spring v6.1.1
2025-05-20 21:23:12 [main] INFO  c.e.l.LoanPlatformApplication - No active profile set, falling back to 1 default profile: "default"
2025-05-20 21:23:20 [main] DEBUG c.e.l.S.JwtAuthenticationFilter - Filter 'jwtAuthenticationFilter' configured for use
2025-05-20 21:23:25 [main] INFO  c.e.l.LoanPlatformApplication - Started LoanPlatformApplication in 13.257 seconds (process running for 14.366)
2025-05-20 21:23:32 [http-nio-9090-exec-1] INFO  c.e.l.Controller.AuthController - Login attempt for user: beyza@example.com
2025-05-20 21:23:32 [http-nio-9090-exec-1] INFO  c.e.l.Service.AuthService - Kullanıcı için giriş:  beyza@example.com
2025-05-20 21:23:32 [http-nio-9090-exec-1] INFO  c.e.l.Service.AuthService - Kimlik doğrulama başarılı: beyza@example.com
2025-05-20 21:23:32 [http-nio-9090-exec-1] DEBUG c.e.l.Service.AuthService - JWT token oluşturuldu: eyJhbGciOiJIUzI1NiJ9.eyJyb2xlIjoiUk9MRV9BRE1JTiIsImlhdCI6MTc0Nzc2NTQxMiwiZXhwIjoxNzQ3NzY5MDEyfQ.fG_2FBtWV9ZI3Gyn0PM2uHKd85lJM5FNVXID2RIscMQ
2025-05-20 21:23:32 [http-nio-9090-exec-1] INFO  c.e.l.Controller.AuthController - Login successful for user: beyza@example.com
2025-05-20 21:27:07 [main] INFO  c.e.l.LoanPlatformApplication - Starting LoanPlatformApplication using Java 23.0.1 with PID 9088 (C:\Users\beyzanur\OneDrive\Desktop\loan_platform\target\classes started by beyzanur in C:\Users\beyzanur\OneDrive\Desktop\loan_platform)
2025-05-20 21:27:07 [main] DEBUG c.e.l.LoanPlatformApplication - Running with Spring Boot v3.2.0, Spring v6.1.1
2025-05-20 21:27:07 [main] INFO  c.e.l.LoanPlatformApplication - No active profile set, falling back to 1 default profile: "default"
2025-05-20 21:27:15 [main] DEBUG c.e.l.S.JwtAuthenticationFilter - Filter 'jwtAuthenticationFilter' configured for use
2025-05-20 21:27:19 [main] INFO  c.e.l.LoanPlatformApplication - Started LoanPlatformApplication in 12.772 seconds (process running for 13.583)
2025-05-20 21:27:27 [http-nio-9090-exec-2] INFO  c.e.l.Controller.AuthController - Login attempt for user: beyza@example.com
2025-05-20 21:27:27 [http-nio-9090-exec-2] INFO  c.e.l.Service.AuthService - Kullanıcı için giriş:  beyza@example.com
2025-05-20 21:27:27 [http-nio-9090-exec-2] INFO  c.e.l.Service.AuthService - Kimlik doğrulama başarılı: beyza@example.com
2025-05-20 21:27:27 [http-nio-9090-exec-2] DEBUG c.e.l.Service.AuthService - JWT token oluşturuldu: eyJhbGciOiJIUzI1NiJ9.eyJyb2xlIjoiUk9MRV9BRE1JTiIsImlhdCI6MTc0Nzc2NTY0NywiZXhwIjoxNzQ3NzY5MjQ3fQ.1N4_BzECKRyYjFGC3Ks6iaGkqfuS6pFQWp5DOCzy_9I
2025-05-20 21:27:27 [http-nio-9090-exec-2] INFO  c.e.l.Controller.AuthController - Login successful for user: beyza@example.com
2025-05-20 21:37:17 [main] INFO  c.e.l.LoanPlatformApplication - Starting LoanPlatformApplication using Java 23.0.1 with PID 24748 (C:\Users\beyzanur\OneDrive\Desktop\loan_platform\target\classes started by beyzanur in C:\Users\beyzanur\OneDrive\Desktop\loan_platform)
2025-05-20 21:37:17 [main] DEBUG c.e.l.LoanPlatformApplication - Running with Spring Boot v3.2.0, Spring v6.1.1
2025-05-20 21:37:17 [main] INFO  c.e.l.LoanPlatformApplication - No active profile set, falling back to 1 default profile: "default"
2025-05-20 21:37:25 [main] DEBUG c.e.l.S.JwtAuthenticationFilter - Filter 'jwtAuthenticationFilter' configured for use
2025-05-20 21:37:29 [main] INFO  c.e.l.LoanPlatformApplication - Started LoanPlatformApplication in 12.876 seconds (process running for 14.673)
2025-05-20 21:43:06 [main] INFO  c.e.l.LoanPlatformApplication - Starting LoanPlatformApplication using Java 23.0.1 with PID 24124 (C:\Users\beyzanur\OneDrive\Desktop\loan_platform\target\classes started by beyzanur in C:\Users\beyzanur\OneDrive\Desktop\loan_platform)
2025-05-20 21:43:06 [main] DEBUG c.e.l.LoanPlatformApplication - Running with Spring Boot v3.2.0, Spring v6.1.1
2025-05-20 21:43:06 [main] INFO  c.e.l.LoanPlatformApplication - No active profile set, falling back to 1 default profile: "default"
2025-05-20 21:43:13 [main] DEBUG c.e.l.S.JwtAuthenticationFilter - Filter 'jwtAuthenticationFilter' configured for use
2025-05-20 21:43:18 [main] INFO  c.e.l.LoanPlatformApplication - Started LoanPlatformApplication in 12.427 seconds (process running for 13.309)
2025-05-20 21:44:57 [main] INFO  c.e.l.LoanPlatformApplication - Starting LoanPlatformApplication using Java 23.0.1 with PID 13772 (C:\Users\beyzanur\OneDrive\Desktop\loan_platform\target\classes started by beyzanur in C:\Users\beyzanur\OneDrive\Desktop\loan_platform)
2025-05-20 21:44:57 [main] DEBUG c.e.l.LoanPlatformApplication - Running with Spring Boot v3.2.0, Spring v6.1.1
2025-05-20 21:44:57 [main] INFO  c.e.l.LoanPlatformApplication - No active profile set, falling back to 1 default profile: "default"
2025-05-20 21:45:04 [main] DEBUG c.e.l.S.JwtAuthenticationFilter - Filter 'jwtAuthenticationFilter' configured for use
2025-05-20 21:45:08 [main] INFO  c.e.l.LoanPlatformApplication - Started LoanPlatformApplication in 11.761 seconds (process running for 12.56)
2025-05-20 21:46:31 [main] INFO  c.e.l.LoanPlatformApplication - Starting LoanPlatformApplication using Java 23.0.1 with PID 580 (C:\Users\beyzanur\OneDrive\Desktop\loan_platform\target\classes started by beyzanur in C:\Users\beyzanur\OneDrive\Desktop\loan_platform)
2025-05-20 21:46:31 [main] DEBUG c.e.l.LoanPlatformApplication - Running with Spring Boot v3.2.0, Spring v6.1.1
2025-05-20 21:46:31 [main] INFO  c.e.l.LoanPlatformApplication - No active profile set, falling back to 1 default profile: "default"
2025-05-20 21:46:37 [main] DEBUG c.e.l.S.JwtAuthenticationFilter - Filter 'jwtAuthenticationFilter' configured for use
2025-05-20 21:46:41 [main] INFO  c.e.l.LoanPlatformApplication - Started LoanPlatformApplication in 10.984 seconds (process running for 11.675)
2025-05-20 21:47:18 [main] INFO  c.e.l.LoanPlatformApplication - Starting LoanPlatformApplication using Java 23.0.1 with PID 15104 (C:\Users\beyzanur\OneDrive\Desktop\loan_platform\target\classes started by beyzanur in C:\Users\beyzanur\OneDrive\Desktop\loan_platform)
2025-05-20 21:47:18 [main] DEBUG c.e.l.LoanPlatformApplication - Running with Spring Boot v3.2.0, Spring v6.1.1
2025-05-20 21:47:18 [main] INFO  c.e.l.LoanPlatformApplication - No active profile set, falling back to 1 default profile: "default"
2025-05-20 21:47:24 [main] DEBUG c.e.l.S.JwtAuthenticationFilter - Filter 'jwtAuthenticationFilter' configured for use
2025-05-20 21:47:29 [main] INFO  c.e.l.LoanPlatformApplication - Started LoanPlatformApplication in 11.803 seconds (process running for 12.686)
2025-05-20 21:47:32 [http-nio-9090-exec-2] INFO  c.e.l.Controller.AuthController - Login attempt for user: beyza@example.com
2025-05-20 21:47:32 [http-nio-9090-exec-2] INFO  c.e.l.Service.AuthService - Kullanıcı için giriş:  beyza@example.com
2025-05-20 21:47:32 [http-nio-9090-exec-2] INFO  c.e.l.Service.AuthService - Kimlik doğrulama başarılı: beyza@example.com
2025-05-20 21:47:32 [http-nio-9090-exec-2] DEBUG c.e.l.Service.AuthService - JWT token oluşturuldu: eyJhbGciOiJIUzI1NiJ9.eyJyb2xlIjoiUk9MRV9BRE1JTiIsImlhdCI6MTc0Nzc2Njg1MiwiZXhwIjoxNzQ3NzcwNDUyfQ.9Rld6DVL3PQSHkXlXi1rojx0ZYGZ69gBg1REOh2XuRU
2025-05-20 21:47:32 [http-nio-9090-exec-2] INFO  c.e.l.Controller.AuthController - Login successful for user: beyza@example.com
2025-05-20 21:48:02 [main] INFO  c.e.l.LoanPlatformApplication - Starting LoanPlatformApplication using Java 23.0.1 with PID 28108 (C:\Users\beyzanur\OneDrive\Desktop\loan_platform\target\classes started by beyzanur in C:\Users\beyzanur\OneDrive\Desktop\loan_platform)
2025-05-20 21:48:02 [main] DEBUG c.e.l.LoanPlatformApplication - Running with Spring Boot v3.2.0, Spring v6.1.1
2025-05-20 21:48:02 [main] INFO  c.e.l.LoanPlatformApplication - No active profile set, falling back to 1 default profile: "default"
2025-05-20 21:48:09 [main] DEBUG c.e.l.S.JwtAuthenticationFilter - Filter 'jwtAuthenticationFilter' configured for use
2025-05-20 21:48:15 [main] INFO  c.e.l.LoanPlatformApplication - Started LoanPlatformApplication in 13.77 seconds (process running for 14.396)
2025-05-20 21:48:38 [main] INFO  c.e.l.LoanPlatformApplication - Starting LoanPlatformApplication using Java 23.0.1 with PID 4600 (C:\Users\beyzanur\OneDrive\Desktop\loan_platform\target\classes started by beyzanur in C:\Users\beyzanur\OneDrive\Desktop\loan_platform)
2025-05-20 21:48:38 [main] DEBUG c.e.l.LoanPlatformApplication - Running with Spring Boot v3.2.0, Spring v6.1.1
2025-05-20 21:48:38 [main] INFO  c.e.l.LoanPlatformApplication - No active profile set, falling back to 1 default profile: "default"
2025-05-20 21:48:46 [main] DEBUG c.e.l.S.JwtAuthenticationFilter - Filter 'jwtAuthenticationFilter' configured for use
2025-05-20 21:48:51 [main] INFO  c.e.l.LoanPlatformApplication - Started LoanPlatformApplication in 12.782 seconds (process running for 13.533)
