2025-05-21 00:14:31 [http-nio-9090-exec-1] INFO  c.e.l.Controller.AuthController - Login attempt for userId: beyza@example.com
2025-05-21 00:14:31 [http-nio-9090-exec-1] INFO  c.e.l.Service.AuthService - Kullanıcı için giriş:  beyza@example.com
2025-05-21 00:14:32 [http-nio-9090-exec-1] INFO  c.e.l.Service.AuthService - Kimlik doğrulama başarılı: beyza@example.com
2025-05-21 00:14:32 [http-nio-9090-exec-1] DEBUG c.e.l.Service.AuthService - JWT token oluşturuldu: eyJhbGciOiJIUzI1NiJ9.eyJyb2xlIjoiUk9MRV9BRE1JTiIsImlhdCI6MTc0Nzc3NTY3MiwiZXhwIjoxNzQ3Nzc5MjcyfQ.dE9ctmYYpjRB9zB-dwiKxkh4jx7jGYsZTyQ04t1jQ1E
2025-05-21 00:14:32 [http-nio-9090-exec-1] INFO  c.e.l.Controller.AuthController - Login successful for userId: beyza@example.com
2025-05-21 00:14:56 [http-nio-9090-exec-3] INFO  c.e.l.Service.UsersService - Kullanıcı sorgulanıyor (Email=fat***@example.com)
2025-05-21 00:14:56 [http-nio-9090-exec-3] INFO  c.e.l.Service.UsersService - Kullanıcı bilgisi getirildi (ID=1)
2025-05-21 00:17:12 [main] INFO  c.e.l.LoanPlatformApplication - Starting LoanPlatformApplication using Java 23.0.1 with PID 1616 (C:\Users\beyzanur\OneDrive\Desktop\loan_platform\target\classes started by beyzanur in C:\Users\beyzanur\OneDrive\Desktop\loan_platform)
2025-05-21 00:17:12 [main] DEBUG c.e.l.LoanPlatformApplication - Running with Spring Boot v3.2.0, Spring v6.1.1
2025-05-21 00:17:12 [main] INFO  c.e.l.LoanPlatformApplication - No active profile set, falling back to 1 default profile: "default"
2025-05-21 00:17:22 [main] DEBUG c.e.l.S.JwtAuthenticationFilter - Filter 'jwtAuthenticationFilter' configured for use
2025-05-21 00:17:29 [main] INFO  c.e.l.LoanPlatformApplication - Started LoanPlatformApplication in 17.34 seconds (process running for 18.621)
2025-05-21 00:17:53 [main] INFO  c.e.l.LoanPlatformApplication - Starting LoanPlatformApplication using Java 23.0.1 with PID 2080 (C:\Users\beyzanur\OneDrive\Desktop\loan_platform\target\classes started by beyzanur in C:\Users\beyzanur\OneDrive\Desktop\loan_platform)
2025-05-21 00:17:53 [main] DEBUG c.e.l.LoanPlatformApplication - Running with Spring Boot v3.2.0, Spring v6.1.1
2025-05-21 00:17:53 [main] INFO  c.e.l.LoanPlatformApplication - No active profile set, falling back to 1 default profile: "default"
2025-05-21 00:18:00 [main] DEBUG c.e.l.S.JwtAuthenticationFilter - Filter 'jwtAuthenticationFilter' configured for use
2025-05-21 00:18:04 [main] INFO  c.e.l.LoanPlatformApplication - Started LoanPlatformApplication in 11.744 seconds (process running for 12.44)
2025-05-21 00:18:18 [http-nio-9090-exec-1] INFO  c.e.l.Controller.AuthController - Login attempt for userId: beyza@example.com
2025-05-21 00:18:18 [http-nio-9090-exec-1] INFO  c.e.l.Service.AuthService - Kullanıcı için giriş:  beyza@example.com
2025-05-21 00:18:18 [http-nio-9090-exec-1] INFO  c.e.l.Service.AuthService - Kimlik doğrulama başarılı: beyza@example.com
2025-05-21 00:18:18 [http-nio-9090-exec-1] DEBUG c.e.l.Service.AuthService - JWT token oluşturuldu: eyJhbGciOiJIUzI1NiJ9.eyJyb2xlIjoiUk9MRV9BRE1JTiIsImlhdCI6MTc0Nzc3NTg5OCwiZXhwIjoxNzQ3Nzc5NDk4fQ.PBe0nyL0HCwQfk8eLYLboyj9Fp6mv8nD3gT2kmt9tBc
2025-05-21 00:18:18 [http-nio-9090-exec-1] INFO  c.e.l.Controller.AuthController - Login successful for userId: beyza@example.com
2025-05-21 00:19:21 [main] INFO  c.e.l.LoanPlatformApplication - Starting LoanPlatformApplication using Java 23.0.1 with PID 9432 (C:\Users\beyzanur\OneDrive\Desktop\loan_platform\target\classes started by beyzanur in C:\Users\beyzanur\OneDrive\Desktop\loan_platform)
2025-05-21 00:19:21 [main] DEBUG c.e.l.LoanPlatformApplication - Running with Spring Boot v3.2.0, Spring v6.1.1
2025-05-21 00:19:21 [main] INFO  c.e.l.LoanPlatformApplication - No active profile set, falling back to 1 default profile: "default"
2025-05-21 00:19:29 [main] DEBUG c.e.l.S.JwtAuthenticationFilter - Filter 'jwtAuthenticationFilter' configured for use
2025-05-21 00:19:33 [main] INFO  c.e.l.LoanPlatformApplication - Started LoanPlatformApplication in 13.357 seconds (process running for 14.19)
2025-05-21 00:19:44 [http-nio-9090-exec-1] INFO  c.e.l.Controller.AuthController - Login attempt for userId: beyza@example.com
2025-05-21 00:19:44 [http-nio-9090-exec-1] INFO  c.e.l.Service.AuthService - Kullanıcı için giriş:  beyza@example.com
2025-05-21 00:19:44 [http-nio-9090-exec-1] INFO  c.e.l.Service.AuthService - Kimlik doğrulama başarılı: beyza@example.com
2025-05-21 00:19:45 [http-nio-9090-exec-1] DEBUG c.e.l.Service.AuthService - JWT token oluşturuldu: eyJhbGciOiJIUzI1NiJ9.eyJyb2xlIjoiUk9MRV9BRE1JTiIsImlhdCI6MTc0Nzc3NTk4NCwiZXhwIjoxNzQ3Nzc5NTg0fQ.iAIRgGJODPno8-QR4VMQztTE4FhID14o7H9XQZapLf0
2025-05-21 00:19:45 [http-nio-9090-exec-1] INFO  c.e.l.Controller.AuthController - Login successful for userId: beyza@example.com
2025-05-21 00:25:27 [main] INFO  c.e.l.LoanPlatformApplication - Starting LoanPlatformApplication using Java 23.0.1 with PID 16264 (C:\Users\beyzanur\OneDrive\Desktop\loan_platform\target\classes started by beyzanur in C:\Users\beyzanur\OneDrive\Desktop\loan_platform)
2025-05-21 00:25:27 [main] DEBUG c.e.l.LoanPlatformApplication - Running with Spring Boot v3.2.0, Spring v6.1.1
2025-05-21 00:25:27 [main] INFO  c.e.l.LoanPlatformApplication - No active profile set, falling back to 1 default profile: "default"
2025-05-21 00:25:35 [main] DEBUG c.e.l.S.JwtAuthenticationFilter - Filter 'jwtAuthenticationFilter' configured for use
2025-05-21 00:25:39 [main] INFO  c.e.l.LoanPlatformApplication - Started LoanPlatformApplication in 13.704 seconds (process running for 14.633)
2025-05-21 00:29:50 [main] INFO  c.e.l.LoanPlatformApplication - Starting LoanPlatformApplication using Java 23.0.1 with PID 27304 (C:\Users\beyzanur\OneDrive\Desktop\loan_platform\target\classes started by beyzanur in C:\Users\beyzanur\OneDrive\Desktop\loan_platform)
2025-05-21 00:29:50 [main] DEBUG c.e.l.LoanPlatformApplication - Running with Spring Boot v3.2.0, Spring v6.1.1
2025-05-21 00:29:50 [main] INFO  c.e.l.LoanPlatformApplication - No active profile set, falling back to 1 default profile: "default"
2025-05-21 00:29:57 [main] DEBUG c.e.l.S.JwtAuthenticationFilter - Filter 'jwtAuthenticationFilter' configured for use
2025-05-21 00:30:02 [main] INFO  c.e.l.LoanPlatformApplication - Started LoanPlatformApplication in 12.743 seconds (process running for 13.515)
2025-05-21 00:30:07 [http-nio-9090-exec-1] INFO  c.e.l.Controller.AuthController - Login attempt for userId: beyza@example.com
2025-05-21 00:30:07 [http-nio-9090-exec-1] INFO  c.e.l.Service.AuthService - Kullanıcı için giriş:  beyza@example.com
2025-05-21 00:30:07 [http-nio-9090-exec-1] INFO  c.e.l.Service.AuthService - Kimlik doğrulama başarılı: beyza@example.com
2025-05-21 00:30:07 [http-nio-9090-exec-1] DEBUG c.e.l.Service.AuthService - JWT token oluşturuldu: eyJhbGciOiJIUzI1NiJ9.eyJyb2xlIjoiUk9MRV9BRE1JTiIsImlhdCI6MTc0Nzc3NjYwNywiZXhwIjoxNzQ3NzgwMjA3fQ.lbzG8n2uiRF37is-LX9ymEaTv9sNaidNX4EiuywJ6Zw
2025-05-21 00:30:07 [http-nio-9090-exec-1] INFO  c.e.l.Controller.AuthController - Login successful for userId: beyza@example.com
2025-05-21 00:30:19 [http-nio-9090-exec-3] INFO  c.e.l.Service.UsersService - Kullanıcı sorgulanıyor (Email=fat***@example.com)
2025-05-21 00:30:19 [http-nio-9090-exec-3] INFO  c.e.l.Service.UsersService - Kullanıcı bilgisi getirildi (ID=1)
2025-05-21 00:30:27 [http-nio-9090-exec-2] INFO  c.e.l.Service.UsersService - Kullanıcı bilgisi aranıyor: ID=1
2025-05-21 00:30:27 [http-nio-9090-exec-2] INFO  c.e.l.Service.UsersService - Kullanıcı bilgisi getirildi (ID=1)
2025-05-21 00:32:00 [main] INFO  c.e.l.LoanPlatformApplication - Starting LoanPlatformApplication using Java 23.0.1 with PID 24976 (C:\Users\beyzanur\OneDrive\Desktop\loan_platform\target\classes started by beyzanur in C:\Users\beyzanur\OneDrive\Desktop\loan_platform)
2025-05-21 00:32:00 [main] DEBUG c.e.l.LoanPlatformApplication - Running with Spring Boot v3.2.0, Spring v6.1.1
2025-05-21 00:32:00 [main] INFO  c.e.l.LoanPlatformApplication - No active profile set, falling back to 1 default profile: "default"
2025-05-21 00:32:07 [main] DEBUG c.e.l.S.JwtAuthenticationFilter - Filter 'jwtAuthenticationFilter' configured for use
2025-05-21 00:32:11 [main] INFO  c.e.l.LoanPlatformApplication - Started LoanPlatformApplication in 11.497 seconds (process running for 12.344)
2025-05-21 00:38:57 [http-nio-9090-exec-1] INFO  c.e.l.Controller.AuthController - Login attempt for userId: beyza@example.com
2025-05-21 00:38:57 [http-nio-9090-exec-1] INFO  c.e.l.Service.AuthService - Kullanıcı için giriş:  beyza@example.com
2025-05-21 00:38:58 [http-nio-9090-exec-1] INFO  c.e.l.Service.AuthService - Kimlik doğrulama başarılı: beyza@example.com
2025-05-21 00:38:58 [http-nio-9090-exec-1] DEBUG c.e.l.Service.AuthService - JWT token oluşturuldu: eyJhbGciOiJIUzI1NiJ9.eyJyb2xlIjoiUk9MRV9BRE1JTiIsImlhdCI6MTc0Nzc3NzEzOCwiZXhwIjoxNzQ3NzgwNzM4fQ.Edu55P4BuCrcdbVRPMfZLcZwA-zaTnETMaObwF_L5rw
2025-05-21 00:38:58 [http-nio-9090-exec-1] INFO  c.e.l.Controller.AuthController - Login successful for userId: beyza@example.com
2025-05-21 00:57:32 [main] INFO  c.e.l.LoanPlatformApplication - Starting LoanPlatformApplication using Java 23.0.1 with PID 5852 (C:\Users\beyzanur\OneDrive\Desktop\loan_platform\target\classes started by beyzanur in C:\Users\beyzanur\OneDrive\Desktop\loan_platform)
2025-05-21 00:57:32 [main] DEBUG c.e.l.LoanPlatformApplication - Running with Spring Boot v3.2.0, Spring v6.1.1
2025-05-21 00:57:32 [main] INFO  c.e.l.LoanPlatformApplication - No active profile set, falling back to 1 default profile: "default"
2025-05-21 00:57:40 [main] DEBUG c.e.l.S.JwtAuthenticationFilter - Filter 'jwtAuthenticationFilter' configured for use
2025-05-21 00:57:46 [main] INFO  c.e.l.LoanPlatformApplication - Started LoanPlatformApplication in 15.612 seconds (process running for 16.548)
2025-05-21 00:57:55 [http-nio-9090-exec-2] INFO  c.e.l.Controller.AuthController - Login attempt for userId: beyza@example.com
2025-05-21 00:57:55 [http-nio-9090-exec-2] INFO  c.e.l.Service.AuthService - Kullanıcı için giriş:  beyza@example.com
2025-05-21 00:57:55 [http-nio-9090-exec-2] INFO  c.e.l.Service.AuthService - Kimlik doğrulama başarılı: beyza@example.com
2025-05-21 00:57:55 [http-nio-9090-exec-2] DEBUG c.e.l.Service.AuthService - JWT token oluşturuldu: eyJhbGciOiJIUzI1NiJ9.eyJyb2xlIjoiUk9MRV9BRE1JTiIsImlhdCI6MTc0Nzc3ODI3NSwiZXhwIjoxNzQ3NzgxODc1fQ.LRJJrP8l-eUqJ7KpFiPQFG4pzvIdpJccMYRqGuX6nwA
2025-05-21 00:57:55 [http-nio-9090-exec-2] INFO  c.e.l.Controller.AuthController - Login successful for userId: beyza@example.com
2025-05-21 00:59:37 [main] INFO  c.e.l.LoanPlatformApplication - Starting LoanPlatformApplication using Java 23.0.1 with PID 5904 (C:\Users\beyzanur\OneDrive\Desktop\loan_platform\target\classes started by beyzanur in C:\Users\beyzanur\OneDrive\Desktop\loan_platform)
2025-05-21 00:59:37 [main] DEBUG c.e.l.LoanPlatformApplication - Running with Spring Boot v3.2.0, Spring v6.1.1
2025-05-21 00:59:37 [main] INFO  c.e.l.LoanPlatformApplication - No active profile set, falling back to 1 default profile: "default"
2025-05-21 00:59:43 [main] DEBUG c.e.l.S.JwtAuthenticationFilter - Filter 'jwtAuthenticationFilter' configured for use
2025-05-21 00:59:48 [main] INFO  c.e.l.LoanPlatformApplication - Started LoanPlatformApplication in 12.318 seconds (process running for 13.065)
2025-05-21 00:59:57 [http-nio-9090-exec-1] INFO  c.e.l.Controller.AuthController - Login attempt for userId: beyza@example.com
2025-05-21 00:59:57 [http-nio-9090-exec-1] INFO  c.e.l.Service.AuthService - Kullanıcı için giriş:  beyza@example.com
2025-05-21 00:59:57 [http-nio-9090-exec-1] INFO  c.e.l.Service.AuthService - Kimlik doğrulama başarılı: beyza@example.com
2025-05-21 00:59:57 [http-nio-9090-exec-1] DEBUG c.e.l.Service.AuthService - JWT token oluşturuldu: eyJhbGciOiJIUzI1NiJ9.eyJyb2xlIjoiUk9MRV9BRE1JTiIsImlhdCI6MTc0Nzc3ODM5NywiZXhwIjoxNzQ3NzgxOTk3fQ.0tAqRi1uwRR-cho-wSm6gqKjSs7fn6aRJR3Fmei8MSw
2025-05-21 00:59:57 [http-nio-9090-exec-1] INFO  c.e.l.Controller.AuthController - Login successful for userId: beyza@example.com
2025-05-21 01:02:52 [main] INFO  c.e.l.LoanPlatformApplication - Starting LoanPlatformApplication using Java 23.0.1 with PID 5648 (C:\Users\beyzanur\OneDrive\Desktop\loan_platform\target\classes started by beyzanur in C:\Users\beyzanur\OneDrive\Desktop\loan_platform)
2025-05-21 01:02:52 [main] DEBUG c.e.l.LoanPlatformApplication - Running with Spring Boot v3.2.0, Spring v6.1.1
2025-05-21 01:02:52 [main] INFO  c.e.l.LoanPlatformApplication - No active profile set, falling back to 1 default profile: "default"
2025-05-21 01:02:59 [main] DEBUG c.e.l.S.JwtAuthenticationFilter - Filter 'jwtAuthenticationFilter' configured for use
2025-05-21 01:03:03 [main] INFO  c.e.l.LoanPlatformApplication - Started LoanPlatformApplication in 11.884 seconds (process running for 12.684)
2025-05-21 01:03:13 [http-nio-9090-exec-2] INFO  c.e.l.Controller.AuthController - Login attempt for userId: beyza@example.com
2025-05-21 01:03:13 [http-nio-9090-exec-2] INFO  c.e.l.Service.AuthService - Kullanıcı için giriş:  beyza@example.com
2025-05-21 01:03:14 [http-nio-9090-exec-2] INFO  c.e.l.Service.AuthService - Kimlik doğrulama başarılı: beyza@example.com
2025-05-21 01:03:14 [http-nio-9090-exec-2] DEBUG c.e.l.Service.AuthService - JWT token oluşturuldu: eyJhbGciOiJIUzI1NiJ9.eyJyb2xlIjoiUk9MRV9BRE1JTiIsImlhdCI6MTc0Nzc3ODU5NCwiZXhwIjoxNzQ3NzgyMTk0fQ.nA2thYXlEfsc5l5bJl4wrg6yCRdcfNGoOIArVQBNDyQ
2025-05-21 01:03:14 [http-nio-9090-exec-2] INFO  c.e.l.Controller.AuthController - Login successful for userId: beyza@example.com
2025-05-21 01:05:52 [main] INFO  c.e.l.LoanPlatformApplication - Starting LoanPlatformApplication using Java 23.0.1 with PID 28504 (C:\Users\beyzanur\OneDrive\Desktop\loan_platform\target\classes started by beyzanur in C:\Users\beyzanur\OneDrive\Desktop\loan_platform)
2025-05-21 01:05:52 [main] DEBUG c.e.l.LoanPlatformApplication - Running with Spring Boot v3.2.0, Spring v6.1.1
2025-05-21 01:05:52 [main] INFO  c.e.l.LoanPlatformApplication - No active profile set, falling back to 1 default profile: "default"
2025-05-21 01:06:00 [main] DEBUG c.e.l.S.JwtAuthenticationFilter - Filter 'jwtAuthenticationFilter' configured for use
2025-05-21 01:06:04 [main] INFO  c.e.l.LoanPlatformApplication - Started LoanPlatformApplication in 12.3 seconds (process running for 12.964)
2025-05-21 01:06:09 [http-nio-9090-exec-1] INFO  c.e.l.Controller.AuthController - Login attempt for userId: beyza@example.com
2025-05-21 01:06:09 [http-nio-9090-exec-1] INFO  c.e.l.Service.AuthService - Kullanıcı için giriş:  beyza@example.com
2025-05-21 01:06:10 [http-nio-9090-exec-1] INFO  c.e.l.Service.AuthService - Kimlik doğrulama başarılı: beyza@example.com
2025-05-21 01:06:10 [http-nio-9090-exec-1] DEBUG c.e.l.Service.AuthService - JWT token oluşturuldu: eyJhbGciOiJIUzI1NiJ9.eyJyb2xlIjoiUk9MRV9BRE1JTiIsImlhdCI6MTc0Nzc3ODc3MCwiZXhwIjoxNzQ3NzgyMzcwfQ.Q5yI2ezWI0uUCeX1hqWDJGiKY5fiQII8WD1hMayvjO4
2025-05-21 01:06:10 [http-nio-9090-exec-1] INFO  c.e.l.Controller.AuthController - Login successful for userId: beyza@example.com
2025-05-21 13:46:05 [main] INFO  c.e.l.LoanPlatformApplication - Starting LoanPlatformApplication using Java 23.0.1 with PID 16320 (C:\Users\beyzanur\OneDrive\Desktop\loan_platform\target\classes started by beyzanur in C:\Users\beyzanur\OneDrive\Desktop\loan_platform)
2025-05-21 13:46:05 [main] DEBUG c.e.l.LoanPlatformApplication - Running with Spring Boot v3.2.0, Spring v6.1.1
2025-05-21 13:46:05 [main] INFO  c.e.l.LoanPlatformApplication - No active profile set, falling back to 1 default profile: "default"
2025-05-21 13:46:12 [main] DEBUG c.e.l.S.JwtAuthenticationFilter - Filter 'jwtAuthenticationFilter' configured for use
2025-05-21 13:46:16 [main] INFO  c.e.l.LoanPlatformApplication - Started LoanPlatformApplication in 12.332 seconds (process running for 13.961)
2025-05-21 13:46:58 [main] INFO  c.e.l.LoanPlatformApplication - Starting LoanPlatformApplication using Java 23.0.1 with PID 4236 (C:\Users\beyzanur\OneDrive\Desktop\loan_platform\target\classes started by beyzanur in C:\Users\beyzanur\OneDrive\Desktop\loan_platform)
2025-05-21 13:46:58 [main] DEBUG c.e.l.LoanPlatformApplication - Running with Spring Boot v3.2.0, Spring v6.1.1
2025-05-21 13:46:58 [main] INFO  c.e.l.LoanPlatformApplication - No active profile set, falling back to 1 default profile: "default"
2025-05-21 13:47:06 [main] DEBUG c.e.l.S.JwtAuthenticationFilter - Filter 'jwtAuthenticationFilter' configured for use
2025-05-21 13:47:11 [main] INFO  c.e.l.LoanPlatformApplication - Started LoanPlatformApplication in 13.478 seconds (process running for 14.311)
2025-05-21 13:47:19 [http-nio-9090-exec-2] INFO  c.e.l.Controller.AuthController - Login attempt for userId: beyza@example.com
2025-05-21 13:47:19 [http-nio-9090-exec-2] INFO  c.e.l.Service.AuthService - Kullanıcı için giriş:  beyza@example.com
2025-05-21 13:47:20 [http-nio-9090-exec-2] INFO  c.e.l.Service.AuthService - Kimlik doğrulama başarılı: beyza@example.com
2025-05-21 13:47:20 [http-nio-9090-exec-2] DEBUG c.e.l.Service.AuthService - JWT token oluşturuldu: eyJhbGciOiJIUzI1NiJ9.eyJyb2xlIjoiUk9MRV9BRE1JTiIsImlhdCI6MTc0NzgyNDQ0MCwiZXhwIjoxNzQ3ODI4MDQwfQ.W8RgWQZ-EYDdh1Z_vgSBtD3fL3dmdf_0mZe1OTocGyg
2025-05-21 13:47:20 [http-nio-9090-exec-2] INFO  c.e.l.Controller.AuthController - Login successful for userId: beyza@example.com
2025-05-21 14:00:04 [main] INFO  c.e.l.LoanPlatformApplication - Starting LoanPlatformApplication using Java 23.0.1 with PID 15824 (C:\Users\beyzanur\OneDrive\Desktop\loan_platform\target\classes started by beyzanur in C:\Users\beyzanur\OneDrive\Desktop\loan_platform)
2025-05-21 14:00:04 [main] DEBUG c.e.l.LoanPlatformApplication - Running with Spring Boot v3.2.0, Spring v6.1.1
2025-05-21 14:00:04 [main] INFO  c.e.l.LoanPlatformApplication - No active profile set, falling back to 1 default profile: "default"
2025-05-21 14:00:12 [main] DEBUG c.e.l.S.JwtAuthenticationFilter - Filter 'jwtAuthenticationFilter' configured for use
2025-05-21 14:00:17 [main] INFO  c.e.l.LoanPlatformApplication - Started LoanPlatformApplication in 13.303 seconds (process running for 19.376)
2025-05-21 14:02:11 [http-nio-9090-exec-2] DEBUG c.e.l.S.JwtAuthenticationFilter - No JWT token found in request
2025-05-21 14:02:22 [http-nio-9090-exec-3] DEBUG c.e.l.S.JwtAuthenticationFilter - No JWT token found in request
2025-05-21 14:03:16 [main] INFO  c.e.l.LoanPlatformApplication - Starting LoanPlatformApplication using Java 23.0.1 with PID 18236 (C:\Users\beyzanur\OneDrive\Desktop\loan_platform\target\classes started by beyzanur in C:\Users\beyzanur\OneDrive\Desktop\loan_platform)
2025-05-21 14:03:16 [main] DEBUG c.e.l.LoanPlatformApplication - Running with Spring Boot v3.2.0, Spring v6.1.1
2025-05-21 14:03:16 [main] INFO  c.e.l.LoanPlatformApplication - No active profile set, falling back to 1 default profile: "default"
2025-05-21 14:03:22 [main] DEBUG c.e.l.S.JwtAuthenticationFilter - Filter 'jwtAuthenticationFilter' configured for use
2025-05-21 14:03:26 [main] INFO  c.e.l.LoanPlatformApplication - Started LoanPlatformApplication in 10.754 seconds (process running for 11.528)
2025-05-21 14:03:30 [http-nio-9090-exec-1] DEBUG c.e.l.S.JwtAuthenticationFilter - No JWT token found in request
2025-05-21 14:04:45 [main] INFO  c.e.l.LoanPlatformApplication - Starting LoanPlatformApplication using Java 23.0.1 with PID 20576 (C:\Users\beyzanur\OneDrive\Desktop\loan_platform\target\classes started by beyzanur in C:\Users\beyzanur\OneDrive\Desktop\loan_platform)
2025-05-21 14:04:45 [main] DEBUG c.e.l.LoanPlatformApplication - Running with Spring Boot v3.2.0, Spring v6.1.1
2025-05-21 14:04:45 [main] INFO  c.e.l.LoanPlatformApplication - No active profile set, falling back to 1 default profile: "default"
2025-05-21 14:04:52 [main] DEBUG c.e.l.S.JwtAuthenticationFilter - Filter 'jwtAuthenticationFilter' configured for use
2025-05-21 14:04:56 [main] INFO  c.e.l.LoanPlatformApplication - Started LoanPlatformApplication in 11.601 seconds (process running for 12.333)
2025-05-21 14:05:01 [http-nio-9090-exec-2] DEBUG c.e.l.S.JwtAuthenticationFilter - No JWT token found in request
2025-05-21 14:05:02 [http-nio-9090-exec-2] INFO  c.e.l.Service.UsersService - Yeni kullanıcı kaydı başlatıldı: aliSeccad@example.com
2025-05-21 14:05:02 [http-nio-9090-exec-2] INFO  c.e.l.Service.UsersService - Kullanıcı başarıyla kaydedildi: aliSeccad@example.com
2025-05-21 14:05:02 [http-nio-9090-exec-2] INFO  c.e.l.Service.AuditLogsService - Kullanıcı işlem kaydediliyor. Kullanıcı ID: 3, Aksiyon: Kullanıcı başarıyla kaydedildi, Hesap Numarası: null
2025-05-21 14:05:02 [http-nio-9090-exec-2] INFO  c.e.l.Service.AuditLogsService - İşlem kaydedildi. Kullanıcı ID: 3, Aksiyon: Kullanıcı başarıyla kaydedildi, Hesap Numarası: null
2025-05-21 14:05:02 [org.springframework.amqp.rabbit.RabbitListenerEndpointContainer#0-1] INFO  c.e.l.Messaging.NotificationConsumer - Yeni bildirim alındı: Kaydınız başarıyla tamamlanmıştır.
2025-05-21 14:05:02 [org.springframework.amqp.rabbit.RabbitListenerEndpointContainer#0-1] INFO  c.e.l.Service.NotificationsService - Bildirim veritabanına kaydedildi: Kullanıcı ID=3
2025-05-21 14:05:31 [http-nio-9090-exec-3] INFO  c.e.l.Controller.AuthController - Login attempt for userId: aliSeccad@example.com
2025-05-21 14:05:31 [http-nio-9090-exec-3] INFO  c.e.l.Service.AuthService - Kullanıcı için giriş:  aliSeccad@example.com
2025-05-21 14:05:31 [http-nio-9090-exec-3] INFO  c.e.l.Service.AuthService - Kimlik doğrulama başarılı: aliSeccad@example.com
2025-05-21 14:05:31 [http-nio-9090-exec-3] DEBUG c.e.l.Service.AuthService - JWT token oluşturuldu: eyJhbGciOiJIUzI1NiJ9.eyJyb2xlIjoiUk9MRV9BRE1JTiIsImlhdCI6MTc0NzgyNTUzMSwiZXhwIjoxNzQ3ODI5MTMxfQ.Koufs_Vi7rJiULyaTba0DfI-Kvz_y_obcmjKkoAE8LI
2025-05-21 14:05:31 [http-nio-9090-exec-3] INFO  c.e.l.Controller.AuthController - Login successful for userId: aliSeccad@example.com
2025-05-21 15:18:45 [main] INFO  c.e.l.LoanPlatformApplication - Starting LoanPlatformApplication using Java 23.0.1 with PID 19648 (C:\Users\beyzanur\OneDrive\Desktop\loan_platform\target\classes started by beyzanur in C:\Users\beyzanur\OneDrive\Desktop\loan_platform)
2025-05-21 15:18:45 [main] DEBUG c.e.l.LoanPlatformApplication - Running with Spring Boot v3.2.0, Spring v6.1.1
2025-05-21 15:18:45 [main] INFO  c.e.l.LoanPlatformApplication - No active profile set, falling back to 1 default profile: "default"
2025-05-21 15:18:53 [main] DEBUG c.e.l.S.JwtAuthenticationFilter - Filter 'jwtAuthenticationFilter' configured for use
2025-05-21 15:18:58 [main] INFO  c.e.l.LoanPlatformApplication - Started LoanPlatformApplication in 13.397 seconds (process running for 14.473)
2025-05-21 15:19:05 [http-nio-9090-exec-2] INFO  c.e.l.Controller.AuthController - Login attempt for userId: aliSeccad@example.com
2025-05-21 15:19:05 [http-nio-9090-exec-2] INFO  c.e.l.Service.AuthService - Kullanıcı için giriş:  aliSeccad@example.com
2025-05-21 15:19:05 [http-nio-9090-exec-2] INFO  c.e.l.Service.AuthService - Kimlik doğrulama başarılı: aliSeccad@example.com
2025-05-21 15:19:05 [http-nio-9090-exec-2] DEBUG c.e.l.Service.AuthService - JWT token oluşturuldu: eyJhbGciOiJIUzI1NiJ9.eyJzdWIiOiJhbGlTZWNjYWRAZXhhbXBsZS5jb20iLCJyb2xlIjoiUk9MRV9ST0xFX0FETUlOIiwiaWF0IjoxNzQ3ODI5OTQ1LCJleHAiOjE3NDc4NjU5NDV9.gvIneIgToTl3h6kjlX2hmvtD1N9mxQoHgh2Y1qBR5Ic
2025-05-21 15:19:05 [http-nio-9090-exec-2] INFO  c.e.l.Controller.AuthController - Login successful for userId: aliSeccad@example.com
2025-05-21 15:19:18 [http-nio-9090-exec-3] ERROR c.e.l.S.JwtAuthenticationFilter - Authentication error: 
io.jsonwebtoken.security.SignatureException: JWT signature does not match locally computed signature. JWT validity cannot be asserted and should not be trusted.
	at io.jsonwebtoken.impl.DefaultJwtParser.parse(DefaultJwtParser.java:399)
	at io.jsonwebtoken.impl.DefaultJwtParser.parse(DefaultJwtParser.java:529)
	at io.jsonwebtoken.impl.DefaultJwtParser.parseClaimsJws(DefaultJwtParser.java:589)
	at com.example.loan_platform.Service.JwtService.validateTokenStructure(JwtService.java:87)
	at com.example.loan_platform.Security.JwtAuthenticationFilter.doFilterInternal(JwtAuthenticationFilter.java:40)
	at org.springframework.web.filter.OncePerRequestFilter.doFilter(OncePerRequestFilter.java:116)
	at org.springframework.security.web.ObservationFilterChainDecorator$ObservationFilter.wrapFilter(ObservationFilterChainDecorator.java:240)
	at org.springframework.security.web.ObservationFilterChainDecorator$ObservationFilter.doFilter(ObservationFilterChainDecorator.java:227)
	at org.springframework.security.web.ObservationFilterChainDecorator$VirtualFilterChain.doFilter(ObservationFilterChainDecorator.java:137)
	at org.springframework.security.web.authentication.logout.LogoutFilter.doFilter(LogoutFilter.java:107)
	at org.springframework.security.web.authentication.logout.LogoutFilter.doFilter(LogoutFilter.java:93)
	at org.springframework.security.web.ObservationFilterChainDecorator$ObservationFilter.wrapFilter(ObservationFilterChainDecorator.java:240)
	at org.springframework.security.web.ObservationFilterChainDecorator$ObservationFilter.doFilter(ObservationFilterChainDecorator.java:227)
	at org.springframework.security.web.ObservationFilterChainDecorator$VirtualFilterChain.doFilter(ObservationFilterChainDecorator.java:137)
	at org.springframework.web.filter.CorsFilter.doFilterInternal(CorsFilter.java:91)
	at org.springframework.web.filter.OncePerRequestFilter.doFilter(OncePerRequestFilter.java:116)
	at org.springframework.security.web.ObservationFilterChainDecorator$ObservationFilter.wrapFilter(ObservationFilterChainDecorator.java:240)
	at org.springframework.security.web.ObservationFilterChainDecorator$ObservationFilter.doFilter(ObservationFilterChainDecorator.java:227)
	at org.springframework.security.web.ObservationFilterChainDecorator$VirtualFilterChain.doFilter(ObservationFilterChainDecorator.java:137)
	at org.springframework.security.web.header.HeaderWriterFilter.doHeadersAfter(HeaderWriterFilter.java:90)
	at org.springframework.security.web.header.HeaderWriterFilter.doFilterInternal(HeaderWriterFilter.java:75)
	at org.springframework.web.filter.OncePerRequestFilter.doFilter(OncePerRequestFilter.java:116)
	at org.springframework.security.web.ObservationFilterChainDecorator$ObservationFilter.wrapFilter(ObservationFilterChainDecorator.java:240)
	at org.springframework.security.web.ObservationFilterChainDecorator$ObservationFilter.doFilter(ObservationFilterChainDecorator.java:227)
	at org.springframework.security.web.ObservationFilterChainDecorator$VirtualFilterChain.doFilter(ObservationFilterChainDecorator.java:137)
	at org.springframework.security.web.context.SecurityContextHolderFilter.doFilter(SecurityContextHolderFilter.java:82)
	at org.springframework.security.web.context.SecurityContextHolderFilter.doFilter(SecurityContextHolderFilter.java:69)
	at org.springframework.security.web.ObservationFilterChainDecorator$ObservationFilter.wrapFilter(ObservationFilterChainDecorator.java:240)
	at org.springframework.security.web.ObservationFilterChainDecorator$ObservationFilter.doFilter(ObservationFilterChainDecorator.java:227)
	at org.springframework.security.web.ObservationFilterChainDecorator$VirtualFilterChain.doFilter(ObservationFilterChainDecorator.java:137)
	at org.springframework.security.web.context.request.async.WebAsyncManagerIntegrationFilter.doFilterInternal(WebAsyncManagerIntegrationFilter.java:62)
	at org.springframework.web.filter.OncePerRequestFilter.doFilter(OncePerRequestFilter.java:116)
	at org.springframework.security.web.ObservationFilterChainDecorator$ObservationFilter.wrapFilter(ObservationFilterChainDecorator.java:240)
	at org.springframework.security.web.ObservationFilterChainDecorator$ObservationFilter.doFilter(ObservationFilterChainDecorator.java:227)
	at org.springframework.security.web.ObservationFilterChainDecorator$VirtualFilterChain.doFilter(ObservationFilterChainDecorator.java:137)
	at org.springframework.security.web.session.DisableEncodeUrlFilter.doFilterInternal(DisableEncodeUrlFilter.java:42)
	at org.springframework.web.filter.OncePerRequestFilter.doFilter(OncePerRequestFilter.java:116)
	at org.springframework.security.web.ObservationFilterChainDecorator$ObservationFilter.wrapFilter(ObservationFilterChainDecorator.java:240)
	at org.springframework.security.web.ObservationFilterChainDecorator$AroundFilterObservation$SimpleAroundFilterObservation.lambda$wrap$0(ObservationFilterChainDecorator.java:323)
	at org.springframework.security.web.ObservationFilterChainDecorator$ObservationFilter.doFilter(ObservationFilterChainDecorator.java:224)
	at org.springframework.security.web.ObservationFilterChainDecorator$VirtualFilterChain.doFilter(ObservationFilterChainDecorator.java:137)
	at org.springframework.security.web.FilterChainProxy.doFilterInternal(FilterChainProxy.java:233)
	at org.springframework.security.web.FilterChainProxy.doFilter(FilterChainProxy.java:191)
	at org.springframework.web.filter.DelegatingFilterProxy.invokeDelegate(DelegatingFilterProxy.java:352)
	at org.springframework.web.filter.DelegatingFilterProxy.doFilter(DelegatingFilterProxy.java:268)
	at org.apache.catalina.core.ApplicationFilterChain.internalDoFilter(ApplicationFilterChain.java:174)
	at org.apache.catalina.core.ApplicationFilterChain.doFilter(ApplicationFilterChain.java:149)
	at org.springframework.web.filter.RequestContextFilter.doFilterInternal(RequestContextFilter.java:100)
	at org.springframework.web.filter.OncePerRequestFilter.doFilter(OncePerRequestFilter.java:116)
	at org.apache.catalina.core.ApplicationFilterChain.internalDoFilter(ApplicationFilterChain.java:174)
	at org.apache.catalina.core.ApplicationFilterChain.doFilter(ApplicationFilterChain.java:149)
	at org.springframework.web.filter.FormContentFilter.doFilterInternal(FormContentFilter.java:93)
	at org.springframework.web.filter.OncePerRequestFilter.doFilter(OncePerRequestFilter.java:116)
	at org.apache.catalina.core.ApplicationFilterChain.internalDoFilter(ApplicationFilterChain.java:174)
	at org.apache.catalina.core.ApplicationFilterChain.doFilter(ApplicationFilterChain.java:149)
	at org.springframework.web.filter.ServerHttpObservationFilter.doFilterInternal(ServerHttpObservationFilter.java:109)
	at org.springframework.web.filter.OncePerRequestFilter.doFilter(OncePerRequestFilter.java:116)
	at org.apache.catalina.core.ApplicationFilterChain.internalDoFilter(ApplicationFilterChain.java:174)
	at org.apache.catalina.core.ApplicationFilterChain.doFilter(ApplicationFilterChain.java:149)
	at org.springframework.web.filter.CharacterEncodingFilter.doFilterInternal(CharacterEncodingFilter.java:201)
	at org.springframework.web.filter.OncePerRequestFilter.doFilter(OncePerRequestFilter.java:116)
	at org.apache.catalina.core.ApplicationFilterChain.internalDoFilter(ApplicationFilterChain.java:174)
	at org.apache.catalina.core.ApplicationFilterChain.doFilter(ApplicationFilterChain.java:149)
	at org.apache.catalina.core.StandardWrapperValve.invoke(StandardWrapperValve.java:167)
	at org.apache.catalina.core.StandardContextValve.invoke(StandardContextValve.java:90)
	at org.apache.catalina.authenticator.AuthenticatorBase.invoke(AuthenticatorBase.java:482)
	at org.apache.catalina.core.StandardHostValve.invoke(StandardHostValve.java:115)
	at org.apache.catalina.valves.ErrorReportValve.invoke(ErrorReportValve.java:93)
	at org.apache.catalina.core.StandardEngineValve.invoke(StandardEngineValve.java:74)
	at org.apache.catalina.connector.CoyoteAdapter.service(CoyoteAdapter.java:340)
	at org.apache.coyote.http11.Http11Processor.service(Http11Processor.java:391)
	at org.apache.coyote.AbstractProcessorLight.process(AbstractProcessorLight.java:63)
	at org.apache.coyote.AbstractProtocol$ConnectionHandler.process(AbstractProtocol.java:896)
	at org.apache.tomcat.util.net.NioEndpoint$SocketProcessor.doRun(NioEndpoint.java:1744)
	at org.apache.tomcat.util.net.SocketProcessorBase.run(SocketProcessorBase.java:52)
	at org.apache.tomcat.util.threads.ThreadPoolExecutor.runWorker(ThreadPoolExecutor.java:1191)
	at org.apache.tomcat.util.threads.ThreadPoolExecutor$Worker.run(ThreadPoolExecutor.java:659)
	at org.apache.tomcat.util.threads.TaskThread$WrappingRunnable.run(TaskThread.java:61)
	at java.base/java.lang.Thread.run(Thread.java:1575)
2025-05-21 15:19:25 [http-nio-9090-exec-4] ERROR c.e.l.S.JwtAuthenticationFilter - Authentication error: 
io.jsonwebtoken.security.SignatureException: JWT signature does not match locally computed signature. JWT validity cannot be asserted and should not be trusted.
	at io.jsonwebtoken.impl.DefaultJwtParser.parse(DefaultJwtParser.java:399)
	at io.jsonwebtoken.impl.DefaultJwtParser.parse(DefaultJwtParser.java:529)
	at io.jsonwebtoken.impl.DefaultJwtParser.parseClaimsJws(DefaultJwtParser.java:589)
	at com.example.loan_platform.Service.JwtService.validateTokenStructure(JwtService.java:87)
	at com.example.loan_platform.Security.JwtAuthenticationFilter.doFilterInternal(JwtAuthenticationFilter.java:40)
	at org.springframework.web.filter.OncePerRequestFilter.doFilter(OncePerRequestFilter.java:116)
	at org.springframework.security.web.ObservationFilterChainDecorator$ObservationFilter.wrapFilter(ObservationFilterChainDecorator.java:240)
	at org.springframework.security.web.ObservationFilterChainDecorator$ObservationFilter.doFilter(ObservationFilterChainDecorator.java:227)
	at org.springframework.security.web.ObservationFilterChainDecorator$VirtualFilterChain.doFilter(ObservationFilterChainDecorator.java:137)
	at org.springframework.security.web.authentication.logout.LogoutFilter.doFilter(LogoutFilter.java:107)
	at org.springframework.security.web.authentication.logout.LogoutFilter.doFilter(LogoutFilter.java:93)
	at org.springframework.security.web.ObservationFilterChainDecorator$ObservationFilter.wrapFilter(ObservationFilterChainDecorator.java:240)
	at org.springframework.security.web.ObservationFilterChainDecorator$ObservationFilter.doFilter(ObservationFilterChainDecorator.java:227)
	at org.springframework.security.web.ObservationFilterChainDecorator$VirtualFilterChain.doFilter(ObservationFilterChainDecorator.java:137)
	at org.springframework.web.filter.CorsFilter.doFilterInternal(CorsFilter.java:91)
	at org.springframework.web.filter.OncePerRequestFilter.doFilter(OncePerRequestFilter.java:116)
	at org.springframework.security.web.ObservationFilterChainDecorator$ObservationFilter.wrapFilter(ObservationFilterChainDecorator.java:240)
	at org.springframework.security.web.ObservationFilterChainDecorator$ObservationFilter.doFilter(ObservationFilterChainDecorator.java:227)
	at org.springframework.security.web.ObservationFilterChainDecorator$VirtualFilterChain.doFilter(ObservationFilterChainDecorator.java:137)
	at org.springframework.security.web.header.HeaderWriterFilter.doHeadersAfter(HeaderWriterFilter.java:90)
	at org.springframework.security.web.header.HeaderWriterFilter.doFilterInternal(HeaderWriterFilter.java:75)
	at org.springframework.web.filter.OncePerRequestFilter.doFilter(OncePerRequestFilter.java:116)
	at org.springframework.security.web.ObservationFilterChainDecorator$ObservationFilter.wrapFilter(ObservationFilterChainDecorator.java:240)
	at org.springframework.security.web.ObservationFilterChainDecorator$ObservationFilter.doFilter(ObservationFilterChainDecorator.java:227)
	at org.springframework.security.web.ObservationFilterChainDecorator$VirtualFilterChain.doFilter(ObservationFilterChainDecorator.java:137)
	at org.springframework.security.web.context.SecurityContextHolderFilter.doFilter(SecurityContextHolderFilter.java:82)
	at org.springframework.security.web.context.SecurityContextHolderFilter.doFilter(SecurityContextHolderFilter.java:69)
	at org.springframework.security.web.ObservationFilterChainDecorator$ObservationFilter.wrapFilter(ObservationFilterChainDecorator.java:240)
	at org.springframework.security.web.ObservationFilterChainDecorator$ObservationFilter.doFilter(ObservationFilterChainDecorator.java:227)
	at org.springframework.security.web.ObservationFilterChainDecorator$VirtualFilterChain.doFilter(ObservationFilterChainDecorator.java:137)
	at org.springframework.security.web.context.request.async.WebAsyncManagerIntegrationFilter.doFilterInternal(WebAsyncManagerIntegrationFilter.java:62)
	at org.springframework.web.filter.OncePerRequestFilter.doFilter(OncePerRequestFilter.java:116)
	at org.springframework.security.web.ObservationFilterChainDecorator$ObservationFilter.wrapFilter(ObservationFilterChainDecorator.java:240)
	at org.springframework.security.web.ObservationFilterChainDecorator$ObservationFilter.doFilter(ObservationFilterChainDecorator.java:227)
	at org.springframework.security.web.ObservationFilterChainDecorator$VirtualFilterChain.doFilter(ObservationFilterChainDecorator.java:137)
	at org.springframework.security.web.session.DisableEncodeUrlFilter.doFilterInternal(DisableEncodeUrlFilter.java:42)
	at org.springframework.web.filter.OncePerRequestFilter.doFilter(OncePerRequestFilter.java:116)
	at org.springframework.security.web.ObservationFilterChainDecorator$ObservationFilter.wrapFilter(ObservationFilterChainDecorator.java:240)
	at org.springframework.security.web.ObservationFilterChainDecorator$AroundFilterObservation$SimpleAroundFilterObservation.lambda$wrap$0(ObservationFilterChainDecorator.java:323)
	at org.springframework.security.web.ObservationFilterChainDecorator$ObservationFilter.doFilter(ObservationFilterChainDecorator.java:224)
	at org.springframework.security.web.ObservationFilterChainDecorator$VirtualFilterChain.doFilter(ObservationFilterChainDecorator.java:137)
	at org.springframework.security.web.FilterChainProxy.doFilterInternal(FilterChainProxy.java:233)
	at org.springframework.security.web.FilterChainProxy.doFilter(FilterChainProxy.java:191)
	at org.springframework.web.filter.DelegatingFilterProxy.invokeDelegate(DelegatingFilterProxy.java:352)
	at org.springframework.web.filter.DelegatingFilterProxy.doFilter(DelegatingFilterProxy.java:268)
	at org.apache.catalina.core.ApplicationFilterChain.internalDoFilter(ApplicationFilterChain.java:174)
	at org.apache.catalina.core.ApplicationFilterChain.doFilter(ApplicationFilterChain.java:149)
	at org.springframework.web.filter.RequestContextFilter.doFilterInternal(RequestContextFilter.java:100)
	at org.springframework.web.filter.OncePerRequestFilter.doFilter(OncePerRequestFilter.java:116)
	at org.apache.catalina.core.ApplicationFilterChain.internalDoFilter(ApplicationFilterChain.java:174)
	at org.apache.catalina.core.ApplicationFilterChain.doFilter(ApplicationFilterChain.java:149)
	at org.springframework.web.filter.FormContentFilter.doFilterInternal(FormContentFilter.java:93)
	at org.springframework.web.filter.OncePerRequestFilter.doFilter(OncePerRequestFilter.java:116)
	at org.apache.catalina.core.ApplicationFilterChain.internalDoFilter(ApplicationFilterChain.java:174)
	at org.apache.catalina.core.ApplicationFilterChain.doFilter(ApplicationFilterChain.java:149)
	at org.springframework.web.filter.ServerHttpObservationFilter.doFilterInternal(ServerHttpObservationFilter.java:109)
	at org.springframework.web.filter.OncePerRequestFilter.doFilter(OncePerRequestFilter.java:116)
	at org.apache.catalina.core.ApplicationFilterChain.internalDoFilter(ApplicationFilterChain.java:174)
	at org.apache.catalina.core.ApplicationFilterChain.doFilter(ApplicationFilterChain.java:149)
	at org.springframework.web.filter.CharacterEncodingFilter.doFilterInternal(CharacterEncodingFilter.java:201)
	at org.springframework.web.filter.OncePerRequestFilter.doFilter(OncePerRequestFilter.java:116)
	at org.apache.catalina.core.ApplicationFilterChain.internalDoFilter(ApplicationFilterChain.java:174)
	at org.apache.catalina.core.ApplicationFilterChain.doFilter(ApplicationFilterChain.java:149)
	at org.apache.catalina.core.StandardWrapperValve.invoke(StandardWrapperValve.java:167)
	at org.apache.catalina.core.StandardContextValve.invoke(StandardContextValve.java:90)
	at org.apache.catalina.authenticator.AuthenticatorBase.invoke(AuthenticatorBase.java:482)
	at org.apache.catalina.core.StandardHostValve.invoke(StandardHostValve.java:115)
	at org.apache.catalina.valves.ErrorReportValve.invoke(ErrorReportValve.java:93)
	at org.apache.catalina.core.StandardEngineValve.invoke(StandardEngineValve.java:74)
	at org.apache.catalina.connector.CoyoteAdapter.service(CoyoteAdapter.java:340)
	at org.apache.coyote.http11.Http11Processor.service(Http11Processor.java:391)
	at org.apache.coyote.AbstractProcessorLight.process(AbstractProcessorLight.java:63)
	at org.apache.coyote.AbstractProtocol$ConnectionHandler.process(AbstractProtocol.java:896)
	at org.apache.tomcat.util.net.NioEndpoint$SocketProcessor.doRun(NioEndpoint.java:1744)
	at org.apache.tomcat.util.net.SocketProcessorBase.run(SocketProcessorBase.java:52)
	at org.apache.tomcat.util.threads.ThreadPoolExecutor.runWorker(ThreadPoolExecutor.java:1191)
	at org.apache.tomcat.util.threads.ThreadPoolExecutor$Worker.run(ThreadPoolExecutor.java:659)
	at org.apache.tomcat.util.threads.TaskThread$WrappingRunnable.run(TaskThread.java:61)
	at java.base/java.lang.Thread.run(Thread.java:1575)
2025-05-21 15:23:05 [main] INFO  c.e.l.LoanPlatformApplication - Starting LoanPlatformApplication using Java 23.0.1 with PID 20808 (C:\Users\beyzanur\OneDrive\Desktop\loan_platform\target\classes started by beyzanur in C:\Users\beyzanur\OneDrive\Desktop\loan_platform)
2025-05-21 15:23:05 [main] DEBUG c.e.l.LoanPlatformApplication - Running with Spring Boot v3.2.0, Spring v6.1.1
2025-05-21 15:23:05 [main] INFO  c.e.l.LoanPlatformApplication - No active profile set, falling back to 1 default profile: "default"
2025-05-21 15:23:12 [main] DEBUG c.e.l.S.JwtAuthenticationFilter - Filter 'jwtAuthenticationFilter' configured for use
2025-05-21 15:23:17 [main] INFO  c.e.l.LoanPlatformApplication - Started LoanPlatformApplication in 12.853 seconds (process running for 13.8)
2025-05-21 15:23:28 [http-nio-9090-exec-1] INFO  c.e.l.Controller.AuthController - Login attempt for userId: aliSeccad@example.com
2025-05-21 15:23:28 [http-nio-9090-exec-1] INFO  c.e.l.Service.AuthService - Kullanıcı için giriş:  aliSeccad@example.com
2025-05-21 15:23:28 [http-nio-9090-exec-1] INFO  c.e.l.Service.AuthService - Kimlik doğrulama başarılı: aliSeccad@example.com
2025-05-21 15:23:28 [http-nio-9090-exec-1] DEBUG c.e.l.Service.AuthService - JWT token oluşturuldu: eyJhbGciOiJIUzI1NiJ9.eyJzdWIiOiJhbGlTZWNjYWRAZXhhbXBsZS5jb20iLCJyb2xlIjoiUk9MRV9ST0xFX0FETUlOIiwiaWF0IjoxNzQ3ODMwMjA4LCJleHAiOjE3NDc4NjYyMDh9.sMOXMWPbCr-qt2YS_MKJ0SXXf7jsV77Br9Qvm0fuM9s
2025-05-21 15:23:28 [http-nio-9090-exec-1] INFO  c.e.l.Controller.AuthController - Login successful for userId: aliSeccad@example.com
2025-05-21 15:23:41 [http-nio-9090-exec-3] INFO  c.e.l.Service.UsersService - Kullanıcı bilgisi aranıyor: ID=1
2025-05-21 15:23:42 [http-nio-9090-exec-3] INFO  c.e.l.Service.UsersService - Kullanıcı bilgisi getirildi (ID=1)
2025-05-21 16:53:32 [main] INFO  c.e.l.LoanPlatformApplication - Starting LoanPlatformApplication using Java 23.0.1 with PID 8660 (C:\Users\beyzanur\OneDrive\Desktop\loan_platform\target\classes started by beyzanur in C:\Users\beyzanur\OneDrive\Desktop\loan_platform)
2025-05-21 16:53:32 [main] DEBUG c.e.l.LoanPlatformApplication - Running with Spring Boot v3.2.0, Spring v6.1.1
2025-05-21 16:53:32 [main] INFO  c.e.l.LoanPlatformApplication - No active profile set, falling back to 1 default profile: "default"
2025-05-21 16:53:40 [main] DEBUG c.e.l.S.JwtAuthenticationFilter - Filter 'jwtAuthenticationFilter' configured for use
2025-05-21 16:53:44 [main] INFO  c.e.l.LoanPlatformApplication - Started LoanPlatformApplication in 13.459 seconds (process running for 14.383)
2025-05-21 16:53:53 [http-nio-9090-exec-3] INFO  c.e.l.Controller.AuthController - Login attempt for userId: aliSeccad@example.com
2025-05-21 16:53:53 [http-nio-9090-exec-3] INFO  c.e.l.Service.AuthService - Kullanıcı için giriş:  aliSeccad@example.com
2025-05-21 16:53:54 [http-nio-9090-exec-3] INFO  c.e.l.Service.AuthService - Kimlik doğrulama başarılı: aliSeccad@example.com
2025-05-21 16:53:54 [http-nio-9090-exec-3] DEBUG c.e.l.Service.AuthService - JWT token oluşturuldu: eyJhbGciOiJIUzI1NiJ9.eyJzdWIiOiJhbGlTZWNjYWRAZXhhbXBsZS5jb20iLCJyb2xlIjoiUk9MRV9ST0xFX0FETUlOIiwiaWF0IjoxNzQ3ODM1NjM0LCJleHAiOjE3NDc4NzE2MzR9.Mnj0-N1V06Yc09Y7HXTJrTx4bYdz1dqsnsSCMdW4sVM
2025-05-21 16:53:54 [http-nio-9090-exec-3] INFO  c.e.l.Controller.AuthController - Login successful for userId: aliSeccad@example.com
2025-05-21 17:04:54 [main] INFO  c.e.l.LoanPlatformApplication - Starting LoanPlatformApplication using Java 23.0.1 with PID 21028 (C:\Users\beyzanur\OneDrive\Desktop\loan_platform\target\classes started by beyzanur in C:\Users\beyzanur\OneDrive\Desktop\loan_platform)
2025-05-21 17:04:54 [main] DEBUG c.e.l.LoanPlatformApplication - Running with Spring Boot v3.2.0, Spring v6.1.1
2025-05-21 17:04:54 [main] INFO  c.e.l.LoanPlatformApplication - No active profile set, falling back to 1 default profile: "default"
2025-05-21 17:05:03 [main] DEBUG c.e.l.S.JwtAuthenticationFilter - Filter 'jwtAuthenticationFilter' configured for use
2025-05-21 17:05:10 [main] INFO  c.e.l.LoanPlatformApplication - Started LoanPlatformApplication in 16.205 seconds (process running for 17.194)
2025-05-21 17:05:16 [http-nio-9090-exec-1] INFO  c.e.l.Controller.AuthController - Login attempt for userId: aliSeccad@example.com
2025-05-21 17:05:16 [http-nio-9090-exec-1] INFO  c.e.l.Service.AuthService - Kullanıcı için giriş:  aliSeccad@example.com
2025-05-21 17:05:16 [http-nio-9090-exec-1] INFO  c.e.l.Service.AuthService - Kimlik doğrulama başarılı: aliSeccad@example.com
2025-05-21 17:05:16 [http-nio-9090-exec-1] DEBUG c.e.l.Service.AuthService - JWT token oluşturuldu: eyJhbGciOiJIUzI1NiJ9.eyJzdWIiOiJhbGlTZWNjYWRAZXhhbXBsZS5jb20iLCJyb2xlcyI6WyJST0xFX0FETUlOIl0sImlhdCI6MTc0NzgzNjMxNiwianRpIjoiZmNiNDE4NWEtYzU2MC00NTBjLTk5YTItODAzYjI3NmNjM2Y0IiwiZXhwIjoxNzQ3ODcyMzE2fQ.oFJ3tvT6R2qur4xFJPNqrELBLXxqzCeyMkmpOoGcFWE
2025-05-21 17:05:16 [http-nio-9090-exec-1] INFO  c.e.l.Controller.AuthController - Login successful for userId: aliSeccad@example.com
2025-05-21 17:05:33 [http-nio-9090-exec-3] INFO  c.e.l.Service.UsersService - Kullanıcı bilgisi aranıyor: ID=1
2025-05-21 17:05:33 [http-nio-9090-exec-3] INFO  c.e.l.Service.UsersService - Kullanıcı bilgisi getirildi (ID=1)
2025-05-21 19:58:41 [main] INFO  c.e.l.LoanPlatformApplication - Starting LoanPlatformApplication using Java 23.0.1 with PID 14192 (C:\Users\beyzanur\OneDrive\Desktop\loan_platform\target\classes started by beyzanur in C:\Users\beyzanur\OneDrive\Desktop\loan_platform)
2025-05-21 19:58:41 [main] DEBUG c.e.l.LoanPlatformApplication - Running with Spring Boot v3.2.0, Spring v6.1.1
2025-05-21 19:58:41 [main] INFO  c.e.l.LoanPlatformApplication - No active profile set, falling back to 1 default profile: "default"
2025-05-21 19:58:48 [main] DEBUG c.e.l.S.JwtAuthenticationFilter - Filter 'jwtAuthenticationFilter' configured for use
2025-05-21 19:58:52 [main] INFO  c.e.l.LoanPlatformApplication - Started LoanPlatformApplication in 12.761 seconds (process running for 14.589)
2025-05-21 20:00:16 [http-nio-9090-exec-2] INFO  c.e.l.Controller.AuthController - Login attempt for userId: aliSeccad@example.com
2025-05-21 20:00:16 [http-nio-9090-exec-2] INFO  c.e.l.Service.AuthService - Kullanıcı için giriş:  aliSeccad@example.com
2025-05-21 20:00:16 [http-nio-9090-exec-2] INFO  c.e.l.Service.AuthService - Kimlik doğrulama başarılı: aliSeccad@example.com
2025-05-21 20:00:16 [http-nio-9090-exec-2] DEBUG c.e.l.Service.AuthService - JWT token oluşturuldu: eyJhbGciOiJIUzI1NiJ9.eyJzdWIiOiJhbGlTZWNjYWRAZXhhbXBsZS5jb20iLCJyb2xlcyI6WyJST0xFX0FETUlOIl0sImlhdCI6MTc0Nzg0NjgxNiwianRpIjoiNjM0YjliOTAtYjUxZi00NzhhLTllZTgtOTg0NGY2ZDViYmQ5IiwiZXhwIjoxNzQ3ODgyODE2fQ.TH2rJAPSMcEHkndxpdXZDDxpSYjmQAmgzjHxYisPfrI
2025-05-21 20:00:16 [http-nio-9090-exec-2] INFO  c.e.l.Controller.AuthController - Login successful for userId: aliSeccad@example.com
2025-05-21 20:00:30 [http-nio-9090-exec-3] INFO  c.e.l.Service.UsersService - Kullanıcı bilgisi aranıyor: ID=1
2025-05-21 20:00:30 [http-nio-9090-exec-3] INFO  c.e.l.Service.UsersService - Kullanıcı bilgisi getirildi (ID=1)
2025-05-21 20:00:36 [http-nio-9090-exec-4] INFO  c.e.l.Service.UsersService - Kullanıcı bilgisi aranıyor: ID=2
2025-05-21 20:00:36 [http-nio-9090-exec-4] INFO  c.e.l.Service.UsersService - Kullanıcı bilgisi getirildi (ID=2)
2025-05-21 20:00:43 [http-nio-9090-exec-5] INFO  c.e.l.Service.UsersService - Kullanıcı sorgulanıyor (Email=fat***@example.com)
2025-05-21 20:00:43 [http-nio-9090-exec-5] INFO  c.e.l.Service.UsersService - Kullanıcı bilgisi getirildi (ID=1)
2025-05-21 20:02:29 [main] INFO  c.e.l.LoanPlatformApplication - Starting LoanPlatformApplication using Java 23.0.1 with PID 10176 (C:\Users\beyzanur\OneDrive\Desktop\loan_platform\target\classes started by beyzanur in C:\Users\beyzanur\OneDrive\Desktop\loan_platform)
2025-05-21 20:02:29 [main] DEBUG c.e.l.LoanPlatformApplication - Running with Spring Boot v3.2.0, Spring v6.1.1
2025-05-21 20:02:29 [main] INFO  c.e.l.LoanPlatformApplication - No active profile set, falling back to 1 default profile: "default"
2025-05-21 20:02:36 [main] DEBUG c.e.l.S.JwtAuthenticationFilter - Filter 'jwtAuthenticationFilter' configured for use
2025-05-21 20:02:40 [main] INFO  c.e.l.LoanPlatformApplication - Started LoanPlatformApplication in 12.711 seconds (process running for 13.543)
2025-05-21 20:03:07 [http-nio-9090-exec-2] INFO  c.e.l.Controller.AuthController - Login attempt for userId: aliSeccad@example.com
2025-05-21 20:03:07 [http-nio-9090-exec-2] INFO  c.e.l.Service.AuthService - Kullanıcı için giriş:  aliSeccad@example.com
2025-05-21 20:03:07 [http-nio-9090-exec-2] INFO  c.e.l.Service.AuthService - Kimlik doğrulama başarılı: aliSeccad@example.com
2025-05-21 20:03:08 [http-nio-9090-exec-2] DEBUG c.e.l.Service.AuthService - JWT token oluşturuldu: eyJhbGciOiJIUzI1NiJ9.eyJzdWIiOiJhbGlTZWNjYWRAZXhhbXBsZS5jb20iLCJyb2xlcyI6WyJST0xFX0FETUlOIl0sImlhdCI6MTc0Nzg0Njk4OCwianRpIjoiMDcxMWQzNGItNmZhMi00MWFiLWE0MzItOThkMmI1ZjgwZWJlIiwiZXhwIjoxNzQ3ODgyOTg4fQ.LhpzDANGpvZ5A7iwKcWI9VJFoH98GM58DtDdfKH0CPQ
2025-05-21 20:03:08 [http-nio-9090-exec-2] INFO  c.e.l.Controller.AuthController - Login successful for userId: aliSeccad@example.com
2025-05-21 20:03:20 [http-nio-9090-exec-4] INFO  c.e.l.Service.UsersService - Kullanıcı sorgulanıyor (Email=fat***@example.com)
2025-05-21 20:03:20 [http-nio-9090-exec-4] INFO  c.e.l.Service.UsersService - Kullanıcı bilgisi getirildi (ID=1)
2025-05-21 20:05:05 [main] INFO  c.e.l.LoanPlatformApplication - Starting LoanPlatformApplication using Java 23.0.1 with PID 26188 (C:\Users\beyzanur\OneDrive\Desktop\loan_platform\target\classes started by beyzanur in C:\Users\beyzanur\OneDrive\Desktop\loan_platform)
2025-05-21 20:05:05 [main] DEBUG c.e.l.LoanPlatformApplication - Running with Spring Boot v3.2.0, Spring v6.1.1
2025-05-21 20:05:05 [main] INFO  c.e.l.LoanPlatformApplication - No active profile set, falling back to 1 default profile: "default"
2025-05-21 20:05:11 [main] DEBUG c.e.l.S.JwtAuthenticationFilter - Filter 'jwtAuthenticationFilter' configured for use
2025-05-21 20:05:16 [main] INFO  c.e.l.LoanPlatformApplication - Started LoanPlatformApplication in 11.249 seconds (process running for 11.968)
2025-05-21 20:05:21 [http-nio-9090-exec-1] INFO  c.e.l.Controller.AuthController - Login attempt for userId: aliSeccad@example.com
2025-05-21 20:05:21 [http-nio-9090-exec-1] INFO  c.e.l.Service.AuthService - Kullanıcı için giriş:  aliSeccad@example.com
2025-05-21 20:05:21 [http-nio-9090-exec-1] INFO  c.e.l.Service.AuthService - Kimlik doğrulama başarılı: aliSeccad@example.com
2025-05-21 20:05:21 [http-nio-9090-exec-1] DEBUG c.e.l.Service.AuthService - JWT token oluşturuldu: eyJhbGciOiJIUzI1NiJ9.eyJzdWIiOiJhbGlTZWNjYWRAZXhhbXBsZS5jb20iLCJyb2xlcyI6WyJST0xFX0FETUlOIl0sImlhdCI6MTc0Nzg0NzEyMSwianRpIjoiOTg4Y2VlMTktYzllMS00MmEyLThhYzQtYzUxYWI4YmRhNDc4IiwiZXhwIjoxNzQ3ODgzMTIxfQ.AoZ8t91DQleo9Zsjkd6IvjWdJfqFoOeEPtVhMcvLJ0o
2025-05-21 20:05:21 [http-nio-9090-exec-1] INFO  c.e.l.Controller.AuthController - Login successful for userId: aliSeccad@example.com
2025-05-21 20:08:03 [http-nio-9090-exec-3] INFO  c.e.l.Service.UsersService - Kullanıcı kaydı güncelleniyor: fatihdeneme@example.com
2025-05-21 20:08:03 [http-nio-9090-exec-3] INFO  c.e.l.Service.UsersService - Kullanıcı başarıyla güncellendi: fatihdeneme@example.com
2025-05-21 20:08:03 [http-nio-9090-exec-3] INFO  c.e.l.Service.AuditLogsService - Kullanıcı işlem kaydediliyor. Kullanıcı ID: 1, Aksiyon: Kullanıcı başarıyla güncellendi, Hesap Numarası: null
2025-05-21 20:08:03 [http-nio-9090-exec-3] INFO  c.e.l.Service.AuditLogsService - İşlem kaydedildi. Kullanıcı ID: 1, Aksiyon: Kullanıcı başarıyla güncellendi, Hesap Numarası: null
2025-05-21 20:08:03 [org.springframework.amqp.rabbit.RabbitListenerEndpointContainer#0-1] INFO  c.e.l.Messaging.NotificationConsumer - Yeni bildirim alındı: Güncellemeniz başarıyla tamamlanmıştır.
2025-05-21 20:08:03 [org.springframework.amqp.rabbit.RabbitListenerEndpointContainer#0-1] INFO  c.e.l.Service.NotificationsService - Bildirim veritabanına kaydedildi: Kullanıcı ID=1
2025-05-21 20:09:28 [http-nio-9090-exec-8] INFO  c.e.l.Service.UsersService - Yeni kullanıcı kaydı başlatıldı: deneme@example.com
2025-05-21 20:09:28 [http-nio-9090-exec-8] INFO  c.e.l.Service.UsersService - Kullanıcı başarıyla kaydedildi: deneme@example.com
2025-05-21 20:09:28 [http-nio-9090-exec-8] INFO  c.e.l.Service.AuditLogsService - Kullanıcı işlem kaydediliyor. Kullanıcı ID: 4, Aksiyon: Kullanıcı başarıyla kaydedildi, Hesap Numarası: null
2025-05-21 20:09:28 [org.springframework.amqp.rabbit.RabbitListenerEndpointContainer#0-1] INFO  c.e.l.Messaging.NotificationConsumer - Yeni bildirim alındı: Kaydınız başarıyla tamamlanmıştır.
2025-05-21 20:09:28 [http-nio-9090-exec-8] INFO  c.e.l.Service.AuditLogsService - İşlem kaydedildi. Kullanıcı ID: 4, Aksiyon: Kullanıcı başarıyla kaydedildi, Hesap Numarası: null
2025-05-21 20:09:28 [org.springframework.amqp.rabbit.RabbitListenerEndpointContainer#0-1] INFO  c.e.l.Service.NotificationsService - Bildirim veritabanına kaydedildi: Kullanıcı ID=4
2025-05-21 20:10:49 [http-nio-9090-exec-4] INFO  c.e.l.Controller.AuthController - Login attempt for userId: aliSeccad@example.com
2025-05-21 20:10:49 [http-nio-9090-exec-4] INFO  c.e.l.Service.AuthService - Kullanıcı için giriş:  aliSeccad@example.com
2025-05-21 20:10:49 [http-nio-9090-exec-4] INFO  c.e.l.Service.AuthService - Kimlik doğrulama başarılı: aliSeccad@example.com
2025-05-21 20:10:49 [http-nio-9090-exec-4] DEBUG c.e.l.Service.AuthService - JWT token oluşturuldu: eyJhbGciOiJIUzI1NiJ9.eyJzdWIiOiJhbGlTZWNjYWRAZXhhbXBsZS5jb20iLCJyb2xlcyI6WyJST0xFX0FETUlOIl0sImlhdCI6MTc0Nzg0NzQ0OSwianRpIjoiYzMzMGE5YTgtZmJlNS00ZGMyLTlmMmYtOTQzM2JmODRhMDIyIiwiZXhwIjoxNzQ3ODgzNDQ5fQ.OBiFVlguWF-Fpz5oaHsvt15gEKyOVjY87PdgEWYhi_o
2025-05-21 20:10:49 [http-nio-9090-exec-4] INFO  c.e.l.Controller.AuthController - Login successful for userId: aliSeccad@example.com
2025-05-21 20:13:46 [http-nio-9090-exec-2] ERROR c.e.l.Service.UsersService - Kullanıcı silme sırasında hata oluştu: JDBC exception executing SQL [select la1_0.user_id,la1_0.id,la1_0.amount,la1_0.created_at,la1_0.decision,ls1_0.id,ls1_0.calculated_score,ls1_0.credit_score,ls1_0.decision,ls1_0.income,la1_0.term from loan_applications la1_0 left join loan_scoring ls1_0 on la1_0.id=ls1_0.application_id where la1_0.user_id=?] [ERROR: column la1_0.decision does not exist
  İpucu: Perhaps you meant to reference the column "ls1_0.decision".
  Position: 61] [n/a]; SQL [n/a]
2025-05-21 20:15:39 [main] INFO  c.e.l.LoanPlatformApplication - Starting LoanPlatformApplication using Java 23.0.1 with PID 12984 (C:\Users\beyzanur\OneDrive\Desktop\loan_platform\target\classes started by beyzanur in C:\Users\beyzanur\OneDrive\Desktop\loan_platform)
2025-05-21 20:15:39 [main] DEBUG c.e.l.LoanPlatformApplication - Running with Spring Boot v3.2.0, Spring v6.1.1
2025-05-21 20:15:39 [main] INFO  c.e.l.LoanPlatformApplication - No active profile set, falling back to 1 default profile: "default"
2025-05-21 20:15:48 [main] DEBUG c.e.l.S.JwtAuthenticationFilter - Filter 'jwtAuthenticationFilter' configured for use
2025-05-21 20:25:11 [main] INFO  c.e.l.LoanPlatformApplication - Starting LoanPlatformApplication using Java 23.0.1 with PID 19036 (C:\Users\beyzanur\OneDrive\Desktop\loan_platform\target\classes started by beyzanur in C:\Users\beyzanur\OneDrive\Desktop\loan_platform)
2025-05-21 20:25:11 [main] DEBUG c.e.l.LoanPlatformApplication - Running with Spring Boot v3.2.0, Spring v6.1.1
2025-05-21 20:25:11 [main] INFO  c.e.l.LoanPlatformApplication - No active profile set, falling back to 1 default profile: "default"
2025-05-21 20:25:18 [main] DEBUG c.e.l.S.JwtAuthenticationFilter - Filter 'jwtAuthenticationFilter' configured for use
2025-05-21 20:25:23 [main] INFO  c.e.l.LoanPlatformApplication - Started LoanPlatformApplication in 12.806 seconds (process running for 13.65)
2025-05-21 20:25:30 [http-nio-9090-exec-2] INFO  c.e.l.Controller.AuthController - Login attempt for userId: aliSeccad@example.com
2025-05-21 20:25:30 [http-nio-9090-exec-2] INFO  c.e.l.Service.AuthService - Kullanıcı için giriş:  aliSeccad@example.com
2025-05-21 20:25:30 [http-nio-9090-exec-2] INFO  c.e.l.Service.AuthService - Kimlik doğrulama başarılı: aliSeccad@example.com
2025-05-21 20:25:30 [http-nio-9090-exec-2] DEBUG c.e.l.Service.AuthService - JWT token oluşturuldu: eyJhbGciOiJIUzI1NiJ9.eyJzdWIiOiJhbGlTZWNjYWRAZXhhbXBsZS5jb20iLCJyb2xlcyI6WyJST0xFX0FETUlOIl0sImlhdCI6MTc0Nzg0ODMzMCwianRpIjoiM2FiZTI4NWMtNDU1Mi00NjkxLWFiYTgtNjMxNTRlMmNiODcyIiwiZXhwIjoxNzQ3ODg0MzMwfQ.uel3UO4AEyI6q9k2yBhhAXNWnzFGbM9M9m2XQ0jawvE
2025-05-21 20:25:30 [http-nio-9090-exec-2] INFO  c.e.l.Controller.AuthController - Login successful for userId: aliSeccad@example.com
2025-05-21 20:25:46 [http-nio-9090-exec-4] ERROR c.e.l.Service.UsersService - Kullanıcı silme sırasında hata oluştu: could not execute statement [ERROR: update or delete on table "users" violates foreign key constraint "notifications_user_id_fkey" on table "notifications"
  Ayrıntı: Key (id)=(4) is still referenced from table "notifications".] [delete from users where id=?]; SQL [delete from users where id=?]; constraint [notifications_user_id_fkey]
2025-05-21 20:26:36 [http-nio-9090-exec-6] INFO  c.e.l.Service.UsersService - Kullanıcı sorgulanıyor (Email=fat***@example.com)
2025-05-21 20:26:36 [http-nio-9090-exec-6] INFO  c.e.l.Service.UsersService - Kullanıcı bilgisi getirildi (ID=1)
2025-05-21 20:26:48 [http-nio-9090-exec-5] ERROR c.e.l.Service.UsersService - Kullanıcı silme sırasında hata oluştu: could not execute statement [ERROR: update or delete on table "users" violates foreign key constraint "notifications_user_id_fkey" on table "notifications"
  Ayrıntı: Key (id)=(4) is still referenced from table "notifications".] [delete from users where id=?]; SQL [delete from users where id=?]; constraint [notifications_user_id_fkey]
2025-05-21 20:29:55 [main] INFO  c.e.l.LoanPlatformApplication - Starting LoanPlatformApplication using Java 23.0.1 with PID 12268 (C:\Users\beyzanur\OneDrive\Desktop\loan_platform\target\classes started by beyzanur in C:\Users\beyzanur\OneDrive\Desktop\loan_platform)
2025-05-21 20:29:55 [main] DEBUG c.e.l.LoanPlatformApplication - Running with Spring Boot v3.2.0, Spring v6.1.1
2025-05-21 20:29:55 [main] INFO  c.e.l.LoanPlatformApplication - No active profile set, falling back to 1 default profile: "default"
2025-05-21 20:30:03 [main] DEBUG c.e.l.S.JwtAuthenticationFilter - Filter 'jwtAuthenticationFilter' configured for use
2025-05-21 20:30:08 [main] INFO  c.e.l.LoanPlatformApplication - Started LoanPlatformApplication in 13.904 seconds (process running for 14.776)
2025-05-21 20:30:16 [http-nio-9090-exec-1] INFO  c.e.l.Controller.AuthController - Login attempt for userId: aliSeccad@example.com
2025-05-21 20:30:16 [http-nio-9090-exec-1] INFO  c.e.l.Service.AuthService - Kullanıcı için giriş:  aliSeccad@example.com
2025-05-21 20:30:17 [http-nio-9090-exec-1] INFO  c.e.l.Service.AuthService - Kimlik doğrulama başarılı: aliSeccad@example.com
2025-05-21 20:30:17 [http-nio-9090-exec-1] DEBUG c.e.l.Service.AuthService - JWT token oluşturuldu: eyJhbGciOiJIUzI1NiJ9.eyJzdWIiOiJhbGlTZWNjYWRAZXhhbXBsZS5jb20iLCJyb2xlcyI6WyJST0xFX0FETUlOIl0sImlhdCI6MTc0Nzg0ODYxNywianRpIjoiMjU5ZGY4MmItYjY2MS00YzEwLWEwZDgtYjE5NTIwYzQzNGRhIiwiZXhwIjoxNzQ3ODg0NjE3fQ.1MyqA3zHSHDjk3A-cZkd3FIyb2YeAhY8L1-szFiG5lo
2025-05-21 20:30:17 [http-nio-9090-exec-1] INFO  c.e.l.Controller.AuthController - Login successful for userId: aliSeccad@example.com
2025-05-21 20:30:31 [http-nio-9090-exec-4] ERROR c.e.l.Service.UsersService - Kullanıcı silme sırasında hata oluştu: No EntityManager with actual transaction available for current thread - cannot reliably process 'remove' call
2025-05-21 20:31:11 [main] INFO  c.e.l.LoanPlatformApplication - Starting LoanPlatformApplication using Java 23.0.1 with PID 11912 (C:\Users\beyzanur\OneDrive\Desktop\loan_platform\target\classes started by beyzanur in C:\Users\beyzanur\OneDrive\Desktop\loan_platform)
2025-05-21 20:31:11 [main] DEBUG c.e.l.LoanPlatformApplication - Running with Spring Boot v3.2.0, Spring v6.1.1
2025-05-21 20:31:11 [main] INFO  c.e.l.LoanPlatformApplication - No active profile set, falling back to 1 default profile: "default"
2025-05-21 20:31:19 [main] DEBUG c.e.l.S.JwtAuthenticationFilter - Filter 'jwtAuthenticationFilter' configured for use
2025-05-21 20:31:23 [main] INFO  c.e.l.LoanPlatformApplication - Started LoanPlatformApplication in 13.366 seconds (process running for 14.192)
2025-05-21 20:31:36 [http-nio-9090-exec-1] INFO  c.e.l.Controller.AuthController - Login attempt for userId: aliSeccad@example.com
2025-05-21 20:31:36 [http-nio-9090-exec-1] INFO  c.e.l.Service.AuthService - Kullanıcı için giriş:  aliSeccad@example.com
2025-05-21 20:31:36 [http-nio-9090-exec-1] INFO  c.e.l.Service.AuthService - Kimlik doğrulama başarılı: aliSeccad@example.com
2025-05-21 20:31:36 [http-nio-9090-exec-1] DEBUG c.e.l.Service.AuthService - JWT token oluşturuldu: eyJhbGciOiJIUzI1NiJ9.eyJzdWIiOiJhbGlTZWNjYWRAZXhhbXBsZS5jb20iLCJyb2xlcyI6WyJST0xFX0FETUlOIl0sImlhdCI6MTc0Nzg0ODY5NiwianRpIjoiMzMzYzVlMTAtMDI1Ny00MTg1LThmOTItZDQ5ZjVjMzA4MzQxIiwiZXhwIjoxNzQ3ODg0Njk2fQ.DdfF17Ko3OeHoBElaOa7t5nFGHCiQ-XNheuGiB0QdDA
2025-05-21 20:31:36 [http-nio-9090-exec-1] INFO  c.e.l.Controller.AuthController - Login successful for userId: aliSeccad@example.com
2025-05-21 20:31:52 [http-nio-9090-exec-3] INFO  c.e.l.Service.UsersService - Kullanıcı başarıyla silindi - ID: 4
2025-05-21 20:31:52 [http-nio-9090-exec-3] ERROR c.e.l.Service.UsersService - Kullanıcı silme sırasında hata oluştu: Kullanıcı bulunamadı!
2025-05-21 20:31:52 [org.springframework.amqp.rabbit.RabbitListenerEndpointContainer#0-1] INFO  c.e.l.Messaging.NotificationConsumer - Yeni bildirim alındı: Silme işleminiz başarıyla tamamlanmıştır.
2025-05-21 20:31:52 [org.springframework.amqp.rabbit.RabbitListenerEndpointContainer#0-1] INFO  c.e.l.Service.NotificationsService - Bildirim veritabanına kaydedildi: Kullanıcı ID=4
