2025-05-22 01:10:16 [main] INFO  c.e.l.LoanPlatformApplication - Starting LoanPlatformApplication using Java 23.0.1 with PID 12216 (C:\Users\beyzanur\OneDrive\Desktop\loan_platform\target\classes started by beyzanur in C:\Users\beyzanur\OneDrive\Desktop\loan_platform)
2025-05-22 01:10:16 [main] DEBUG c.e.l.LoanPlatformApplication - Running with Spring Boot v3.2.0, Spring v6.1.1
2025-05-22 01:10:16 [main] INFO  c.e.l.LoanPlatformApplication - No active profile set, falling back to 1 default profile: "default"
2025-05-22 01:10:24 [main] DEBUG c.e.l.S.JwtAuthenticationFilter - Filter 'jwtAuthenticationFilter' configured for use
2025-05-22 01:10:29 [main] INFO  c.e.l.LoanPlatformApplication - Started LoanPlatformApplication in 14.111 seconds (process running for 20.519)
2025-05-22 01:10:50 [http-nio-9090-exec-1] INFO  c.e.l.Controller.AuthController - Login attempt for userId: aliSeccad@example.com
2025-05-22 01:10:50 [http-nio-9090-exec-1] INFO  c.e.l.Service.AuthService - Kullanıcı için giriş:  aliSeccad@example.com
2025-05-22 01:10:50 [http-nio-9090-exec-1] INFO  c.e.l.Service.AuthService - Kimlik doğrulama başarılı: aliSeccad@example.com
2025-05-22 01:10:50 [http-nio-9090-exec-1] DEBUG c.e.l.Service.AuthService - JWT token oluşturuldu: eyJhbGciOiJIUzI1NiJ9.eyJzdWIiOiJhbGlTZWNjYWRAZXhhbXBsZS5jb20iLCJyb2xlcyI6WyJST0xFX0FETUlOIl0sImlhdCI6MTc0Nzg2NTQ1MCwianRpIjoiNWE0ZjA2ZTctNDZjNC00ODBlLTk1MmQtYTJjZWJkODU5NDYzIiwiZXhwIjoxNzQ3OTAxNDUwfQ.hOcwjV0zF8tjr1N4_1HKYkfWdOgKv3uQj33bI3UX1cc
2025-05-22 01:10:50 [http-nio-9090-exec-1] INFO  c.e.l.Controller.AuthController - Login successful for userId: aliSeccad@example.com
2025-05-22 01:11:04 [http-nio-9090-exec-3] INFO  c.e.l.Service.UsersService - Kullanıcı başarıyla silindi - ID: 4
2025-05-22 01:11:04 [http-nio-9090-exec-3] ERROR c.e.l.Service.UsersService - Kullanıcı silme sırasında hata oluştu: Kullanıcı bulunamadı!
2025-05-22 01:11:04 [org.springframework.amqp.rabbit.RabbitListenerEndpointContainer#0-1] INFO  c.e.l.Messaging.NotificationConsumer - Yeni bildirim alındı: Silme işleminiz başarıyla tamamlanmıştır.
2025-05-22 01:11:04 [org.springframework.amqp.rabbit.RabbitListenerEndpointContainer#0-1] INFO  c.e.l.Service.NotificationsService - Bildirim veritabanına kaydedildi: Kullanıcı ID=4
2025-05-22 01:14:39 [main] INFO  c.e.l.LoanPlatformApplication - Starting LoanPlatformApplication using Java 23.0.1 with PID 12104 (C:\Users\beyzanur\OneDrive\Desktop\loan_platform\target\classes started by beyzanur in C:\Users\beyzanur\OneDrive\Desktop\loan_platform)
2025-05-22 01:14:39 [main] DEBUG c.e.l.LoanPlatformApplication - Running with Spring Boot v3.2.0, Spring v6.1.1
2025-05-22 01:14:39 [main] INFO  c.e.l.LoanPlatformApplication - No active profile set, falling back to 1 default profile: "default"
2025-05-22 01:14:46 [main] DEBUG c.e.l.S.JwtAuthenticationFilter - Filter 'jwtAuthenticationFilter' configured for use
2025-05-22 01:14:50 [main] INFO  c.e.l.LoanPlatformApplication - Started LoanPlatformApplication in 12.587 seconds (process running for 13.449)
2025-05-22 01:14:56 [http-nio-9090-exec-1] INFO  c.e.l.Controller.AuthController - Login attempt for userId: aliSeccad@example.com
2025-05-22 01:14:56 [http-nio-9090-exec-1] INFO  c.e.l.Service.AuthService - Kullanıcı için giriş:  aliSeccad@example.com
2025-05-22 01:14:56 [http-nio-9090-exec-1] INFO  c.e.l.Service.AuthService - Kimlik doğrulama başarılı: aliSeccad@example.com
2025-05-22 01:14:56 [http-nio-9090-exec-1] DEBUG c.e.l.Service.AuthService - JWT token oluşturuldu: eyJhbGciOiJIUzI1NiJ9.eyJzdWIiOiJhbGlTZWNjYWRAZXhhbXBsZS5jb20iLCJyb2xlcyI6WyJST0xFX0FETUlOIl0sImlhdCI6MTc0Nzg2NTY5NiwianRpIjoiOGRkODhmYjctMzhkZC00MDJiLTg3MjgtMGE4ZjA3OTcyZGVhIiwiZXhwIjoxNzQ3OTAxNjk2fQ.nKIlc0oFLUXTKyyosBeex6tCx-v3r9E1-vlUmVj71JE
2025-05-22 01:14:56 [http-nio-9090-exec-1] INFO  c.e.l.Controller.AuthController - Login successful for userId: aliSeccad@example.com
2025-05-22 01:15:08 [http-nio-9090-exec-3] INFO  c.e.l.Service.UsersService - Kullanıcı başarıyla silindi - ID: 4
2025-05-22 01:15:08 [org.springframework.amqp.rabbit.RabbitListenerEndpointContainer#0-1] INFO  c.e.l.Messaging.NotificationConsumer - Yeni bildirim alındı: Silme işleminiz başarıyla tamamlanmıştır.
2025-05-22 01:15:08 [org.springframework.amqp.rabbit.RabbitListenerEndpointContainer#0-1] INFO  c.e.l.Service.NotificationsService - Bildirim veritabanına kaydedildi: Kullanıcı ID=4
2025-05-22 01:17:52 [main] INFO  c.e.l.LoanPlatformApplication - Starting LoanPlatformApplication using Java 23.0.1 with PID 13352 (C:\Users\beyzanur\OneDrive\Desktop\loan_platform\target\classes started by beyzanur in C:\Users\beyzanur\OneDrive\Desktop\loan_platform)
2025-05-22 01:17:52 [main] DEBUG c.e.l.LoanPlatformApplication - Running with Spring Boot v3.2.0, Spring v6.1.1
2025-05-22 01:17:52 [main] INFO  c.e.l.LoanPlatformApplication - No active profile set, falling back to 1 default profile: "default"
2025-05-22 01:17:59 [main] DEBUG c.e.l.S.JwtAuthenticationFilter - Filter 'jwtAuthenticationFilter' configured for use
2025-05-22 01:18:03 [main] INFO  c.e.l.LoanPlatformApplication - Started LoanPlatformApplication in 11.805 seconds (process running for 12.595)
2025-05-22 01:18:10 [http-nio-9090-exec-1] INFO  c.e.l.Controller.AuthController - Login attempt for userId: aliSeccad@example.com
2025-05-22 01:18:10 [http-nio-9090-exec-1] INFO  c.e.l.Service.AuthService - Kullanıcı için giriş:  aliSeccad@example.com
2025-05-22 01:18:10 [http-nio-9090-exec-1] INFO  c.e.l.Service.AuthService - Kimlik doğrulama başarılı: aliSeccad@example.com
2025-05-22 01:18:10 [http-nio-9090-exec-1] DEBUG c.e.l.Service.AuthService - JWT token oluşturuldu: eyJhbGciOiJIUzI1NiJ9.eyJzdWIiOiJhbGlTZWNjYWRAZXhhbXBsZS5jb20iLCJyb2xlcyI6WyJST0xFX0FETUlOIl0sImlhdCI6MTc0Nzg2NTg5MCwianRpIjoiYzc2Y2RmMTQtMzI2NS00MjUwLWI1MGUtMWZhMWUwOTk1NmY0IiwiZXhwIjoxNzQ3OTAxODkwfQ.oMqn0QU_1othwBfVJTIzg9tdv-pYOqelmGfqI6BQrfU
2025-05-22 01:18:10 [http-nio-9090-exec-1] INFO  c.e.l.Controller.AuthController - Login successful for userId: aliSeccad@example.com
2025-05-22 13:51:53 [main] INFO  c.e.l.LoanPlatformApplication - Starting LoanPlatformApplication using Java 23.0.1 with PID 10464 (C:\Users\beyzanur\OneDrive\Desktop\loan_platform\target\classes started by beyzanur in C:\Users\beyzanur\OneDrive\Desktop\loan_platform)
2025-05-22 13:51:53 [main] DEBUG c.e.l.LoanPlatformApplication - Running with Spring Boot v3.2.0, Spring v6.1.1
2025-05-22 13:51:53 [main] INFO  c.e.l.LoanPlatformApplication - No active profile set, falling back to 1 default profile: "default"
2025-05-22 13:52:01 [main] DEBUG c.e.l.S.JwtAuthenticationFilter - Filter 'jwtAuthenticationFilter' configured for use
2025-05-22 13:52:05 [main] INFO  c.e.l.LoanPlatformApplication - Started LoanPlatformApplication in 12.652 seconds (process running for 14.934)
2025-05-22 13:52:59 [main] INFO  c.e.l.LoanPlatformApplication - Starting LoanPlatformApplication using Java 23.0.1 with PID 13056 (C:\Users\beyzanur\OneDrive\Desktop\loan_platform\target\classes started by beyzanur in C:\Users\beyzanur\OneDrive\Desktop\loan_platform)
2025-05-22 13:52:59 [main] DEBUG c.e.l.LoanPlatformApplication - Running with Spring Boot v3.2.0, Spring v6.1.1
2025-05-22 13:52:59 [main] INFO  c.e.l.LoanPlatformApplication - No active profile set, falling back to 1 default profile: "default"
2025-05-22 13:53:07 [main] DEBUG c.e.l.S.JwtAuthenticationFilter - Filter 'jwtAuthenticationFilter' configured for use
2025-05-22 13:53:12 [main] INFO  c.e.l.LoanPlatformApplication - Started LoanPlatformApplication in 13.085 seconds (process running for 14.138)
2025-05-22 13:53:46 [http-nio-9090-exec-2] INFO  c.e.l.Controller.AuthController - Login attempt for userId: aliSeccad@example.com
2025-05-22 13:53:46 [http-nio-9090-exec-2] INFO  c.e.l.Service.AuthService - Kullanıcı için giriş:  aliSeccad@example.com
2025-05-22 13:53:46 [http-nio-9090-exec-2] INFO  c.e.l.Service.AuthService - Kimlik doğrulama başarılı: aliSeccad@example.com
2025-05-22 13:53:46 [http-nio-9090-exec-2] DEBUG c.e.l.Service.AuthService - JWT token oluşturuldu: eyJhbGciOiJIUzI1NiJ9.eyJzdWIiOiJhbGlTZWNjYWRAZXhhbXBsZS5jb20iLCJyb2xlcyI6WyJST0xFX0FETUlOIl0sImlhdCI6MTc0NzkxMTIyNiwianRpIjoiYjZmYjkxZjItMWVmOC00NGJlLWFhYWItOGE1NDIwZTExOGJjIiwiZXhwIjoxNzQ3OTQ3MjI2fQ.YRqYzMnO29xEr8EIvgTApojvrTD2SdzzxEb45O2FTB4
2025-05-22 13:53:46 [http-nio-9090-exec-2] INFO  c.e.l.Controller.AuthController - Login successful for userId: aliSeccad@example.com
2025-05-22 13:55:39 [main] INFO  c.e.l.LoanPlatformApplication - Starting LoanPlatformApplication using Java 23.0.1 with PID 18584 (C:\Users\beyzanur\OneDrive\Desktop\loan_platform\target\classes started by beyzanur in C:\Users\beyzanur\OneDrive\Desktop\loan_platform)
2025-05-22 13:55:39 [main] DEBUG c.e.l.LoanPlatformApplication - Running with Spring Boot v3.2.0, Spring v6.1.1
2025-05-22 13:55:39 [main] INFO  c.e.l.LoanPlatformApplication - No active profile set, falling back to 1 default profile: "default"
2025-05-22 13:55:47 [main] DEBUG c.e.l.S.JwtAuthenticationFilter - Filter 'jwtAuthenticationFilter' configured for use
2025-05-22 13:55:51 [main] INFO  c.e.l.LoanPlatformApplication - Started LoanPlatformApplication in 12.39 seconds (process running for 13.239)
2025-05-22 13:56:07 [http-nio-9090-exec-2] INFO  c.e.l.Controller.AuthController - Login attempt for userId: aliSeccad@example.com
2025-05-22 13:56:07 [http-nio-9090-exec-2] INFO  c.e.l.Service.AuthService - Kullanıcı için giriş:  aliSeccad@example.com
2025-05-22 13:56:07 [http-nio-9090-exec-2] INFO  c.e.l.Service.AuthService - Kimlik doğrulama başarılı: aliSeccad@example.com
2025-05-22 13:56:07 [http-nio-9090-exec-2] DEBUG c.e.l.Service.AuthService - JWT token oluşturuldu: eyJhbGciOiJIUzI1NiJ9.eyJzdWIiOiJhbGlTZWNjYWRAZXhhbXBsZS5jb20iLCJyb2xlcyI6WyJST0xFX0FETUlOIl0sImlhdCI6MTc0NzkxMTM2NywianRpIjoiMDVhNDEzMmItMDk3OS00Yjg0LWE2ZmUtMDQ4MDE2ZTg4N2QxIiwiZXhwIjoxNzQ3OTQ3MzY3fQ.4CrZRclgpzqmmJoGh0lmsg24aM5zjMQYsaHvN_1v4Wg
2025-05-22 13:56:07 [http-nio-9090-exec-2] INFO  c.e.l.Controller.AuthController - Login successful for userId: aliSeccad@example.com
2025-05-22 13:56:55 [main] INFO  c.e.l.LoanPlatformApplication - Starting LoanPlatformApplication using Java 23.0.1 with PID 20864 (C:\Users\beyzanur\OneDrive\Desktop\loan_platform\target\classes started by beyzanur in C:\Users\beyzanur\OneDrive\Desktop\loan_platform)
2025-05-22 13:56:55 [main] DEBUG c.e.l.LoanPlatformApplication - Running with Spring Boot v3.2.0, Spring v6.1.1
2025-05-22 13:56:55 [main] INFO  c.e.l.LoanPlatformApplication - No active profile set, falling back to 1 default profile: "default"
2025-05-22 13:57:02 [main] DEBUG c.e.l.S.JwtAuthenticationFilter - Filter 'jwtAuthenticationFilter' configured for use
2025-05-22 13:57:06 [main] INFO  c.e.l.LoanPlatformApplication - Started LoanPlatformApplication in 11.614 seconds (process running for 12.4)
2025-05-22 13:57:11 [http-nio-9090-exec-2] INFO  c.e.l.Controller.AuthController - Login attempt for userId: aliSeccad@example.com
2025-05-22 13:57:11 [http-nio-9090-exec-2] INFO  c.e.l.Service.AuthService - Kullanıcı için giriş:  aliSeccad@example.com
2025-05-22 13:57:12 [http-nio-9090-exec-2] INFO  c.e.l.Service.AuthService - Kimlik doğrulama başarılı: aliSeccad@example.com
2025-05-22 13:57:12 [http-nio-9090-exec-2] DEBUG c.e.l.Service.AuthService - JWT token oluşturuldu: eyJhbGciOiJIUzI1NiJ9.eyJzdWIiOiJhbGlTZWNjYWRAZXhhbXBsZS5jb20iLCJyb2xlcyI6WyJST0xFX0FETUlOIl0sImlhdCI6MTc0NzkxMTQzMiwianRpIjoiMDM5YzU5ZmMtYjFlNS00OGRmLTk0NjQtYjRmODkzYmFlOGVjIiwiZXhwIjoxNzQ3OTQ3NDMyfQ.qUhx7rvJx811PfuU1ZVJtOUsfaMddNH8fzYSpVOAi-M
2025-05-22 13:57:12 [http-nio-9090-exec-2] INFO  c.e.l.Controller.AuthController - Login successful for userId: aliSeccad@example.com
2025-05-22 13:57:26 [http-nio-9090-exec-3] INFO  c.e.l.Service.UsersService - Kullanıcı başarıyla silindi - ID: 4
2025-05-22 13:57:26 [org.springframework.amqp.rabbit.RabbitListenerEndpointContainer#0-1] INFO  c.e.l.Messaging.NotificationConsumer - Yeni bildirim alındı: Silme işleminiz başarıyla tamamlanmıştır.
2025-05-22 13:57:26 [org.springframework.amqp.rabbit.RabbitListenerEndpointContainer#0-1] INFO  c.e.l.Service.NotificationsService - Bildirim veritabanına kaydedildi: Kullanıcı ID=4
2025-05-22 14:03:56 [main] INFO  c.e.l.LoanPlatformApplication - Starting LoanPlatformApplication using Java 23.0.1 with PID 11688 (C:\Users\beyzanur\OneDrive\Desktop\loan_platform\target\classes started by beyzanur in C:\Users\beyzanur\OneDrive\Desktop\loan_platform)
2025-05-22 14:03:56 [main] DEBUG c.e.l.LoanPlatformApplication - Running with Spring Boot v3.2.0, Spring v6.1.1
2025-05-22 14:03:56 [main] INFO  c.e.l.LoanPlatformApplication - No active profile set, falling back to 1 default profile: "default"
2025-05-22 14:04:03 [main] DEBUG c.e.l.S.JwtAuthenticationFilter - Filter 'jwtAuthenticationFilter' configured for use
2025-05-22 14:04:08 [main] INFO  c.e.l.LoanPlatformApplication - Started LoanPlatformApplication in 12.114 seconds (process running for 13.002)
2025-05-22 14:04:30 [http-nio-9090-exec-3] INFO  c.e.l.Controller.AuthController - Login attempt for userId: aliSeccad@example.com
2025-05-22 14:04:30 [http-nio-9090-exec-3] INFO  c.e.l.Service.AuthService - Kullanıcı için giriş:  aliSeccad@example.com
2025-05-22 14:04:30 [http-nio-9090-exec-3] INFO  c.e.l.Service.AuthService - Kimlik doğrulama başarılı: aliSeccad@example.com
2025-05-22 14:04:30 [http-nio-9090-exec-3] DEBUG c.e.l.Service.AuthService - JWT token oluşturuldu: eyJhbGciOiJIUzI1NiJ9.eyJzdWIiOiJhbGlTZWNjYWRAZXhhbXBsZS5jb20iLCJyb2xlcyI6WyJST0xFX0FETUlOIl0sImlhdCI6MTc0NzkxMTg3MCwianRpIjoiZWM5MDAyNTctOGJhZi00ODUyLWIyNGUtNTM4MmQ2M2NiOTdiIiwiZXhwIjoxNzQ3OTQ3ODcwfQ.3w_bQ3-VkcCyqiMioJQxX4jZd-ueMtHyjLr-NqW8MSs
2025-05-22 14:04:30 [http-nio-9090-exec-3] INFO  c.e.l.Controller.AuthController - Login successful for userId: aliSeccad@example.com
2025-05-22 14:04:41 [http-nio-9090-exec-4] INFO  c.e.l.Service.UsersService - Kullanıcı başarıyla silindi - ID: 4
2025-05-22 14:04:41 [org.springframework.amqp.rabbit.RabbitListenerEndpointContainer#0-1] INFO  c.e.l.Messaging.NotificationConsumer - Yeni bildirim alındı: Silme işleminiz başarıyla tamamlanmıştır.
2025-05-22 14:04:41 [org.springframework.amqp.rabbit.RabbitListenerEndpointContainer#0-1] INFO  c.e.l.Service.NotificationsService - Bildirim veritabanına kaydedildi: Kullanıcı ID=4
2025-05-22 14:10:41 [main] INFO  c.e.l.LoanPlatformApplication - Starting LoanPlatformApplication using Java 23.0.1 with PID 16820 (C:\Users\beyzanur\OneDrive\Desktop\loan_platform\target\classes started by beyzanur in C:\Users\beyzanur\OneDrive\Desktop\loan_platform)
2025-05-22 14:10:41 [main] DEBUG c.e.l.LoanPlatformApplication - Running with Spring Boot v3.2.0, Spring v6.1.1
2025-05-22 14:10:41 [main] INFO  c.e.l.LoanPlatformApplication - No active profile set, falling back to 1 default profile: "default"
2025-05-22 14:10:48 [main] DEBUG c.e.l.S.JwtAuthenticationFilter - Filter 'jwtAuthenticationFilter' configured for use
2025-05-22 14:10:53 [main] INFO  c.e.l.LoanPlatformApplication - Started LoanPlatformApplication in 12.606 seconds (process running for 13.361)
2025-05-22 14:11:05 [http-nio-9090-exec-2] INFO  c.e.l.Controller.AuthController - Login attempt for userId: aliSeccad@example.com
2025-05-22 14:11:05 [http-nio-9090-exec-2] INFO  c.e.l.Service.AuthService - Kullanıcı için giriş:  aliSeccad@example.com
2025-05-22 14:11:05 [http-nio-9090-exec-2] INFO  c.e.l.Service.AuthService - Kimlik doğrulama başarılı: aliSeccad@example.com
2025-05-22 14:11:05 [http-nio-9090-exec-2] DEBUG c.e.l.Service.AuthService - JWT token oluşturuldu: eyJhbGciOiJIUzI1NiJ9.eyJzdWIiOiJhbGlTZWNjYWRAZXhhbXBsZS5jb20iLCJyb2xlcyI6WyJST0xFX0FETUlOIl0sImlhdCI6MTc0NzkxMjI2NSwianRpIjoiZjZiYjYxY2EtNjAxNy00NGYzLWJhZmItZTY5ZDZhZDM1ZGU4IiwiZXhwIjoxNzQ3OTQ4MjY1fQ.VhzbyGJpaRHt_athCdYW2uZVxJDcKbOGTSSm62q8TOM
2025-05-22 14:11:05 [http-nio-9090-exec-2] INFO  c.e.l.Controller.AuthController - Login successful for userId: aliSeccad@example.com
2025-05-22 14:11:15 [http-nio-9090-exec-3] INFO  c.e.l.Service.UsersService - Kullanıcı başarıyla silindi - ID: 4
2025-05-22 14:11:15 [org.springframework.amqp.rabbit.RabbitListenerEndpointContainer#0-1] INFO  c.e.l.Messaging.NotificationConsumer - Yeni bildirim alındı: Silme işleminiz başarıyla tamamlanmıştır.
2025-05-22 14:11:15 [org.springframework.amqp.rabbit.RabbitListenerEndpointContainer#0-1] INFO  c.e.l.Service.NotificationsService - Bildirim veritabanına kaydedildi: Kullanıcı ID=4
2025-05-22 14:20:35 [main] INFO  c.e.l.LoanPlatformApplication - Starting LoanPlatformApplication using Java 23.0.1 with PID 21528 (C:\Users\beyzanur\OneDrive\Desktop\loan_platform\target\classes started by beyzanur in C:\Users\beyzanur\OneDrive\Desktop\loan_platform)
2025-05-22 14:20:35 [main] DEBUG c.e.l.LoanPlatformApplication - Running with Spring Boot v3.2.0, Spring v6.1.1
2025-05-22 14:20:35 [main] INFO  c.e.l.LoanPlatformApplication - No active profile set, falling back to 1 default profile: "default"
2025-05-22 14:20:42 [main] DEBUG c.e.l.S.JwtAuthenticationFilter - Filter 'jwtAuthenticationFilter' configured for use
2025-05-22 14:20:47 [main] INFO  c.e.l.LoanPlatformApplication - Started LoanPlatformApplication in 12.902 seconds (process running for 13.93)
2025-05-22 14:20:58 [http-nio-9090-exec-2] INFO  c.e.l.Controller.AuthController - Login attempt for userId: aliSeccad@example.com
2025-05-22 14:20:58 [http-nio-9090-exec-2] INFO  c.e.l.Service.AuthService - Kullanıcı için giriş:  aliSeccad@example.com
2025-05-22 14:20:58 [http-nio-9090-exec-2] INFO  c.e.l.Service.AuthService - Kimlik doğrulama başarılı: aliSeccad@example.com
2025-05-22 14:20:58 [http-nio-9090-exec-2] DEBUG c.e.l.Service.AuthService - JWT token oluşturuldu: eyJhbGciOiJIUzI1NiJ9.eyJzdWIiOiJhbGlTZWNjYWRAZXhhbXBsZS5jb20iLCJyb2xlcyI6WyJST0xFX0FETUlOIl0sImlhdCI6MTc0NzkxMjg1OCwianRpIjoiMzZmNDdiZTYtNzUzNS00Y2UzLWFhNmMtZDVlYTcxMDI3MjNjIiwiZXhwIjoxNzQ3OTQ4ODU4fQ.k5isTpTOYQ3VtbKJs5q0911nwFoPaEn2nE3Iyfbw3mY
2025-05-22 14:20:58 [http-nio-9090-exec-2] INFO  c.e.l.Controller.AuthController - Login successful for userId: aliSeccad@example.com
2025-05-22 14:21:08 [http-nio-9090-exec-3] INFO  c.e.l.Service.UsersService - Kullanıcı başarıyla silindi - ID: 4
2025-05-22 14:21:08 [org.springframework.amqp.rabbit.RabbitListenerEndpointContainer#0-1] INFO  c.e.l.Messaging.NotificationConsumer - Yeni bildirim alındı: Silme işleminiz başarıyla tamamlanmıştır.
2025-05-22 14:21:08 [org.springframework.amqp.rabbit.RabbitListenerEndpointContainer#0-1] INFO  c.e.l.Service.NotificationsService - Bildirim veritabanına kaydedildi: Kullanıcı ID=4
2025-05-22 14:32:28 [main] INFO  c.e.l.LoanPlatformApplication - Starting LoanPlatformApplication using Java 23.0.1 with PID 11212 (C:\Users\beyzanur\OneDrive\Desktop\loan_platform\target\classes started by beyzanur in C:\Users\beyzanur\OneDrive\Desktop\loan_platform)
2025-05-22 14:32:28 [main] DEBUG c.e.l.LoanPlatformApplication - Running with Spring Boot v3.2.0, Spring v6.1.1
2025-05-22 14:32:28 [main] INFO  c.e.l.LoanPlatformApplication - No active profile set, falling back to 1 default profile: "default"
2025-05-22 14:32:35 [main] DEBUG c.e.l.S.JwtAuthenticationFilter - Filter 'jwtAuthenticationFilter' configured for use
2025-05-22 14:32:39 [main] INFO  c.e.l.LoanPlatformApplication - Started LoanPlatformApplication in 12.521 seconds (process running for 13.374)
2025-05-22 14:32:49 [http-nio-9090-exec-2] INFO  c.e.l.Controller.AuthController - Login attempt for userId: aliSeccad@example.com
2025-05-22 14:32:49 [http-nio-9090-exec-2] INFO  c.e.l.Service.AuthService - Kullanıcı için giriş:  aliSeccad@example.com
2025-05-22 14:32:49 [http-nio-9090-exec-2] INFO  c.e.l.Service.AuthService - Kimlik doğrulama başarılı: aliSeccad@example.com
2025-05-22 14:32:49 [http-nio-9090-exec-2] DEBUG c.e.l.Service.AuthService - JWT token oluşturuldu: eyJhbGciOiJIUzI1NiJ9.eyJzdWIiOiJhbGlTZWNjYWRAZXhhbXBsZS5jb20iLCJyb2xlcyI6WyJST0xFX0FETUlOIl0sImlhdCI6MTc0NzkxMzU2OSwianRpIjoiN2VjMDgzMmQtMDBhNS00ZjcxLTkzOWYtYWVkYzg1MTBiYTcwIiwiZXhwIjoxNzQ3OTQ5NTY5fQ.Vf_2ynWfIa1JYIme5O6sVMDyY2cUIm3QPm6J9rwd__g
2025-05-22 14:32:49 [http-nio-9090-exec-2] INFO  c.e.l.Controller.AuthController - Login successful for userId: aliSeccad@example.com
2025-05-22 14:33:00 [http-nio-9090-exec-3] INFO  c.e.l.Service.UsersService - Kullanıcı başarıyla silindi - ID: 4
2025-05-22 14:33:00 [org.springframework.amqp.rabbit.RabbitListenerEndpointContainer#0-1] INFO  c.e.l.Messaging.NotificationConsumer - Yeni bildirim alındı: Silme işleminiz başarıyla tamamlanmıştır.
2025-05-22 14:33:00 [org.springframework.amqp.rabbit.RabbitListenerEndpointContainer#0-1] INFO  c.e.l.Service.NotificationsService - Bildirim veritabanına kaydedildi: Kullanıcı ID=4
2025-05-22 14:36:23 [main] INFO  c.e.l.LoanPlatformApplication - Starting LoanPlatformApplication using Java 23.0.1 with PID 22268 (C:\Users\beyzanur\OneDrive\Desktop\loan_platform\target\classes started by beyzanur in C:\Users\beyzanur\OneDrive\Desktop\loan_platform)
2025-05-22 14:36:23 [main] DEBUG c.e.l.LoanPlatformApplication - Running with Spring Boot v3.2.0, Spring v6.1.1
2025-05-22 14:36:23 [main] INFO  c.e.l.LoanPlatformApplication - No active profile set, falling back to 1 default profile: "default"
2025-05-22 14:36:31 [main] DEBUG c.e.l.S.JwtAuthenticationFilter - Filter 'jwtAuthenticationFilter' configured for use
2025-05-22 14:36:36 [main] INFO  c.e.l.LoanPlatformApplication - Started LoanPlatformApplication in 14.239 seconds (process running for 14.911)
2025-05-22 14:36:56 [http-nio-9090-exec-3] INFO  c.e.l.Service.UsersService - Yeni kullanıcı kaydı başlatıldı: deneme2@example.com
2025-05-22 14:36:56 [http-nio-9090-exec-3] INFO  c.e.l.Service.UsersService - Kullanıcı başarıyla kaydedildi: deneme2@example.com
2025-05-22 14:36:56 [http-nio-9090-exec-3] INFO  c.e.l.Service.AuditLogsService - Kullanıcı işlem kaydediliyor. Kullanıcı ID: 5, Aksiyon: Kullanıcı başarıyla kaydedildi, Hesap Numarası: null
2025-05-22 14:36:56 [org.springframework.amqp.rabbit.RabbitListenerEndpointContainer#0-1] INFO  c.e.l.Messaging.NotificationConsumer - Yeni bildirim alındı: Kaydınız başarıyla tamamlanmıştır.
2025-05-22 14:36:56 [http-nio-9090-exec-3] INFO  c.e.l.Service.AuditLogsService - İşlem kaydedildi. Kullanıcı ID: 5, Aksiyon: Kullanıcı başarıyla kaydedildi, Hesap Numarası: null
2025-05-22 14:36:56 [org.springframework.amqp.rabbit.RabbitListenerEndpointContainer#0-1] INFO  c.e.l.Service.NotificationsService - Bildirim veritabanına kaydedildi: Kullanıcı ID=5
2025-05-22 14:37:03 [http-nio-9090-exec-2] INFO  c.e.l.Controller.AuthController - Login attempt for userId: aliSeccad@example.com
2025-05-22 14:37:03 [http-nio-9090-exec-2] INFO  c.e.l.Service.AuthService - Kullanıcı için giriş:  aliSeccad@example.com
2025-05-22 14:37:04 [http-nio-9090-exec-2] INFO  c.e.l.Service.AuthService - Kimlik doğrulama başarılı: aliSeccad@example.com
2025-05-22 14:37:04 [http-nio-9090-exec-2] DEBUG c.e.l.Service.AuthService - JWT token oluşturuldu: eyJhbGciOiJIUzI1NiJ9.eyJzdWIiOiJhbGlTZWNjYWRAZXhhbXBsZS5jb20iLCJyb2xlcyI6WyJST0xFX0FETUlOIl0sImlhdCI6MTc0NzkxMzgyNCwianRpIjoiMGIwNWIyZTMtNDUxZC00YzE4LThmNzYtNzJmMzcwNjZkOThkIiwiZXhwIjoxNzQ3OTQ5ODI0fQ.fmpRviv5ETzhcavNEIR10VhjR6hFL0UextW8-JPDnz8
2025-05-22 14:37:04 [http-nio-9090-exec-2] INFO  c.e.l.Controller.AuthController - Login successful for userId: aliSeccad@example.com
2025-05-22 14:37:17 [http-nio-9090-exec-4] INFO  c.e.l.Service.UsersService - Kullanıcı başarıyla silindi - ID: 5
2025-05-22 14:37:17 [org.springframework.amqp.rabbit.RabbitListenerEndpointContainer#0-1] INFO  c.e.l.Messaging.NotificationConsumer - Yeni bildirim alındı: Silme işleminiz başarıyla tamamlanmıştır.
2025-05-22 14:37:17 [org.springframework.amqp.rabbit.RabbitListenerEndpointContainer#0-1] INFO  c.e.l.Service.NotificationsService - Bildirim veritabanına kaydedildi: Kullanıcı ID=5
2025-05-22 14:39:02 [main] INFO  c.e.l.LoanPlatformApplication - Starting LoanPlatformApplication using Java 23.0.1 with PID 1704 (C:\Users\beyzanur\OneDrive\Desktop\loan_platform\target\classes started by beyzanur in C:\Users\beyzanur\OneDrive\Desktop\loan_platform)
2025-05-22 14:39:02 [main] DEBUG c.e.l.LoanPlatformApplication - Running with Spring Boot v3.2.0, Spring v6.1.1
2025-05-22 14:39:02 [main] INFO  c.e.l.LoanPlatformApplication - No active profile set, falling back to 1 default profile: "default"
2025-05-22 14:39:09 [main] DEBUG c.e.l.S.JwtAuthenticationFilter - Filter 'jwtAuthenticationFilter' configured for use
2025-05-22 14:39:13 [main] INFO  c.e.l.LoanPlatformApplication - Started LoanPlatformApplication in 11.857 seconds (process running for 12.433)
2025-05-22 14:39:19 [http-nio-9090-exec-2] INFO  c.e.l.Controller.AuthController - Login attempt for userId: aliSeccad@example.com
2025-05-22 14:39:19 [http-nio-9090-exec-2] INFO  c.e.l.Service.AuthService - Kullanıcı için giriş:  aliSeccad@example.com
2025-05-22 14:39:19 [http-nio-9090-exec-2] INFO  c.e.l.Service.AuthService - Kimlik doğrulama başarılı: aliSeccad@example.com
2025-05-22 14:39:19 [http-nio-9090-exec-2] DEBUG c.e.l.Service.AuthService - JWT token oluşturuldu: eyJhbGciOiJIUzI1NiJ9.eyJzdWIiOiJhbGlTZWNjYWRAZXhhbXBsZS5jb20iLCJyb2xlcyI6WyJST0xFX0FETUlOIl0sImlhdCI6MTc0NzkxMzk1OSwianRpIjoiZTgyNjgyNDMtODQ5ZS00N2Y5LWE1NDctYjA5ZTExOWU5M2ZkIiwiZXhwIjoxNzQ3OTQ5OTU5fQ.qj_jnvX4LMu1j4mszdUVglUB3gWwcrE-On_CKQqNlSg
2025-05-22 14:39:19 [http-nio-9090-exec-2] INFO  c.e.l.Controller.AuthController - Login successful for userId: aliSeccad@example.com
2025-05-22 14:39:29 [http-nio-9090-exec-3] INFO  c.e.l.Service.UsersService - Kullanıcı başarıyla silindi - ID: 5
2025-05-22 14:41:20 [main] INFO  c.e.l.LoanPlatformApplication - Starting LoanPlatformApplication using Java 23.0.1 with PID 3412 (C:\Users\beyzanur\OneDrive\Desktop\loan_platform\target\classes started by beyzanur in C:\Users\beyzanur\OneDrive\Desktop\loan_platform)
2025-05-22 14:41:20 [main] DEBUG c.e.l.LoanPlatformApplication - Running with Spring Boot v3.2.0, Spring v6.1.1
2025-05-22 14:41:20 [main] INFO  c.e.l.LoanPlatformApplication - No active profile set, falling back to 1 default profile: "default"
2025-05-22 14:41:26 [main] DEBUG c.e.l.S.JwtAuthenticationFilter - Filter 'jwtAuthenticationFilter' configured for use
2025-05-22 14:41:31 [main] INFO  c.e.l.LoanPlatformApplication - Started LoanPlatformApplication in 10.623 seconds (process running for 11.203)
2025-05-22 14:41:36 [http-nio-9090-exec-2] INFO  c.e.l.Controller.AuthController - Login attempt for userId: aliSeccad@example.com
2025-05-22 14:41:36 [http-nio-9090-exec-2] INFO  c.e.l.Service.AuthService - Kullanıcı için giriş:  aliSeccad@example.com
2025-05-22 14:41:36 [http-nio-9090-exec-2] INFO  c.e.l.Service.AuthService - Kimlik doğrulama başarılı: aliSeccad@example.com
2025-05-22 14:41:36 [http-nio-9090-exec-2] DEBUG c.e.l.Service.AuthService - JWT token oluşturuldu: eyJhbGciOiJIUzI1NiJ9.eyJzdWIiOiJhbGlTZWNjYWRAZXhhbXBsZS5jb20iLCJyb2xlcyI6WyJST0xFX0FETUlOIl0sImlhdCI6MTc0NzkxNDA5NiwianRpIjoiZjlhMzYxY2UtMjYyNC00YTE1LWEwZWEtYTcwMzJlMjIwZjMwIiwiZXhwIjoxNzQ3OTUwMDk2fQ.RtfzgIRAVwe-cETbDS2U6yE0fDH5fxrhhS0rFEQ3m0g
2025-05-22 14:41:36 [http-nio-9090-exec-2] INFO  c.e.l.Controller.AuthController - Login successful for userId: aliSeccad@example.com
2025-05-22 14:41:56 [http-nio-9090-exec-3] INFO  c.e.l.Service.UsersService - Kullanıcı başarıyla silindi - ID: 5
2025-05-22 18:21:20 [main] INFO  c.e.l.LoanPlatformApplication - Starting LoanPlatformApplication using Java 23.0.1 with PID 15584 (C:\Users\beyzanur\OneDrive\Desktop\loan_platform\target\classes started by beyzanur in C:\Users\beyzanur\OneDrive\Desktop\loan_platform)
2025-05-22 18:21:20 [main] DEBUG c.e.l.LoanPlatformApplication - Running with Spring Boot v3.2.0, Spring v6.1.1
2025-05-22 18:21:20 [main] INFO  c.e.l.LoanPlatformApplication - No active profile set, falling back to 1 default profile: "default"
2025-05-22 18:21:29 [main] DEBUG c.e.l.S.JwtAuthenticationFilter - Filter 'jwtAuthenticationFilter' configured for use
2025-05-22 18:21:37 [main] INFO  c.e.l.LoanPlatformApplication - Started LoanPlatformApplication in 18.447 seconds (process running for 19.229)
2025-05-22 18:21:45 [http-nio-9090-exec-1] INFO  c.e.l.Controller.AuthController - Login attempt for userId: aliSeccad@example.com
2025-05-22 18:21:45 [http-nio-9090-exec-1] INFO  c.e.l.Service.AuthService - Kullanıcı için giriş:  aliSeccad@example.com
2025-05-22 18:21:45 [http-nio-9090-exec-1] INFO  c.e.l.Service.AuthService - Kimlik doğrulama başarılı: aliSeccad@example.com
2025-05-22 18:21:45 [http-nio-9090-exec-1] DEBUG c.e.l.Service.AuthService - JWT token oluşturuldu: eyJhbGciOiJIUzI1NiJ9.eyJzdWIiOiJhbGlTZWNjYWRAZXhhbXBsZS5jb20iLCJyb2xlcyI6WyJST0xFX0FETUlOIl0sImlhdCI6MTc0NzkyNzMwNSwianRpIjoiYjhjMjIyNDktNTkxZi00MjI1LWE3NDgtNmFkMjlhODQxMDFiIiwiZXhwIjoxNzQ3OTYzMzA1fQ.hbhd_5UaXDuV4vkOnY3CCYq9r4u-xg7QhwJpa52CXtM
2025-05-22 18:21:45 [http-nio-9090-exec-1] INFO  c.e.l.Controller.AuthController - Login successful for userId: aliSeccad@example.com
2025-05-22 18:22:00 [http-nio-9090-exec-3] INFO  c.e.l.Service.UsersService - Kullanıcı başarıyla silindi - ID: 4
2025-05-22 18:22:00 [org.springframework.amqp.rabbit.RabbitListenerEndpointContainer#0-1] INFO  c.e.l.Messaging.NotificationConsumer - Yeni bildirim alındı: Silme işleminiz başarıyla tamamlanmıştır.
2025-05-22 18:22:00 [org.springframework.amqp.rabbit.RabbitListenerEndpointContainer#0-1] INFO  c.e.l.Service.NotificationsService - Bildirim veritabanına kaydedildi: Kullanıcı ID=4
2025-05-22 18:24:31 [main] INFO  c.e.l.LoanPlatformApplication - Starting LoanPlatformApplication using Java 23.0.1 with PID 12780 (C:\Users\beyzanur\OneDrive\Desktop\loan_platform\target\classes started by beyzanur in C:\Users\beyzanur\OneDrive\Desktop\loan_platform)
2025-05-22 18:24:31 [main] DEBUG c.e.l.LoanPlatformApplication - Running with Spring Boot v3.2.0, Spring v6.1.1
2025-05-22 18:24:31 [main] INFO  c.e.l.LoanPlatformApplication - No active profile set, falling back to 1 default profile: "default"
2025-05-22 18:24:39 [main] DEBUG c.e.l.S.JwtAuthenticationFilter - Filter 'jwtAuthenticationFilter' configured for use
2025-05-22 18:24:44 [main] INFO  c.e.l.LoanPlatformApplication - Started LoanPlatformApplication in 13.138 seconds (process running for 13.931)
2025-05-22 18:24:56 [http-nio-9090-exec-3] INFO  c.e.l.Controller.AuthController - Login attempt for userId: aliSeccad@example.com
2025-05-22 18:24:56 [http-nio-9090-exec-3] INFO  c.e.l.Service.AuthService - Kullanıcı için giriş:  aliSeccad@example.com
2025-05-22 18:24:56 [http-nio-9090-exec-3] INFO  c.e.l.Service.AuthService - Kimlik doğrulama başarılı: aliSeccad@example.com
2025-05-22 18:24:56 [http-nio-9090-exec-3] DEBUG c.e.l.Service.AuthService - JWT token oluşturuldu: eyJhbGciOiJIUzI1NiJ9.eyJzdWIiOiJhbGlTZWNjYWRAZXhhbXBsZS5jb20iLCJyb2xlcyI6WyJST0xFX0FETUlOIl0sImlhdCI6MTc0NzkyNzQ5NiwianRpIjoiYzJiY2NhZTQtNGYxMi00YzM1LWFkMTYtMTI1YmU0YWJjMThmIiwiZXhwIjoxNzQ3OTYzNDk2fQ.A7xi1S_ezd3Wwo_iVuyIhEHmDbsPO0TShsraGD3D4ZI
2025-05-22 18:24:56 [http-nio-9090-exec-3] INFO  c.e.l.Controller.AuthController - Login successful for userId: aliSeccad@example.com
2025-05-22 18:25:05 [http-nio-9090-exec-2] INFO  c.e.l.Service.UsersService - Kullanıcı başarıyla silindi - ID: 4
2025-05-22 18:25:19 [main] INFO  c.e.l.LoanPlatformApplication - Starting LoanPlatformApplication using Java 23.0.1 with PID 22872 (C:\Users\beyzanur\OneDrive\Desktop\loan_platform\target\classes started by beyzanur in C:\Users\beyzanur\OneDrive\Desktop\loan_platform)
2025-05-22 18:25:19 [main] DEBUG c.e.l.LoanPlatformApplication - Running with Spring Boot v3.2.0, Spring v6.1.1
2025-05-22 18:25:19 [main] INFO  c.e.l.LoanPlatformApplication - No active profile set, falling back to 1 default profile: "default"
2025-05-22 18:25:25 [main] DEBUG c.e.l.S.JwtAuthenticationFilter - Filter 'jwtAuthenticationFilter' configured for use
2025-05-22 18:25:29 [main] INFO  c.e.l.LoanPlatformApplication - Started LoanPlatformApplication in 11.525 seconds (process running for 12.248)
2025-05-22 18:25:41 [http-nio-9090-exec-1] INFO  c.e.l.Controller.AuthController - Login attempt for userId: aliSeccad@example.com
2025-05-22 18:25:41 [http-nio-9090-exec-1] INFO  c.e.l.Service.AuthService - Kullanıcı için giriş:  aliSeccad@example.com
2025-05-22 18:25:41 [http-nio-9090-exec-1] INFO  c.e.l.Service.AuthService - Kimlik doğrulama başarılı: aliSeccad@example.com
2025-05-22 18:25:41 [http-nio-9090-exec-1] DEBUG c.e.l.Service.AuthService - JWT token oluşturuldu: eyJhbGciOiJIUzI1NiJ9.eyJzdWIiOiJhbGlTZWNjYWRAZXhhbXBsZS5jb20iLCJyb2xlcyI6WyJST0xFX0FETUlOIl0sImlhdCI6MTc0NzkyNzU0MSwianRpIjoiMWNkMjFiOWQtZDZmOC00NGI1LTllNTYtZDMyN2VhMDY2MzhjIiwiZXhwIjoxNzQ3OTYzNTQxfQ.-ukNvnybYsv1EIG0tSKjUUEf32wrTsGU0tcQNuIxtq0
2025-05-22 18:25:41 [http-nio-9090-exec-1] INFO  c.e.l.Controller.AuthController - Login successful for userId: aliSeccad@example.com
2025-05-22 18:25:52 [http-nio-9090-exec-3] INFO  c.e.l.Service.UsersService - Kullanıcı başarıyla silindi - ID: 4
2025-05-22 18:26:58 [main] INFO  c.e.l.LoanPlatformApplication - Starting LoanPlatformApplication using Java 23.0.1 with PID 25784 (C:\Users\beyzanur\OneDrive\Desktop\loan_platform\target\classes started by beyzanur in C:\Users\beyzanur\OneDrive\Desktop\loan_platform)
2025-05-22 18:26:58 [main] DEBUG c.e.l.LoanPlatformApplication - Running with Spring Boot v3.2.0, Spring v6.1.1
2025-05-22 18:26:58 [main] INFO  c.e.l.LoanPlatformApplication - No active profile set, falling back to 1 default profile: "default"
2025-05-22 18:27:05 [main] DEBUG c.e.l.S.JwtAuthenticationFilter - Filter 'jwtAuthenticationFilter' configured for use
2025-05-22 18:27:09 [main] INFO  c.e.l.LoanPlatformApplication - Started LoanPlatformApplication in 11.575 seconds (process running for 12.152)
2025-05-22 19:01:48 [main] INFO  c.e.l.LoanPlatformApplication - Starting LoanPlatformApplication using Java 23.0.1 with PID 25944 (C:\Users\beyzanur\OneDrive\Desktop\loan_platform\target\classes started by beyzanur in C:\Users\beyzanur\OneDrive\Desktop\loan_platform)
2025-05-22 19:01:48 [main] DEBUG c.e.l.LoanPlatformApplication - Running with Spring Boot v3.2.0, Spring v6.1.1
2025-05-22 19:01:48 [main] INFO  c.e.l.LoanPlatformApplication - No active profile set, falling back to 1 default profile: "default"
2025-05-22 19:01:55 [main] DEBUG c.e.l.S.JwtAuthenticationFilter - Filter 'jwtAuthenticationFilter' configured for use
2025-05-22 19:02:01 [main] INFO  c.e.l.LoanPlatformApplication - Started LoanPlatformApplication in 14.0 seconds (process running for 16.201)
2025-05-22 19:02:14 [http-nio-9090-exec-2] INFO  c.e.l.Controller.AuthController - Login attempt for userId: aliSeccad@example.com
2025-05-22 19:02:14 [http-nio-9090-exec-2] INFO  c.e.l.Service.AuthService - Kullanıcı için giriş:  aliSeccad@example.com
2025-05-22 19:02:14 [http-nio-9090-exec-2] INFO  c.e.l.Service.AuthService - Kimlik doğrulama başarılı: aliSeccad@example.com
2025-05-22 19:02:15 [http-nio-9090-exec-2] DEBUG c.e.l.Service.AuthService - JWT token oluşturuldu: eyJhbGciOiJIUzI1NiJ9.eyJzdWIiOiJhbGlTZWNjYWRAZXhhbXBsZS5jb20iLCJyb2xlcyI6WyJST0xFX0FETUlOIl0sImlhdCI6MTc0NzkyOTczNCwianRpIjoiNmUzOGE3YTUtMTNjNy00N2M2LWIxMjQtMTZkMzU5YjY3MzA5IiwiZXhwIjoxNzQ3OTY1NzM0fQ.V28gowUBt6NtORlXjUXCpTJsh0inWJ_LifWFpVv175Y
2025-05-22 19:02:15 [http-nio-9090-exec-2] INFO  c.e.l.Controller.AuthController - Login successful for userId: aliSeccad@example.com
2025-05-22 19:02:36 [http-nio-9090-exec-5] INFO  c.e.l.Controller.AdminController - Kullanıcı bilgisi getiriliyor: ID 1
2025-05-22 19:02:36 [http-nio-9090-exec-5] INFO  c.e.l.Service.UsersService - Kullanıcı bilgisi aranıyor: ID=1
2025-05-22 19:02:36 [http-nio-9090-exec-5] INFO  c.e.l.Service.UsersService - Kullanıcı bilgisi getirildi (ID=1)
2025-05-22 19:02:36 [http-nio-9090-exec-5] INFO  c.e.l.Controller.AdminController - Kullanıcı başarıyla bulundu: ID 1
2025-05-22 19:04:50 [http-nio-9090-exec-8] INFO  c.e.l.Controller.AdminController - Kullanıcı güncelleniyor: ID 2
2025-05-22 19:04:50 [http-nio-9090-exec-8] INFO  c.e.l.Service.UsersService - Kullanıcı kaydı güncelleniyor: beyza@example.com
2025-05-22 19:04:51 [http-nio-9090-exec-8] INFO  c.e.l.Service.UsersService - Kullanıcı başarıyla güncellendi: beyza@example.com
2025-05-22 19:04:51 [http-nio-9090-exec-8] INFO  c.e.l.Service.AuditLogsService - Kullanıcı işlem kaydediliyor. Kullanıcı ID: 2, Aksiyon: Kullanıcı başarıyla güncellendi, Hesap Numarası: null
2025-05-22 19:04:51 [org.springframework.amqp.rabbit.RabbitListenerEndpointContainer#0-1] INFO  c.e.l.Messaging.NotificationConsumer - Yeni bildirim alındı: Güncellemeniz başarıyla tamamlanmıştır.
2025-05-22 19:04:51 [http-nio-9090-exec-8] INFO  c.e.l.Service.AuditLogsService - İşlem kaydedildi. Kullanıcı ID: 2, Aksiyon: Kullanıcı başarıyla güncellendi, Hesap Numarası: null
2025-05-22 19:04:51 [http-nio-9090-exec-8] INFO  c.e.l.Controller.AdminController - Kullanıcı başarıyla güncellendi: ID 2
2025-05-22 19:04:51 [org.springframework.amqp.rabbit.RabbitListenerEndpointContainer#0-1] INFO  c.e.l.Service.NotificationsService - Bildirim veritabanına kaydedildi: Kullanıcı ID=2
2025-05-22 19:46:14 [http-nio-9090-exec-9] INFO  c.e.l.Service.BankAccountsService - Banka hesabı oluşturuluyor. Kullanıcı ID: 1, Banka: İs Bankası, IBAN: TR0001000200030004
2025-05-22 19:46:15 [http-nio-9090-exec-9] INFO  c.e.l.Service.BankAccountsService - Banka hesabı başarıyla oluşturuldu. Kullanıcı ID: 1, IBAN: TR0001000200030004
2025-05-22 19:46:15 [http-nio-9090-exec-9] INFO  c.e.l.Service.AuditLogsService - Kullanıcı işlem kaydediliyor. Kullanıcı ID: 1, Aksiyon: BANKA HESABI BAŞARIYLA OLUŞTURULDU, Hesap Numarası: 1234567891234567
2025-05-22 19:46:15 [http-nio-9090-exec-9] INFO  c.e.l.Service.AuditLogsService - İşlem kaydedildi. Kullanıcı ID: 1, Aksiyon: BANKA HESABI BAŞARIYLA OLUŞTURULDU, Hesap Numarası: 1234567891234567
2025-05-22 19:46:15 [org.springframework.amqp.rabbit.RabbitListenerEndpointContainer#0-1] INFO  c.e.l.Messaging.NotificationConsumer - Yeni bildirim alındı: Yeni banka hesabınız başarıyla oluşturuldu. IBAN: TR0001000200030004
2025-05-22 19:46:15 [org.springframework.amqp.rabbit.RabbitListenerEndpointContainer#0-1] INFO  c.e.l.Service.NotificationsService - Bildirim veritabanına kaydedildi: Kullanıcı ID=1
2025-05-22 19:59:50 [main] INFO  c.e.l.LoanPlatformApplication - Starting LoanPlatformApplication using Java 23.0.1 with PID 24012 (C:\Users\beyzanur\OneDrive\Desktop\loan_platform\target\classes started by beyzanur in C:\Users\beyzanur\OneDrive\Desktop\loan_platform)
2025-05-22 19:59:50 [main] DEBUG c.e.l.LoanPlatformApplication - Running with Spring Boot v3.2.0, Spring v6.1.1
2025-05-22 19:59:50 [main] INFO  c.e.l.LoanPlatformApplication - No active profile set, falling back to 1 default profile: "default"
2025-05-22 19:59:58 [main] DEBUG c.e.l.S.JwtAuthenticationFilter - Filter 'jwtAuthenticationFilter' configured for use
2025-05-22 20:00:03 [main] INFO  c.e.l.LoanPlatformApplication - Started LoanPlatformApplication in 13.275 seconds (process running for 14.32)
2025-05-22 20:00:37 [http-nio-9090-exec-1] INFO  c.e.l.Controller.AuthController - Login attempt for userId: aliSeccad@example.com
2025-05-22 20:00:37 [http-nio-9090-exec-1] INFO  c.e.l.Service.AuthService - Kullanıcı için giriş:  aliSeccad@example.com
2025-05-22 20:00:38 [http-nio-9090-exec-1] INFO  c.e.l.Service.AuthService - Kimlik doğrulama başarılı: aliSeccad@example.com
2025-05-22 20:00:38 [http-nio-9090-exec-1] DEBUG c.e.l.Service.AuthService - JWT token oluşturuldu: eyJhbGciOiJIUzI1NiJ9.eyJzdWIiOiJhbGlTZWNjYWRAZXhhbXBsZS5jb20iLCJyb2xlcyI6WyJST0xFX0FETUlOIl0sImlhdCI6MTc0NzkzMzIzOCwianRpIjoiZGYzM2I3YjUtYjNiMy00YTg4LWJiYzAtNTJlY2ZiZDUwOGZiIiwiZXhwIjoxNzQ3OTY5MjM4fQ.eAjHn_-YsnlfUSBQCLtOLdyiEq1viSSQ3aD4DCWVvZg
2025-05-22 20:00:38 [http-nio-9090-exec-1] INFO  c.e.l.Controller.AuthController - Login successful for userId: aliSeccad@example.com
2025-05-22 20:02:11 [http-nio-9090-exec-4] INFO  c.e.l.Service.BankAccountsService - Banka hesabı oluşturuluyor. Kullanıcı ID: 1, Banka: A Bankası, IBAN: TR000100020003000400050006
2025-05-22 20:02:11 [http-nio-9090-exec-4] INFO  c.e.l.Service.BankAccountsService - Banka hesabı başarıyla oluşturuldu. Kullanıcı ID: 1, Hesap ID: 2, IBAN: TR000100020003000400050006
2025-05-22 20:02:11 [http-nio-9090-exec-4] INFO  c.e.l.Service.AuditLogsService - Kullanıcı işlem kaydediliyor. Kullanıcı ID: 1, Aksiyon: BANKA HESABI BAŞARIYLA OLUŞTURULDU, Hesap Numarası: 0234567891234567
2025-05-22 20:02:11 [http-nio-9090-exec-4] INFO  c.e.l.Service.AuditLogsService - İşlem kaydedildi. Kullanıcı ID: 1, Aksiyon: BANKA HESABI BAŞARIYLA OLUŞTURULDU, Hesap Numarası: 0234567891234567
2025-05-22 20:02:11 [org.springframework.amqp.rabbit.RabbitListenerEndpointContainer#0-1] INFO  c.e.l.Messaging.NotificationConsumer - Yeni bildirim alındı: Yeni banka hesabınız başarıyla oluşturuldu. IBAN: TR000100020003000400050006
2025-05-22 20:02:11 [org.springframework.amqp.rabbit.RabbitListenerEndpointContainer#0-1] INFO  c.e.l.Service.NotificationsService - Bildirim veritabanına kaydedildi: Kullanıcı ID=1
2025-05-22 20:04:51 [main] INFO  c.e.l.LoanPlatformApplication - Starting LoanPlatformApplication using Java 23.0.1 with PID 24612 (C:\Users\beyzanur\OneDrive\Desktop\loan_platform\target\classes started by beyzanur in C:\Users\beyzanur\OneDrive\Desktop\loan_platform)
2025-05-22 20:04:51 [main] DEBUG c.e.l.LoanPlatformApplication - Running with Spring Boot v3.2.0, Spring v6.1.1
2025-05-22 20:04:51 [main] INFO  c.e.l.LoanPlatformApplication - No active profile set, falling back to 1 default profile: "default"
2025-05-22 20:04:58 [main] DEBUG c.e.l.S.JwtAuthenticationFilter - Filter 'jwtAuthenticationFilter' configured for use
2025-05-22 20:05:03 [main] INFO  c.e.l.LoanPlatformApplication - Started LoanPlatformApplication in 12.048 seconds (process running for 12.772)
2025-05-22 20:05:11 [http-nio-9090-exec-1] INFO  c.e.l.Controller.AuthController - Login attempt for userId: aliSeccad@example.com
2025-05-22 20:05:11 [http-nio-9090-exec-1] INFO  c.e.l.Service.AuthService - Kullanıcı için giriş:  aliSeccad@example.com
2025-05-22 20:05:11 [http-nio-9090-exec-1] INFO  c.e.l.Service.AuthService - Kimlik doğrulama başarılı: aliSeccad@example.com
2025-05-22 20:05:11 [http-nio-9090-exec-1] DEBUG c.e.l.Service.AuthService - JWT token oluşturuldu: eyJhbGciOiJIUzI1NiJ9.eyJzdWIiOiJhbGlTZWNjYWRAZXhhbXBsZS5jb20iLCJyb2xlcyI6WyJST0xFX0FETUlOIl0sImlhdCI6MTc0NzkzMzUxMSwianRpIjoiZjQ2ZjVlMDMtZjFmOS00M2NmLWJiNjMtYjAyMjNjYjdmNzJlIiwiZXhwIjoxNzQ3OTY5NTExfQ._ihVpnJJf8xmGQjjiqN0_A0OaND5N_g7y3Hqx075WAE
2025-05-22 20:05:11 [http-nio-9090-exec-1] INFO  c.e.l.Controller.AuthController - Login successful for userId: aliSeccad@example.com
2025-05-22 23:14:12 [main] INFO  c.e.l.LoanPlatformApplication - Starting LoanPlatformApplication using Java 23.0.1 with PID 22052 (C:\Users\beyzanur\OneDrive\Desktop\loan_platform\target\classes started by beyzanur in C:\Users\beyzanur\OneDrive\Desktop\loan_platform)
2025-05-22 23:14:12 [main] DEBUG c.e.l.LoanPlatformApplication - Running with Spring Boot v3.2.0, Spring v6.1.1
2025-05-22 23:14:12 [main] INFO  c.e.l.LoanPlatformApplication - No active profile set, falling back to 1 default profile: "default"
2025-05-22 23:14:20 [main] DEBUG c.e.l.S.JwtAuthenticationFilter - Filter 'jwtAuthenticationFilter' configured for use
2025-05-22 23:14:25 [main] INFO  c.e.l.LoanPlatformApplication - Started LoanPlatformApplication in 14.358 seconds (process running for 15.149)
2025-05-22 23:14:33 [http-nio-9090-exec-3] INFO  c.e.l.Controller.AuthController - Login attempt for userId: aliSeccad@example.com
2025-05-22 23:14:33 [http-nio-9090-exec-3] INFO  c.e.l.Service.AuthService - Kullanıcı için giriş:  aliSeccad@example.com
2025-05-22 23:14:33 [http-nio-9090-exec-3] INFO  c.e.l.Service.AuthService - Kimlik doğrulama başarılı: aliSeccad@example.com
2025-05-22 23:14:33 [http-nio-9090-exec-3] DEBUG c.e.l.Service.AuthService - JWT token oluşturuldu: eyJhbGciOiJIUzI1NiJ9.eyJzdWIiOiJhbGlTZWNjYWRAZXhhbXBsZS5jb20iLCJyb2xlcyI6WyJST0xFX0FETUlOIl0sImlhdCI6MTc0Nzk0NDg3MywianRpIjoiMzE2ZWNjM2ItYmNhZC00ZDY3LWFlNTctZTQ1MmU0MmM2YjhhIiwiZXhwIjoxNzQ3OTgwODczfQ.vHRTdRsfOc3a0LAgTxoQNLa2q2FTVmDiZjAR1EkC6e4
2025-05-22 23:14:33 [http-nio-9090-exec-3] INFO  c.e.l.Controller.AuthController - Login successful for userId: aliSeccad@example.com
2025-05-22 23:15:31 [http-nio-9090-exec-4] INFO  c.e.l.Service.BankAccountsService - Banka hesabı oluşturuluyor. Kullanıcı ID: 1, Banka: B Bankası, IBAN: TR0001000200030004000500060
2025-05-22 23:15:31 [http-nio-9090-exec-4] INFO  c.e.l.Service.BankAccountsService - Banka hesabı başarıyla oluşturuldu. Kullanıcı ID: 1, Hesap ID: 3, IBAN: TR0001000200030004000500060
2025-05-22 23:15:31 [http-nio-9090-exec-4] INFO  c.e.l.Service.AuditLogsService - Kullanıcı işlem kaydediliyor. Kullanıcı ID: 1, Aksiyon: BANKA HESABI BAŞARIYLA OLUŞTURULDU, Hesap Numarası: 02345678912
2025-05-22 23:15:31 [http-nio-9090-exec-4] INFO  c.e.l.Service.AuditLogsService - İşlem kaydedildi. Kullanıcı ID: 1, Aksiyon: BANKA HESABI BAŞARIYLA OLUŞTURULDU, Hesap Numarası: 02345678912
2025-05-22 23:15:31 [org.springframework.amqp.rabbit.RabbitListenerEndpointContainer#0-1] INFO  c.e.l.Messaging.NotificationConsumer - Yeni bildirim alındı: Yeni banka hesabınız başarıyla oluşturuldu. IBAN: TR0001000200030004000500060
2025-05-22 23:15:31 [org.springframework.amqp.rabbit.RabbitListenerEndpointContainer#0-1] INFO  c.e.l.Service.NotificationsService - Bildirim veritabanına kaydedildi: Kullanıcı ID=1
2025-05-22 23:17:42 [main] INFO  c.e.l.LoanPlatformApplication - Starting LoanPlatformApplication using Java 23.0.1 with PID 9628 (C:\Users\beyzanur\OneDrive\Desktop\loan_platform\target\classes started by beyzanur in C:\Users\beyzanur\OneDrive\Desktop\loan_platform)
2025-05-22 23:17:42 [main] DEBUG c.e.l.LoanPlatformApplication - Running with Spring Boot v3.2.0, Spring v6.1.1
2025-05-22 23:17:42 [main] INFO  c.e.l.LoanPlatformApplication - No active profile set, falling back to 1 default profile: "default"
2025-05-22 23:17:50 [main] DEBUG c.e.l.S.JwtAuthenticationFilter - Filter 'jwtAuthenticationFilter' configured for use
2025-05-22 23:17:54 [main] INFO  c.e.l.LoanPlatformApplication - Started LoanPlatformApplication in 13.034 seconds (process running for 13.859)
2025-05-22 23:18:04 [http-nio-9090-exec-2] INFO  c.e.l.Controller.AuthController - Login attempt for userId: aliSeccad@example.com
2025-05-22 23:18:04 [http-nio-9090-exec-2] INFO  c.e.l.Service.AuthService - Kullanıcı için giriş:  aliSeccad@example.com
2025-05-22 23:18:05 [http-nio-9090-exec-2] INFO  c.e.l.Service.AuthService - Kimlik doğrulama başarılı: aliSeccad@example.com
2025-05-22 23:18:05 [http-nio-9090-exec-2] DEBUG c.e.l.Service.AuthService - JWT token oluşturuldu: eyJhbGciOiJIUzI1NiJ9.eyJzdWIiOiJhbGlTZWNjYWRAZXhhbXBsZS5jb20iLCJyb2xlcyI6WyJST0xFX0FETUlOIl0sImlhdCI6MTc0Nzk0NTA4NSwianRpIjoiOTI2YTU2M2ItYTNlYy00ODRiLWE3ODItMzc0YzAxNTA3MGY1IiwiZXhwIjoxNzQ3OTgxMDg1fQ.WY6sfodqBl8nDGqDCgICIUx4aEGRsKlhoqQO55B0Ywk
2025-05-22 23:18:05 [http-nio-9090-exec-2] INFO  c.e.l.Controller.AuthController - Login successful for userId: aliSeccad@example.com
2025-05-22 23:22:10 [main] INFO  c.e.l.LoanPlatformApplication - Starting LoanPlatformApplication using Java 23.0.1 with PID 25808 (C:\Users\beyzanur\OneDrive\Desktop\loan_platform\target\classes started by beyzanur in C:\Users\beyzanur\OneDrive\Desktop\loan_platform)
2025-05-22 23:22:10 [main] DEBUG c.e.l.LoanPlatformApplication - Running with Spring Boot v3.2.0, Spring v6.1.1
2025-05-22 23:22:10 [main] INFO  c.e.l.LoanPlatformApplication - No active profile set, falling back to 1 default profile: "default"
2025-05-22 23:22:18 [main] DEBUG c.e.l.S.JwtAuthenticationFilter - Filter 'jwtAuthenticationFilter' configured for use
2025-05-22 23:22:23 [main] INFO  c.e.l.LoanPlatformApplication - Started LoanPlatformApplication in 13.103 seconds (process running for 14.077)
2025-05-22 23:22:34 [http-nio-9090-exec-2] INFO  c.e.l.Controller.AuthController - Login attempt for userId: aliSeccad@example.com
2025-05-22 23:22:34 [http-nio-9090-exec-2] INFO  c.e.l.Service.AuthService - Kullanıcı için giriş:  aliSeccad@example.com
2025-05-22 23:22:34 [http-nio-9090-exec-2] INFO  c.e.l.Service.AuthService - Kimlik doğrulama başarılı: aliSeccad@example.com
2025-05-22 23:22:34 [http-nio-9090-exec-2] DEBUG c.e.l.Service.AuthService - JWT token oluşturuldu: eyJhbGciOiJIUzI1NiJ9.eyJzdWIiOiJhbGlTZWNjYWRAZXhhbXBsZS5jb20iLCJyb2xlcyI6WyJST0xFX0FETUlOIl0sImlhdCI6MTc0Nzk0NTM1NCwianRpIjoiMmQ2YTY2ZTctODA3My00NWJiLWI5NDgtNWUwNDVjOTJjZjVhIiwiZXhwIjoxNzQ3OTgxMzU0fQ.uSe9EpnmQFG-UX2fwuILfncqsj9jh1Lqd_NGrF6HL9I
2025-05-22 23:22:34 [http-nio-9090-exec-2] INFO  c.e.l.Controller.AuthController - Login successful for userId: aliSeccad@example.com
2025-05-22 23:25:13 [main] INFO  c.e.l.LoanPlatformApplication - Starting LoanPlatformApplication using Java 23.0.1 with PID 21608 (C:\Users\beyzanur\OneDrive\Desktop\loan_platform\target\classes started by beyzanur in C:\Users\beyzanur\OneDrive\Desktop\loan_platform)
2025-05-22 23:25:13 [main] DEBUG c.e.l.LoanPlatformApplication - Running with Spring Boot v3.2.0, Spring v6.1.1
2025-05-22 23:25:13 [main] INFO  c.e.l.LoanPlatformApplication - No active profile set, falling back to 1 default profile: "default"
2025-05-22 23:25:22 [main] DEBUG c.e.l.S.JwtAuthenticationFilter - Filter 'jwtAuthenticationFilter' configured for use
2025-05-22 23:25:29 [main] INFO  c.e.l.LoanPlatformApplication - Started LoanPlatformApplication in 16.869 seconds (process running for 17.652)
2025-05-22 23:26:58 [http-nio-9090-exec-2] INFO  c.e.l.Controller.AuthController - Login attempt for userId: aliSeccad@example.com
2025-05-22 23:26:58 [http-nio-9090-exec-2] INFO  c.e.l.Service.AuthService - Kullanıcı için giriş:  aliSeccad@example.com
2025-05-22 23:26:58 [http-nio-9090-exec-2] INFO  c.e.l.Service.AuthService - Kimlik doğrulama başarılı: aliSeccad@example.com
2025-05-22 23:26:58 [http-nio-9090-exec-2] DEBUG c.e.l.Service.AuthService - JWT token oluşturuldu: eyJhbGciOiJIUzI1NiJ9.eyJzdWIiOiJhbGlTZWNjYWRAZXhhbXBsZS5jb20iLCJyb2xlcyI6WyJST0xFX0FETUlOIl0sImlhdCI6MTc0Nzk0NTYxOCwianRpIjoiYTJmZTIzN2MtYzhjYS00YmVlLTliMmEtNmJmNzNlYmIwZTAzIiwiZXhwIjoxNzQ3OTgxNjE4fQ.f7Jl-hUUZqxJKWOl5smeOedfPdrpzk5q0xQKbHmMDk8
2025-05-22 23:26:58 [http-nio-9090-exec-2] INFO  c.e.l.Controller.AuthController - Login successful for userId: aliSeccad@example.com
2025-05-22 23:27:45 [main] INFO  c.e.l.LoanPlatformApplication - Starting LoanPlatformApplication using Java 23.0.1 with PID 22592 (C:\Users\beyzanur\OneDrive\Desktop\loan_platform\target\classes started by beyzanur in C:\Users\beyzanur\OneDrive\Desktop\loan_platform)
2025-05-22 23:27:45 [main] DEBUG c.e.l.LoanPlatformApplication - Running with Spring Boot v3.2.0, Spring v6.1.1
2025-05-22 23:27:45 [main] INFO  c.e.l.LoanPlatformApplication - No active profile set, falling back to 1 default profile: "default"
2025-05-22 23:27:52 [main] DEBUG c.e.l.S.JwtAuthenticationFilter - Filter 'jwtAuthenticationFilter' configured for use
2025-05-22 23:27:57 [main] INFO  c.e.l.LoanPlatformApplication - Started LoanPlatformApplication in 12.847 seconds (process running for 13.78)
2025-05-22 23:28:03 [http-nio-9090-exec-3] INFO  c.e.l.Controller.AuthController - Login attempt for userId: aliSeccad@example.com
2025-05-22 23:28:03 [http-nio-9090-exec-3] INFO  c.e.l.Service.AuthService - Kullanıcı için giriş:  aliSeccad@example.com
2025-05-22 23:28:03 [http-nio-9090-exec-3] INFO  c.e.l.Service.AuthService - Kimlik doğrulama başarılı: aliSeccad@example.com
2025-05-22 23:28:03 [http-nio-9090-exec-3] DEBUG c.e.l.Service.AuthService - JWT token oluşturuldu: eyJhbGciOiJIUzI1NiJ9.eyJzdWIiOiJhbGlTZWNjYWRAZXhhbXBsZS5jb20iLCJyb2xlcyI6WyJST0xFX0FETUlOIl0sImlhdCI6MTc0Nzk0NTY4MywianRpIjoiYjNlY2JjMWItZTk5Ny00MTlhLTk1OWQtNGI2YjkyYmRkZTJhIiwiZXhwIjoxNzQ3OTgxNjgzfQ.T32-BHWVUAjgJPkVJe3LijbGNHZcjO5hLY-BdErxmeU
2025-05-22 23:28:03 [http-nio-9090-exec-3] INFO  c.e.l.Controller.AuthController - Login successful for userId: aliSeccad@example.com
2025-05-22 23:29:05 [main] INFO  c.e.l.LoanPlatformApplication - Starting LoanPlatformApplication using Java 23.0.1 with PID 25836 (C:\Users\beyzanur\OneDrive\Desktop\loan_platform\target\classes started by beyzanur in C:\Users\beyzanur\OneDrive\Desktop\loan_platform)
2025-05-22 23:29:05 [main] DEBUG c.e.l.LoanPlatformApplication - Running with Spring Boot v3.2.0, Spring v6.1.1
2025-05-22 23:29:05 [main] INFO  c.e.l.LoanPlatformApplication - No active profile set, falling back to 1 default profile: "default"
2025-05-22 23:29:12 [main] DEBUG c.e.l.S.JwtAuthenticationFilter - Filter 'jwtAuthenticationFilter' configured for use
2025-05-22 23:29:16 [main] INFO  c.e.l.LoanPlatformApplication - Started LoanPlatformApplication in 11.969 seconds (process running for 12.81)
2025-05-22 23:29:29 [http-nio-9090-exec-3] INFO  c.e.l.Controller.AuthController - Login attempt for userId: aliSeccad@example.com
2025-05-22 23:29:29 [http-nio-9090-exec-3] INFO  c.e.l.Service.AuthService - Kullanıcı için giriş:  aliSeccad@example.com
2025-05-22 23:29:29 [http-nio-9090-exec-3] INFO  c.e.l.Service.AuthService - Kimlik doğrulama başarılı: aliSeccad@example.com
2025-05-22 23:29:29 [http-nio-9090-exec-3] DEBUG c.e.l.Service.AuthService - JWT token oluşturuldu: eyJhbGciOiJIUzI1NiJ9.eyJzdWIiOiJhbGlTZWNjYWRAZXhhbXBsZS5jb20iLCJyb2xlcyI6WyJST0xFX0FETUlOIl0sImlhdCI6MTc0Nzk0NTc2OSwianRpIjoiNGMwZDkxMTQtNmZmZC00MWE3LWJiMDItNTdhZDM0MDc2YTg3IiwiZXhwIjoxNzQ3OTgxNzY5fQ.OJ4cmA9ZtSnotBQaE6xyAxDca4wYI9efHJQHyLztEeo
2025-05-22 23:29:29 [http-nio-9090-exec-3] INFO  c.e.l.Controller.AuthController - Login successful for userId: aliSeccad@example.com
2025-05-22 23:31:41 [main] INFO  c.e.l.LoanPlatformApplication - Starting LoanPlatformApplication using Java 23.0.1 with PID 25116 (C:\Users\beyzanur\OneDrive\Desktop\loan_platform\target\classes started by beyzanur in C:\Users\beyzanur\OneDrive\Desktop\loan_platform)
2025-05-22 23:31:41 [main] DEBUG c.e.l.LoanPlatformApplication - Running with Spring Boot v3.2.0, Spring v6.1.1
2025-05-22 23:31:41 [main] INFO  c.e.l.LoanPlatformApplication - No active profile set, falling back to 1 default profile: "default"
2025-05-22 23:31:47 [main] DEBUG c.e.l.S.JwtAuthenticationFilter - Filter 'jwtAuthenticationFilter' configured for use
2025-05-22 23:31:52 [main] INFO  c.e.l.LoanPlatformApplication - Started LoanPlatformApplication in 11.828 seconds (process running for 12.57)
2025-05-22 23:32:03 [http-nio-9090-exec-1] INFO  c.e.l.Controller.AuthController - Login attempt for userId: aliSeccad@example.com
2025-05-22 23:32:03 [http-nio-9090-exec-1] INFO  c.e.l.Service.AuthService - Kullanıcı için giriş:  aliSeccad@example.com
2025-05-22 23:32:03 [http-nio-9090-exec-1] INFO  c.e.l.Service.AuthService - Kimlik doğrulama başarılı: aliSeccad@example.com
2025-05-22 23:32:03 [http-nio-9090-exec-1] DEBUG c.e.l.Service.AuthService - JWT token oluşturuldu: eyJhbGciOiJIUzI1NiJ9.eyJzdWIiOiJhbGlTZWNjYWRAZXhhbXBsZS5jb20iLCJyb2xlcyI6WyJST0xFX0FETUlOIl0sImlhdCI6MTc0Nzk0NTkyMywianRpIjoiZTRlMDc2YzItM2M2OC00NWJjLTgxNzItNDM1Y2E0NjhhNjEyIiwiZXhwIjoxNzQ3OTgxOTIzfQ.CIJEjT-mrByKIEW-xu7e02w3bbd086r8kh5ehROGD3U
2025-05-22 23:32:03 [http-nio-9090-exec-1] INFO  c.e.l.Controller.AuthController - Login successful for userId: aliSeccad@example.com
2025-05-22 23:58:42 [main] INFO  c.e.l.LoanPlatformApplication - Starting LoanPlatformApplication using Java 23.0.1 with PID 21408 (C:\Users\beyzanur\OneDrive\Desktop\loan_platform\target\classes started by beyzanur in C:\Users\beyzanur\OneDrive\Desktop\loan_platform)
2025-05-22 23:58:42 [main] DEBUG c.e.l.LoanPlatformApplication - Running with Spring Boot v3.2.0, Spring v6.1.1
2025-05-22 23:58:42 [main] INFO  c.e.l.LoanPlatformApplication - No active profile set, falling back to 1 default profile: "default"
2025-05-22 23:58:49 [main] DEBUG c.e.l.S.JwtAuthenticationFilter - Filter 'jwtAuthenticationFilter' configured for use
2025-05-22 23:58:54 [main] INFO  c.e.l.LoanPlatformApplication - Started LoanPlatformApplication in 12.535 seconds (process running for 13.344)
2025-05-22 23:58:59 [http-nio-9090-exec-2] INFO  c.e.l.Controller.AuthController - Login attempt for userId: aliSeccad@example.com
2025-05-22 23:58:59 [http-nio-9090-exec-2] INFO  c.e.l.Service.AuthService - Kullanıcı için giriş:  aliSeccad@example.com
2025-05-22 23:59:00 [http-nio-9090-exec-2] INFO  c.e.l.Service.AuthService - Kimlik doğrulama başarılı: aliSeccad@example.com
2025-05-22 23:59:00 [http-nio-9090-exec-2] DEBUG c.e.l.Service.AuthService - JWT token oluşturuldu: eyJhbGciOiJIUzI1NiJ9.eyJzdWIiOiJhbGlTZWNjYWRAZXhhbXBsZS5jb20iLCJyb2xlcyI6WyJST0xFX0FETUlOIl0sImlhdCI6MTc0Nzk0NzU0MCwianRpIjoiYjEyMTZhYWQtMGFkMS00YjIxLWI3NjMtZTg2MDdlMGVhOWIzIiwiZXhwIjoxNzQ3OTgzNTQwfQ.9tMqW4SpmlCzBDYtQO0iw-0EKM1cbN_nnD0nW6hs60o
2025-05-22 23:59:00 [http-nio-9090-exec-2] INFO  c.e.l.Controller.AuthController - Login successful for userId: aliSeccad@example.com
